[0.036s] Invoking command in '/home/luiz/robotica/build/action_tutorials_interfaces': CMAKE_PREFIX_PATH=${CMAKE_PREFIX_PATH}:/opt/ros/humble /usr/bin/cmake --build /home/luiz/robotica/build/action_tutorials_interfaces -- -j12 -l12
[0.250s] [  9%] Built target action_tutorials_interfaces__rosidl_generator_c
[0.250s] [ 12%] Built target action_tutorials_interfaces__cpp
[0.250s] [ 12%] Built target ament_cmake_python_copy_action_tutorials_interfaces
[0.250s] [ 22%] Built target action_tutorials_interfaces__rosidl_typesupport_c
[0.250s] [ 32%] Built target action_tutorials_interfaces__rosidl_typesupport_introspection_c
[0.250s] [ 41%] Built target action_tutorials_interfaces__rosidl_typesupport_fastrtps_cpp
[0.250s] [ 54%] Built target action_tutorials_interfaces__rosidl_typesupport_introspection_cpp
[0.250s] [ 61%] Built target action_tutorials_interfaces__rosidl_typesupport_fastrtps_c
[0.250s] [ 70%] Built target action_tutorials_interfaces__rosidl_typesupport_cpp
[0.250s] [ 70%] Built target action_tutorials_interfaces
[0.250s] [ 74%] Built target action_tutorials_interfaces__py
[0.250s] [ 80%] Built target action_tutorials_interfaces__rosidl_generator_py
[0.250s] [ 93%] Built target action_tutorials_interfaces__rosidl_typesupport_introspection_c__pyext
[0.250s] [ 93%] Built target action_tutorials_interfaces__rosidl_typesupport_fastrtps_c__pyext
[0.250s] [100%] Built target action_tutorials_interfaces__rosidl_typesupport_c__pyext
[0.273s] running egg_info
[0.273s] writing action_tutorials_interfaces.egg-info/PKG-INFO
[0.273s] writing dependency_links to action_tutorials_interfaces.egg-info/dependency_links.txt
[0.273s] writing top-level names to action_tutorials_interfaces.egg-info/top_level.txt
[0.276s] reading manifest file 'action_tutorials_interfaces.egg-info/SOURCES.txt'
[0.276s] writing manifest file 'action_tutorials_interfaces.egg-info/SOURCES.txt'
[0.293s] [100%] Built target ament_cmake_python_build_action_tutorials_interfaces_egg
[0.336s] Invoked command in '/home/luiz/robotica/build/action_tutorials_interfaces' returned '0': CMAKE_PREFIX_PATH=${CMAKE_PREFIX_PATH}:/opt/ros/humble /usr/bin/cmake --build /home/luiz/robotica/build/action_tutorials_interfaces -- -j12 -l12
[0.337s] Invoking command in '/home/luiz/robotica/build/action_tutorials_interfaces': CMAKE_PREFIX_PATH=${CMAKE_PREFIX_PATH}:/opt/ros/humble /usr/bin/cmake --install /home/luiz/robotica/build/action_tutorials_interfaces
[0.346s] -- Install configuration: ""
[0.346s] -- Up-to-date: /home/luiz/robotica/install/action_tutorials_interfaces/share/ament_index/resource_index/rosidl_interfaces/action_tutorials_interfaces
[0.346s] -- Up-to-date: /home/luiz/robotica/install/action_tutorials_interfaces/include/action_tutorials_interfaces/action_tutorials_interfaces
[0.346s] -- Up-to-date: /home/luiz/robotica/install/action_tutorials_interfaces/include/action_tutorials_interfaces/action_tutorials_interfaces/msg
[0.346s] -- Up-to-date: /home/luiz/robotica/install/action_tutorials_interfaces/include/action_tutorials_interfaces/action_tutorials_interfaces/msg/rosidl_generator_c__visibility_control.h
[0.346s] -- Up-to-date: /home/luiz/robotica/install/action_tutorials_interfaces/include/action_tutorials_interfaces/action_tutorials_interfaces/action
[0.346s] -- Up-to-date: /home/luiz/robotica/install/action_tutorials_interfaces/include/action_tutorials_interfaces/action_tutorials_interfaces/action/fibonacci.h
[0.346s] -- Up-to-date: /home/luiz/robotica/install/action_tutorials_interfaces/include/action_tutorials_interfaces/action_tutorials_interfaces/action/detail
[0.346s] -- Up-to-date: /home/luiz/robotica/install/action_tutorials_interfaces/include/action_tutorials_interfaces/action_tutorials_interfaces/action/detail/fibonacci__functions.h
[0.346s] -- Up-to-date: /home/luiz/robotica/install/action_tutorials_interfaces/include/action_tutorials_interfaces/action_tutorials_interfaces/action/detail/fibonacci__functions.c
[0.346s] -- Up-to-date: /home/luiz/robotica/install/action_tutorials_interfaces/include/action_tutorials_interfaces/action_tutorials_interfaces/action/detail/fibonacci__struct.h
[0.347s] -- Up-to-date: /home/luiz/robotica/install/action_tutorials_interfaces/include/action_tutorials_interfaces/action_tutorials_interfaces/action/detail/fibonacci__type_support.h
[0.347s] -- Up-to-date: /home/luiz/robotica/install/action_tutorials_interfaces/share/action_tutorials_interfaces/environment/library_path.sh
[0.347s] -- Up-to-date: /home/luiz/robotica/install/action_tutorials_interfaces/share/action_tutorials_interfaces/environment/library_path.dsv
[0.347s] -- Up-to-date: /home/luiz/robotica/install/action_tutorials_interfaces/lib/libaction_tutorials_interfaces__rosidl_generator_c.so
[0.347s] -- Up-to-date: /home/luiz/robotica/install/action_tutorials_interfaces/include/action_tutorials_interfaces/action_tutorials_interfaces
[0.347s] -- Up-to-date: /home/luiz/robotica/install/action_tutorials_interfaces/include/action_tutorials_interfaces/action_tutorials_interfaces/msg
[0.347s] -- Up-to-date: /home/luiz/robotica/install/action_tutorials_interfaces/include/action_tutorials_interfaces/action_tutorials_interfaces/msg/rosidl_typesupport_fastrtps_c__visibility_control.h
[0.347s] -- Up-to-date: /home/luiz/robotica/install/action_tutorials_interfaces/include/action_tutorials_interfaces/action_tutorials_interfaces/action
[0.347s] -- Up-to-date: /home/luiz/robotica/install/action_tutorials_interfaces/include/action_tutorials_interfaces/action_tutorials_interfaces/action/detail
[0.347s] -- Up-to-date: /home/luiz/robotica/install/action_tutorials_interfaces/include/action_tutorials_interfaces/action_tutorials_interfaces/action/detail/fibonacci__rosidl_typesupport_fastrtps_c.h
[0.347s] -- Up-to-date: /home/luiz/robotica/install/action_tutorials_interfaces/lib/libaction_tutorials_interfaces__rosidl_typesupport_fastrtps_c.so
[0.347s] -- Up-to-date: /home/luiz/robotica/install/action_tutorials_interfaces/include/action_tutorials_interfaces/action_tutorials_interfaces
[0.348s] -- Up-to-date: /home/luiz/robotica/install/action_tutorials_interfaces/include/action_tutorials_interfaces/action_tutorials_interfaces/msg
[0.348s] -- Up-to-date: /home/luiz/robotica/install/action_tutorials_interfaces/include/action_tutorials_interfaces/action_tutorials_interfaces/msg/rosidl_typesupport_introspection_c__visibility_control.h
[0.348s] -- Up-to-date: /home/luiz/robotica/install/action_tutorials_interfaces/include/action_tutorials_interfaces/action_tutorials_interfaces/action
[0.348s] -- Up-to-date: /home/luiz/robotica/install/action_tutorials_interfaces/include/action_tutorials_interfaces/action_tutorials_interfaces/action/detail
[0.348s] -- Up-to-date: /home/luiz/robotica/install/action_tutorials_interfaces/include/action_tutorials_interfaces/action_tutorials_interfaces/action/detail/fibonacci__rosidl_typesupport_introspection_c.h
[0.348s] -- Up-to-date: /home/luiz/robotica/install/action_tutorials_interfaces/include/action_tutorials_interfaces/action_tutorials_interfaces/action/detail/fibonacci__type_support.c
[0.348s] -- Up-to-date: /home/luiz/robotica/install/action_tutorials_interfaces/lib/libaction_tutorials_interfaces__rosidl_typesupport_introspection_c.so
[0.348s] -- Up-to-date: /home/luiz/robotica/install/action_tutorials_interfaces/lib/libaction_tutorials_interfaces__rosidl_typesupport_c.so
[0.349s] -- Up-to-date: /home/luiz/robotica/install/action_tutorials_interfaces/include/action_tutorials_interfaces/action_tutorials_interfaces
[0.349s] -- Up-to-date: /home/luiz/robotica/install/action_tutorials_interfaces/include/action_tutorials_interfaces/action_tutorials_interfaces/msg
[0.349s] -- Up-to-date: /home/luiz/robotica/install/action_tutorials_interfaces/include/action_tutorials_interfaces/action_tutorials_interfaces/msg/rosidl_generator_cpp__visibility_control.hpp
[0.349s] -- Up-to-date: /home/luiz/robotica/install/action_tutorials_interfaces/include/action_tutorials_interfaces/action_tutorials_interfaces/action
[0.349s] -- Up-to-date: /home/luiz/robotica/install/action_tutorials_interfaces/include/action_tutorials_interfaces/action_tutorials_interfaces/action/detail
[0.349s] -- Up-to-date: /home/luiz/robotica/install/action_tutorials_interfaces/include/action_tutorials_interfaces/action_tutorials_interfaces/action/detail/fibonacci__builder.hpp
[0.349s] -- Up-to-date: /home/luiz/robotica/install/action_tutorials_interfaces/include/action_tutorials_interfaces/action_tutorials_interfaces/action/detail/fibonacci__struct.hpp
[0.349s] -- Up-to-date: /home/luiz/robotica/install/action_tutorials_interfaces/include/action_tutorials_interfaces/action_tutorials_interfaces/action/detail/fibonacci__traits.hpp
[0.349s] -- Up-to-date: /home/luiz/robotica/install/action_tutorials_interfaces/include/action_tutorials_interfaces/action_tutorials_interfaces/action/detail/fibonacci__type_support.hpp
[0.350s] -- Up-to-date: /home/luiz/robotica/install/action_tutorials_interfaces/include/action_tutorials_interfaces/action_tutorials_interfaces/action/fibonacci.hpp
[0.350s] -- Up-to-date: /home/luiz/robotica/install/action_tutorials_interfaces/include/action_tutorials_interfaces/action_tutorials_interfaces
[0.350s] -- Up-to-date: /home/luiz/robotica/install/action_tutorials_interfaces/include/action_tutorials_interfaces/action_tutorials_interfaces/msg
[0.350s] -- Up-to-date: /home/luiz/robotica/install/action_tutorials_interfaces/include/action_tutorials_interfaces/action_tutorials_interfaces/msg/rosidl_typesupport_fastrtps_cpp__visibility_control.h
[0.350s] -- Up-to-date: /home/luiz/robotica/install/action_tutorials_interfaces/include/action_tutorials_interfaces/action_tutorials_interfaces/action
[0.350s] -- Up-to-date: /home/luiz/robotica/install/action_tutorials_interfaces/include/action_tutorials_interfaces/action_tutorials_interfaces/action/detail
[0.350s] -- Up-to-date: /home/luiz/robotica/install/action_tutorials_interfaces/include/action_tutorials_interfaces/action_tutorials_interfaces/action/detail/fibonacci__rosidl_typesupport_fastrtps_cpp.hpp
[0.350s] -- Up-to-date: /home/luiz/robotica/install/action_tutorials_interfaces/include/action_tutorials_interfaces/action_tutorials_interfaces/action/detail/dds_fastrtps
[0.350s] -- Up-to-date: /home/luiz/robotica/install/action_tutorials_interfaces/lib/libaction_tutorials_interfaces__rosidl_typesupport_fastrtps_cpp.so
[0.350s] -- Up-to-date: /home/luiz/robotica/install/action_tutorials_interfaces/include/action_tutorials_interfaces/action_tutorials_interfaces
[0.350s] -- Up-to-date: /home/luiz/robotica/install/action_tutorials_interfaces/include/action_tutorials_interfaces/action_tutorials_interfaces/action
[0.350s] -- Up-to-date: /home/luiz/robotica/install/action_tutorials_interfaces/include/action_tutorials_interfaces/action_tutorials_interfaces/action/detail
[0.350s] -- Up-to-date: /home/luiz/robotica/install/action_tutorials_interfaces/include/action_tutorials_interfaces/action_tutorials_interfaces/action/detail/fibonacci__rosidl_typesupport_introspection_cpp.hpp
[0.350s] -- Up-to-date: /home/luiz/robotica/install/action_tutorials_interfaces/include/action_tutorials_interfaces/action_tutorials_interfaces/action/detail/fibonacci__type_support.cpp
[0.350s] -- Up-to-date: /home/luiz/robotica/install/action_tutorials_interfaces/lib/libaction_tutorials_interfaces__rosidl_typesupport_introspection_cpp.so
[0.350s] -- Up-to-date: /home/luiz/robotica/install/action_tutorials_interfaces/lib/libaction_tutorials_interfaces__rosidl_typesupport_cpp.so
[0.352s] -- Up-to-date: /home/luiz/robotica/install/action_tutorials_interfaces/share/action_tutorials_interfaces/environment/pythonpath.sh
[0.352s] -- Up-to-date: /home/luiz/robotica/install/action_tutorials_interfaces/share/action_tutorials_interfaces/environment/pythonpath.dsv
[0.352s] -- Up-to-date: /home/luiz/robotica/install/action_tutorials_interfaces/local/lib/python3.10/dist-packages/action_tutorials_interfaces-0.0.0-py3.10.egg-info
[0.352s] -- Installing: /home/luiz/robotica/install/action_tutorials_interfaces/local/lib/python3.10/dist-packages/action_tutorials_interfaces-0.0.0-py3.10.egg-info/PKG-INFO
[0.352s] -- Installing: /home/luiz/robotica/install/action_tutorials_interfaces/local/lib/python3.10/dist-packages/action_tutorials_interfaces-0.0.0-py3.10.egg-info/SOURCES.txt
[0.352s] -- Installing: /home/luiz/robotica/install/action_tutorials_interfaces/local/lib/python3.10/dist-packages/action_tutorials_interfaces-0.0.0-py3.10.egg-info/dependency_links.txt
[0.352s] -- Installing: /home/luiz/robotica/install/action_tutorials_interfaces/local/lib/python3.10/dist-packages/action_tutorials_interfaces-0.0.0-py3.10.egg-info/top_level.txt
[0.352s] -- Up-to-date: /home/luiz/robotica/install/action_tutorials_interfaces/local/lib/python3.10/dist-packages/action_tutorials_interfaces
[0.352s] -- Up-to-date: /home/luiz/robotica/install/action_tutorials_interfaces/local/lib/python3.10/dist-packages/action_tutorials_interfaces/_action_tutorials_interfaces_s.ep.rosidl_typesupport_c.c
[0.352s] -- Up-to-date: /home/luiz/robotica/install/action_tutorials_interfaces/local/lib/python3.10/dist-packages/action_tutorials_interfaces/__init__.py
[0.352s] -- Up-to-date: /home/luiz/robotica/install/action_tutorials_interfaces/local/lib/python3.10/dist-packages/action_tutorials_interfaces/action_tutorials_interfaces_s__rosidl_typesupport_c.cpython-310-x86_64-linux-gnu.so
[0.352s] -- Up-to-date: /home/luiz/robotica/install/action_tutorials_interfaces/local/lib/python3.10/dist-packages/action_tutorials_interfaces/_action_tutorials_interfaces_s.ep.rosidl_typesupport_introspection_c.c
[0.352s] -- Up-to-date: /home/luiz/robotica/install/action_tutorials_interfaces/local/lib/python3.10/dist-packages/action_tutorials_interfaces/action_tutorials_interfaces_s__rosidl_typesupport_fastrtps_c.cpython-310-x86_64-linux-gnu.so
[0.355s] -- Up-to-date: /home/luiz/robotica/install/action_tutorials_interfaces/local/lib/python3.10/dist-packages/action_tutorials_interfaces/libaction_tutorials_interfaces__rosidl_generator_py.so
[0.355s] -- Up-to-date: /home/luiz/robotica/install/action_tutorials_interfaces/local/lib/python3.10/dist-packages/action_tutorials_interfaces/action_tutorials_interfaces_s__rosidl_typesupport_introspection_c.cpython-310-x86_64-linux-gnu.so
[0.356s] -- Up-to-date: /home/luiz/robotica/install/action_tutorials_interfaces/local/lib/python3.10/dist-packages/action_tutorials_interfaces/_action_tutorials_interfaces_s.ep.rosidl_typesupport_fastrtps_c.c
[0.356s] -- Up-to-date: /home/luiz/robotica/install/action_tutorials_interfaces/local/lib/python3.10/dist-packages/action_tutorials_interfaces/action
[0.356s] -- Up-to-date: /home/luiz/robotica/install/action_tutorials_interfaces/local/lib/python3.10/dist-packages/action_tutorials_interfaces/action/_fibonacci_s.c
[0.356s] -- Up-to-date: /home/luiz/robotica/install/action_tutorials_interfaces/local/lib/python3.10/dist-packages/action_tutorials_interfaces/action/_fibonacci.py
[0.356s] -- Up-to-date: /home/luiz/robotica/install/action_tutorials_interfaces/local/lib/python3.10/dist-packages/action_tutorials_interfaces/action/__init__.py
[0.386s] Listing '/home/luiz/robotica/install/action_tutorials_interfaces/local/lib/python3.10/dist-packages/action_tutorials_interfaces'...
[0.386s] Listing '/home/luiz/robotica/install/action_tutorials_interfaces/local/lib/python3.10/dist-packages/action_tutorials_interfaces/action'...
[0.389s] -- Up-to-date: /home/luiz/robotica/install/action_tutorials_interfaces/local/lib/python3.10/dist-packages/action_tutorials_interfaces/action_tutorials_interfaces_s__rosidl_typesupport_fastrtps_c.cpython-310-x86_64-linux-gnu.so
[0.389s] -- Up-to-date: /home/luiz/robotica/install/action_tutorials_interfaces/local/lib/python3.10/dist-packages/action_tutorials_interfaces/action_tutorials_interfaces_s__rosidl_typesupport_introspection_c.cpython-310-x86_64-linux-gnu.so
[0.389s] -- Up-to-date: /home/luiz/robotica/install/action_tutorials_interfaces/local/lib/python3.10/dist-packages/action_tutorials_interfaces/action_tutorials_interfaces_s__rosidl_typesupport_c.cpython-310-x86_64-linux-gnu.so
[0.389s] -- Up-to-date: /home/luiz/robotica/install/action_tutorials_interfaces/lib/libaction_tutorials_interfaces__rosidl_generator_py.so
[0.389s] -- Up-to-date: /home/luiz/robotica/install/action_tutorials_interfaces/share/action_tutorials_interfaces/action/Fibonacci.idl
[0.389s] -- Up-to-date: /home/luiz/robotica/install/action_tutorials_interfaces/share/action_tutorials_interfaces/action/Fibonacci.action
[0.389s] -- Up-to-date: /home/luiz/robotica/install/action_tutorials_interfaces/share/ament_index/resource_index/package_run_dependencies/action_tutorials_interfaces
[0.390s] -- Up-to-date: /home/luiz/robotica/install/action_tutorials_interfaces/share/ament_index/resource_index/parent_prefix_path/action_tutorials_interfaces
[0.390s] -- Up-to-date: /home/luiz/robotica/install/action_tutorials_interfaces/share/action_tutorials_interfaces/environment/ament_prefix_path.sh
[0.390s] -- Up-to-date: /home/luiz/robotica/install/action_tutorials_interfaces/share/action_tutorials_interfaces/environment/ament_prefix_path.dsv
[0.390s] -- Up-to-date: /home/luiz/robotica/install/action_tutorials_interfaces/share/action_tutorials_interfaces/environment/path.sh
[0.390s] -- Up-to-date: /home/luiz/robotica/install/action_tutorials_interfaces/share/action_tutorials_interfaces/environment/path.dsv
[0.390s] -- Up-to-date: /home/luiz/robotica/install/action_tutorials_interfaces/share/action_tutorials_interfaces/local_setup.bash
[0.390s] -- Up-to-date: /home/luiz/robotica/install/action_tutorials_interfaces/share/action_tutorials_interfaces/local_setup.sh
[0.390s] -- Up-to-date: /home/luiz/robotica/install/action_tutorials_interfaces/share/action_tutorials_interfaces/local_setup.zsh
[0.390s] -- Up-to-date: /home/luiz/robotica/install/action_tutorials_interfaces/share/action_tutorials_interfaces/local_setup.dsv
[0.390s] -- Installing: /home/luiz/robotica/install/action_tutorials_interfaces/share/action_tutorials_interfaces/package.dsv
[0.390s] -- Up-to-date: /home/luiz/robotica/install/action_tutorials_interfaces/share/ament_index/resource_index/packages/action_tutorials_interfaces
[0.390s] -- Up-to-date: /home/luiz/robotica/install/action_tutorials_interfaces/share/action_tutorials_interfaces/cmake/export_action_tutorials_interfaces__rosidl_generator_cExport.cmake
[0.390s] -- Up-to-date: /home/luiz/robotica/install/action_tutorials_interfaces/share/action_tutorials_interfaces/cmake/export_action_tutorials_interfaces__rosidl_generator_cExport-noconfig.cmake
[0.390s] -- Up-to-date: /home/luiz/robotica/install/action_tutorials_interfaces/share/action_tutorials_interfaces/cmake/export_action_tutorials_interfaces__rosidl_typesupport_fastrtps_cExport.cmake
[0.390s] -- Up-to-date: /home/luiz/robotica/install/action_tutorials_interfaces/share/action_tutorials_interfaces/cmake/export_action_tutorials_interfaces__rosidl_typesupport_fastrtps_cExport-noconfig.cmake
[0.391s] -- Up-to-date: /home/luiz/robotica/install/action_tutorials_interfaces/share/action_tutorials_interfaces/cmake/action_tutorials_interfaces__rosidl_typesupport_introspection_cExport.cmake
[0.391s] -- Up-to-date: /home/luiz/robotica/install/action_tutorials_interfaces/share/action_tutorials_interfaces/cmake/action_tutorials_interfaces__rosidl_typesupport_introspection_cExport-noconfig.cmake
[0.391s] -- Up-to-date: /home/luiz/robotica/install/action_tutorials_interfaces/share/action_tutorials_interfaces/cmake/action_tutorials_interfaces__rosidl_typesupport_cExport.cmake
[0.391s] -- Up-to-date: /home/luiz/robotica/install/action_tutorials_interfaces/share/action_tutorials_interfaces/cmake/action_tutorials_interfaces__rosidl_typesupport_cExport-noconfig.cmake
[0.391s] -- Up-to-date: /home/luiz/robotica/install/action_tutorials_interfaces/share/action_tutorials_interfaces/cmake/export_action_tutorials_interfaces__rosidl_generator_cppExport.cmake
[0.391s] -- Up-to-date: /home/luiz/robotica/install/action_tutorials_interfaces/share/action_tutorials_interfaces/cmake/export_action_tutorials_interfaces__rosidl_typesupport_fastrtps_cppExport.cmake
[0.391s] -- Up-to-date: /home/luiz/robotica/install/action_tutorials_interfaces/share/action_tutorials_interfaces/cmake/export_action_tutorials_interfaces__rosidl_typesupport_fastrtps_cppExport-noconfig.cmake
[0.391s] -- Up-to-date: /home/luiz/robotica/install/action_tutorials_interfaces/share/action_tutorials_interfaces/cmake/action_tutorials_interfaces__rosidl_typesupport_introspection_cppExport.cmake
[0.391s] -- Up-to-date: /home/luiz/robotica/install/action_tutorials_interfaces/share/action_tutorials_interfaces/cmake/action_tutorials_interfaces__rosidl_typesupport_introspection_cppExport-noconfig.cmake
[0.391s] -- Up-to-date: /home/luiz/robotica/install/action_tutorials_interfaces/share/action_tutorials_interfaces/cmake/action_tutorials_interfaces__rosidl_typesupport_cppExport.cmake
[0.391s] -- Up-to-date: /home/luiz/robotica/install/action_tutorials_interfaces/share/action_tutorials_interfaces/cmake/action_tutorials_interfaces__rosidl_typesupport_cppExport-noconfig.cmake
[0.391s] -- Up-to-date: /home/luiz/robotica/install/action_tutorials_interfaces/share/action_tutorials_interfaces/cmake/export_action_tutorials_interfaces__rosidl_generator_pyExport.cmake
[0.391s] -- Up-to-date: /home/luiz/robotica/install/action_tutorials_interfaces/share/action_tutorials_interfaces/cmake/export_action_tutorials_interfaces__rosidl_generator_pyExport-noconfig.cmake
[0.392s] -- Up-to-date: /home/luiz/robotica/install/action_tutorials_interfaces/share/action_tutorials_interfaces/cmake/rosidl_cmake-extras.cmake
[0.392s] -- Up-to-date: /home/luiz/robotica/install/action_tutorials_interfaces/share/action_tutorials_interfaces/cmake/ament_cmake_export_dependencies-extras.cmake
[0.392s] -- Up-to-date: /home/luiz/robotica/install/action_tutorials_interfaces/share/action_tutorials_interfaces/cmake/ament_cmake_export_include_directories-extras.cmake
[0.392s] -- Up-to-date: /home/luiz/robotica/install/action_tutorials_interfaces/share/action_tutorials_interfaces/cmake/ament_cmake_export_libraries-extras.cmake
[0.392s] -- Up-to-date: /home/luiz/robotica/install/action_tutorials_interfaces/share/action_tutorials_interfaces/cmake/ament_cmake_export_targets-extras.cmake
[0.392s] -- Up-to-date: /home/luiz/robotica/install/action_tutorials_interfaces/share/action_tutorials_interfaces/cmake/rosidl_cmake_export_typesupport_targets-extras.cmake
[0.392s] -- Up-to-date: /home/luiz/robotica/install/action_tutorials_interfaces/share/action_tutorials_interfaces/cmake/rosidl_cmake_export_typesupport_libraries-extras.cmake
[0.392s] -- Up-to-date: /home/luiz/robotica/install/action_tutorials_interfaces/share/action_tutorials_interfaces/cmake/action_tutorials_interfacesConfig.cmake
[0.392s] -- Up-to-date: /home/luiz/robotica/install/action_tutorials_interfaces/share/action_tutorials_interfaces/cmake/action_tutorials_interfacesConfig-version.cmake
[0.392s] -- Up-to-date: /home/luiz/robotica/install/action_tutorials_interfaces/share/action_tutorials_interfaces/package.xml
[0.394s] Invoked command in '/home/luiz/robotica/build/action_tutorials_interfaces' returned '0': CMAKE_PREFIX_PATH=${CMAKE_PREFIX_PATH}:/opt/ros/humble /usr/bin/cmake --install /home/luiz/robotica/build/action_tutorials_interfaces
