[0.288s] DEBUG:colcon:Command line arguments: ['/usr/bin/colcon', 'build', '--packages-select', 'polygon_base', 'polygon_plugins']
[0.288s] DEBUG:colcon:Parsed command line arguments: Namespace(log_base=None, log_level=None, verb_name='build', build_base='build', install_base='install', merge_install=False, symlink_install=False, test_result_base=None, continue_on_error=False, executor='parallel', parallel_workers=12, event_handlers=None, ignore_user_meta=False, metas=['./colcon.meta'], base_paths=['.'], packages_ignore=None, packages_ignore_regex=None, paths=None, packages_up_to=None, packages_up_to_regex=None, packages_above=None, packages_above_and_dependencies=None, packages_above_depth=None, packages_select_by_dep=None, packages_skip_by_dep=None, packages_skip_up_to=None, packages_select_build_failed=False, packages_skip_build_finished=False, packages_select_test_failures=False, packages_skip_test_passed=False, packages_select=['polygon_base', 'polygon_plugins'], packages_skip=None, packages_select_regex=None, packages_skip_regex=None, packages_start=None, packages_end=None, allow_overriding=[], cmake_args=None, cmake_target=None, cmake_target_skip_unavailable=False, cmake_clean_cache=False, cmake_clean_first=False, cmake_force_configure=False, ament_cmake_args=None, catkin_cmake_args=None, catkin_skip_building_tests=False, mixin_files=None, mixin=None, verb_parser=<colcon_mixin.mixin.mixin_argument.MixinArgumentDecorator object at 0x7dbe4bd85a20>, verb_extension=<colcon_core.verb.build.BuildVerb object at 0x7dbe4bd85570>, main=<bound method BuildVerb.main of <colcon_core.verb.build.BuildVerb object at 0x7dbe4bd85570>>, mixin_verb=('build',))
[0.503s] Level 1:colcon.colcon_core.package_discovery:discover_packages(colcon_meta) check parameters
[0.503s] Level 1:colcon.colcon_core.package_discovery:discover_packages(recursive) check parameters
[0.503s] Level 1:colcon.colcon_core.package_discovery:discover_packages(ignore) check parameters
[0.503s] Level 1:colcon.colcon_core.package_discovery:discover_packages(path) check parameters
[0.503s] Level 1:colcon.colcon_core.package_discovery:discover_packages(colcon_meta) discover
[0.503s] Level 1:colcon.colcon_core.package_discovery:discover_packages(recursive) discover
[0.503s] INFO:colcon.colcon_core.package_discovery:Crawling recursively for packages in '/home/luiz/robotica'
[0.503s] Level 1:colcon.colcon_core.package_identification:_identify(.) by extensions ['ignore', 'ignore_ament_install']
[0.503s] Level 1:colcon.colcon_core.package_identification:_identify(.) by extension 'ignore'
[0.503s] Level 1:colcon.colcon_core.package_identification:_identify(.) by extension 'ignore_ament_install'
[0.503s] Level 1:colcon.colcon_core.package_identification:_identify(.) by extensions ['colcon_pkg']
[0.503s] Level 1:colcon.colcon_core.package_identification:_identify(.) by extension 'colcon_pkg'
[0.503s] Level 1:colcon.colcon_core.package_identification:_identify(.) by extensions ['colcon_meta']
[0.503s] Level 1:colcon.colcon_core.package_identification:_identify(.) by extension 'colcon_meta'
[0.503s] Level 1:colcon.colcon_core.package_identification:_identify(.) by extensions ['ros']
[0.503s] Level 1:colcon.colcon_core.package_identification:_identify(.) by extension 'ros'
[0.514s] Level 1:colcon.colcon_core.package_identification:_identify(.) by extensions ['cmake', 'python']
[0.514s] Level 1:colcon.colcon_core.package_identification:_identify(.) by extension 'cmake'
[0.514s] Level 1:colcon.colcon_core.package_identification:_identify(.) by extension 'python'
[0.514s] Level 1:colcon.colcon_core.package_identification:_identify(.) by extensions ['python_setup_py']
[0.514s] Level 1:colcon.colcon_core.package_identification:_identify(.) by extension 'python_setup_py'
[0.514s] Level 1:colcon.colcon_core.package_identification:_identify(build) by extensions ['ignore', 'ignore_ament_install']
[0.514s] Level 1:colcon.colcon_core.package_identification:_identify(build) by extension 'ignore'
[0.514s] Level 1:colcon.colcon_core.package_identification:_identify(build) ignored
[0.514s] Level 1:colcon.colcon_core.package_identification:_identify(install) by extensions ['ignore', 'ignore_ament_install']
[0.514s] Level 1:colcon.colcon_core.package_identification:_identify(install) by extension 'ignore'
[0.514s] Level 1:colcon.colcon_core.package_identification:_identify(install) ignored
[0.514s] Level 1:colcon.colcon_core.package_identification:_identify(log) by extensions ['ignore', 'ignore_ament_install']
[0.514s] Level 1:colcon.colcon_core.package_identification:_identify(log) by extension 'ignore'
[0.514s] Level 1:colcon.colcon_core.package_identification:_identify(log) ignored
[0.514s] Level 1:colcon.colcon_core.package_identification:_identify(src) by extensions ['ignore', 'ignore_ament_install']
[0.514s] Level 1:colcon.colcon_core.package_identification:_identify(src) by extension 'ignore'
[0.514s] Level 1:colcon.colcon_core.package_identification:_identify(src) by extension 'ignore_ament_install'
[0.514s] Level 1:colcon.colcon_core.package_identification:_identify(src) by extensions ['colcon_pkg']
[0.514s] Level 1:colcon.colcon_core.package_identification:_identify(src) by extension 'colcon_pkg'
[0.514s] Level 1:colcon.colcon_core.package_identification:_identify(src) by extensions ['colcon_meta']
[0.514s] Level 1:colcon.colcon_core.package_identification:_identify(src) by extension 'colcon_meta'
[0.514s] Level 1:colcon.colcon_core.package_identification:_identify(src) by extensions ['ros']
[0.514s] Level 1:colcon.colcon_core.package_identification:_identify(src) by extension 'ros'
[0.514s] Level 1:colcon.colcon_core.package_identification:_identify(src) by extensions ['cmake', 'python']
[0.514s] Level 1:colcon.colcon_core.package_identification:_identify(src) by extension 'cmake'
[0.514s] Level 1:colcon.colcon_core.package_identification:_identify(src) by extension 'python'
[0.514s] Level 1:colcon.colcon_core.package_identification:_identify(src) by extensions ['python_setup_py']
[0.514s] Level 1:colcon.colcon_core.package_identification:_identify(src) by extension 'python_setup_py'
[0.514s] Level 1:colcon.colcon_core.package_identification:_identify(src/cpp_parameters) by extensions ['ignore', 'ignore_ament_install']
[0.514s] Level 1:colcon.colcon_core.package_identification:_identify(src/cpp_parameters) by extension 'ignore'
[0.514s] Level 1:colcon.colcon_core.package_identification:_identify(src/cpp_parameters) by extension 'ignore_ament_install'
[0.515s] Level 1:colcon.colcon_core.package_identification:_identify(src/cpp_parameters) by extensions ['colcon_pkg']
[0.515s] Level 1:colcon.colcon_core.package_identification:_identify(src/cpp_parameters) by extension 'colcon_pkg'
[0.515s] Level 1:colcon.colcon_core.package_identification:_identify(src/cpp_parameters) by extensions ['colcon_meta']
[0.515s] Level 1:colcon.colcon_core.package_identification:_identify(src/cpp_parameters) by extension 'colcon_meta'
[0.515s] Level 1:colcon.colcon_core.package_identification:_identify(src/cpp_parameters) by extensions ['ros']
[0.515s] Level 1:colcon.colcon_core.package_identification:_identify(src/cpp_parameters) by extension 'ros'
[0.517s] DEBUG:colcon.colcon_core.package_identification:Package 'src/cpp_parameters' with type 'ros.ament_cmake' and name 'cpp_parameters'
[0.517s] Level 1:colcon.colcon_core.package_identification:_identify(src/cpp_pubsub) by extensions ['ignore', 'ignore_ament_install']
[0.517s] Level 1:colcon.colcon_core.package_identification:_identify(src/cpp_pubsub) by extension 'ignore'
[0.517s] Level 1:colcon.colcon_core.package_identification:_identify(src/cpp_pubsub) by extension 'ignore_ament_install'
[0.517s] Level 1:colcon.colcon_core.package_identification:_identify(src/cpp_pubsub) by extensions ['colcon_pkg']
[0.517s] Level 1:colcon.colcon_core.package_identification:_identify(src/cpp_pubsub) by extension 'colcon_pkg'
[0.517s] Level 1:colcon.colcon_core.package_identification:_identify(src/cpp_pubsub) by extensions ['colcon_meta']
[0.517s] Level 1:colcon.colcon_core.package_identification:_identify(src/cpp_pubsub) by extension 'colcon_meta'
[0.517s] Level 1:colcon.colcon_core.package_identification:_identify(src/cpp_pubsub) by extensions ['ros']
[0.517s] Level 1:colcon.colcon_core.package_identification:_identify(src/cpp_pubsub) by extension 'ros'
[0.518s] DEBUG:colcon.colcon_core.package_identification:Package 'src/cpp_pubsub' with type 'ros.ament_cmake' and name 'cpp_pubsub'
[0.518s] Level 1:colcon.colcon_core.package_identification:_identify(src/cpp_srvcli) by extensions ['ignore', 'ignore_ament_install']
[0.518s] Level 1:colcon.colcon_core.package_identification:_identify(src/cpp_srvcli) by extension 'ignore'
[0.518s] Level 1:colcon.colcon_core.package_identification:_identify(src/cpp_srvcli) by extension 'ignore_ament_install'
[0.518s] Level 1:colcon.colcon_core.package_identification:_identify(src/cpp_srvcli) by extensions ['colcon_pkg']
[0.518s] Level 1:colcon.colcon_core.package_identification:_identify(src/cpp_srvcli) by extension 'colcon_pkg'
[0.518s] Level 1:colcon.colcon_core.package_identification:_identify(src/cpp_srvcli) by extensions ['colcon_meta']
[0.518s] Level 1:colcon.colcon_core.package_identification:_identify(src/cpp_srvcli) by extension 'colcon_meta'
[0.518s] Level 1:colcon.colcon_core.package_identification:_identify(src/cpp_srvcli) by extensions ['ros']
[0.518s] Level 1:colcon.colcon_core.package_identification:_identify(src/cpp_srvcli) by extension 'ros'
[0.519s] DEBUG:colcon.colcon_core.package_identification:Package 'src/cpp_srvcli' with type 'ros.ament_cmake' and name 'cpp_srvcli'
[0.519s] Level 1:colcon.colcon_core.package_identification:_identify(src/more_interfaces) by extensions ['ignore', 'ignore_ament_install']
[0.519s] Level 1:colcon.colcon_core.package_identification:_identify(src/more_interfaces) by extension 'ignore'
[0.519s] Level 1:colcon.colcon_core.package_identification:_identify(src/more_interfaces) by extension 'ignore_ament_install'
[0.519s] Level 1:colcon.colcon_core.package_identification:_identify(src/more_interfaces) by extensions ['colcon_pkg']
[0.519s] Level 1:colcon.colcon_core.package_identification:_identify(src/more_interfaces) by extension 'colcon_pkg'
[0.519s] Level 1:colcon.colcon_core.package_identification:_identify(src/more_interfaces) by extensions ['colcon_meta']
[0.519s] Level 1:colcon.colcon_core.package_identification:_identify(src/more_interfaces) by extension 'colcon_meta'
[0.519s] Level 1:colcon.colcon_core.package_identification:_identify(src/more_interfaces) by extensions ['ros']
[0.519s] Level 1:colcon.colcon_core.package_identification:_identify(src/more_interfaces) by extension 'ros'
[0.520s] DEBUG:colcon.colcon_core.package_identification:Package 'src/more_interfaces' with type 'ros.ament_cmake' and name 'more_interfaces'
[0.520s] Level 1:colcon.colcon_core.package_identification:_identify(src/polygon_base) by extensions ['ignore', 'ignore_ament_install']
[0.520s] Level 1:colcon.colcon_core.package_identification:_identify(src/polygon_base) by extension 'ignore'
[0.520s] Level 1:colcon.colcon_core.package_identification:_identify(src/polygon_base) by extension 'ignore_ament_install'
[0.520s] Level 1:colcon.colcon_core.package_identification:_identify(src/polygon_base) by extensions ['colcon_pkg']
[0.520s] Level 1:colcon.colcon_core.package_identification:_identify(src/polygon_base) by extension 'colcon_pkg'
[0.520s] Level 1:colcon.colcon_core.package_identification:_identify(src/polygon_base) by extensions ['colcon_meta']
[0.520s] Level 1:colcon.colcon_core.package_identification:_identify(src/polygon_base) by extension 'colcon_meta'
[0.520s] Level 1:colcon.colcon_core.package_identification:_identify(src/polygon_base) by extensions ['ros']
[0.520s] Level 1:colcon.colcon_core.package_identification:_identify(src/polygon_base) by extension 'ros'
[0.520s] DEBUG:colcon.colcon_core.package_identification:Package 'src/polygon_base' with type 'ros.ament_cmake' and name 'polygon_base'
[0.520s] Level 1:colcon.colcon_core.package_identification:_identify(src/polygon_plugins) by extensions ['ignore', 'ignore_ament_install']
[0.520s] Level 1:colcon.colcon_core.package_identification:_identify(src/polygon_plugins) by extension 'ignore'
[0.520s] Level 1:colcon.colcon_core.package_identification:_identify(src/polygon_plugins) by extension 'ignore_ament_install'
[0.520s] Level 1:colcon.colcon_core.package_identification:_identify(src/polygon_plugins) by extensions ['colcon_pkg']
[0.521s] Level 1:colcon.colcon_core.package_identification:_identify(src/polygon_plugins) by extension 'colcon_pkg'
[0.521s] Level 1:colcon.colcon_core.package_identification:_identify(src/polygon_plugins) by extensions ['colcon_meta']
[0.521s] Level 1:colcon.colcon_core.package_identification:_identify(src/polygon_plugins) by extension 'colcon_meta'
[0.521s] Level 1:colcon.colcon_core.package_identification:_identify(src/polygon_plugins) by extensions ['ros']
[0.521s] Level 1:colcon.colcon_core.package_identification:_identify(src/polygon_plugins) by extension 'ros'
[0.521s] DEBUG:colcon.colcon_core.package_identification:Package 'src/polygon_plugins' with type 'ros.ament_cmake' and name 'polygon_plugins'
[0.521s] Level 1:colcon.colcon_core.package_discovery:discover_packages(recursive) using defaults
[0.521s] Level 1:colcon.colcon_core.package_discovery:discover_packages(ignore) discover
[0.521s] Level 1:colcon.colcon_core.package_discovery:discover_packages(ignore) using defaults
[0.521s] Level 1:colcon.colcon_core.package_discovery:discover_packages(path) discover
[0.521s] Level 1:colcon.colcon_core.package_discovery:discover_packages(path) using defaults
[0.545s] INFO:colcon.colcon_core.package_selection:Skipping not selected package 'cpp_parameters' in 'src/cpp_parameters'
[0.545s] INFO:colcon.colcon_core.package_selection:Skipping not selected package 'cpp_pubsub' in 'src/cpp_pubsub'
[0.545s] INFO:colcon.colcon_core.package_selection:Skipping not selected package 'cpp_srvcli' in 'src/cpp_srvcli'
[0.545s] INFO:colcon.colcon_core.package_selection:Skipping not selected package 'more_interfaces' in 'src/more_interfaces'
[0.546s] Level 1:colcon.colcon_core.package_discovery:discover_packages(prefix_path) check parameters
[0.546s] Level 1:colcon.colcon_core.package_discovery:discover_packages(prefix_path) discover
[0.550s] DEBUG:colcon.colcon_installed_package_information.package_discovery:Found 271 installed packages in /opt/ros/humble
[0.551s] Level 1:colcon.colcon_core.package_discovery:discover_packages(prefix_path) using defaults
[0.573s] Level 5:colcon.colcon_core.verb:set package 'polygon_base' build argument 'cmake_args' from command line to 'None'
[0.573s] Level 5:colcon.colcon_core.verb:set package 'polygon_base' build argument 'cmake_target' from command line to 'None'
[0.573s] Level 5:colcon.colcon_core.verb:set package 'polygon_base' build argument 'cmake_target_skip_unavailable' from command line to 'False'
[0.573s] Level 5:colcon.colcon_core.verb:set package 'polygon_base' build argument 'cmake_clean_cache' from command line to 'False'
[0.573s] Level 5:colcon.colcon_core.verb:set package 'polygon_base' build argument 'cmake_clean_first' from command line to 'False'
[0.573s] Level 5:colcon.colcon_core.verb:set package 'polygon_base' build argument 'cmake_force_configure' from command line to 'False'
[0.573s] Level 5:colcon.colcon_core.verb:set package 'polygon_base' build argument 'ament_cmake_args' from command line to 'None'
[0.573s] Level 5:colcon.colcon_core.verb:set package 'polygon_base' build argument 'catkin_cmake_args' from command line to 'None'
[0.573s] Level 5:colcon.colcon_core.verb:set package 'polygon_base' build argument 'catkin_skip_building_tests' from command line to 'False'
[0.573s] DEBUG:colcon.colcon_core.verb:Building package 'polygon_base' with the following arguments: {'ament_cmake_args': None, 'build_base': '/home/luiz/robotica/build/polygon_base', 'catkin_cmake_args': None, 'catkin_skip_building_tests': False, 'cmake_args': None, 'cmake_clean_cache': False, 'cmake_clean_first': False, 'cmake_force_configure': False, 'cmake_target': None, 'cmake_target_skip_unavailable': False, 'install_base': '/home/luiz/robotica/install/polygon_base', 'merge_install': False, 'path': '/home/luiz/robotica/src/polygon_base', 'symlink_install': False, 'test_result_base': None}
[0.573s] Level 5:colcon.colcon_core.verb:set package 'polygon_plugins' build argument 'cmake_args' from command line to 'None'
[0.573s] Level 5:colcon.colcon_core.verb:set package 'polygon_plugins' build argument 'cmake_target' from command line to 'None'
[0.573s] Level 5:colcon.colcon_core.verb:set package 'polygon_plugins' build argument 'cmake_target_skip_unavailable' from command line to 'False'
[0.573s] Level 5:colcon.colcon_core.verb:set package 'polygon_plugins' build argument 'cmake_clean_cache' from command line to 'False'
[0.573s] Level 5:colcon.colcon_core.verb:set package 'polygon_plugins' build argument 'cmake_clean_first' from command line to 'False'
[0.573s] Level 5:colcon.colcon_core.verb:set package 'polygon_plugins' build argument 'cmake_force_configure' from command line to 'False'
[0.573s] Level 5:colcon.colcon_core.verb:set package 'polygon_plugins' build argument 'ament_cmake_args' from command line to 'None'
[0.573s] Level 5:colcon.colcon_core.verb:set package 'polygon_plugins' build argument 'catkin_cmake_args' from command line to 'None'
[0.573s] Level 5:colcon.colcon_core.verb:set package 'polygon_plugins' build argument 'catkin_skip_building_tests' from command line to 'False'
[0.573s] DEBUG:colcon.colcon_core.verb:Building package 'polygon_plugins' with the following arguments: {'ament_cmake_args': None, 'build_base': '/home/luiz/robotica/build/polygon_plugins', 'catkin_cmake_args': None, 'catkin_skip_building_tests': False, 'cmake_args': None, 'cmake_clean_cache': False, 'cmake_clean_first': False, 'cmake_force_configure': False, 'cmake_target': None, 'cmake_target_skip_unavailable': False, 'install_base': '/home/luiz/robotica/install/polygon_plugins', 'merge_install': False, 'path': '/home/luiz/robotica/src/polygon_plugins', 'symlink_install': False, 'test_result_base': None}
[0.573s] INFO:colcon.colcon_core.executor:Executing jobs using 'parallel' executor
[0.574s] DEBUG:colcon.colcon_parallel_executor.executor.parallel:run_until_complete
[0.574s] INFO:colcon.colcon_ros.task.ament_cmake.build:Building ROS package in '/home/luiz/robotica/src/polygon_base' with build type 'ament_cmake'
[0.574s] INFO:colcon.colcon_cmake.task.cmake.build:Building CMake package in '/home/luiz/robotica/src/polygon_base'
[0.579s] INFO:colcon.colcon_core.plugin_system:Skipping extension 'colcon_core.shell.bat': Not used on non-Windows systems
[0.580s] INFO:colcon.colcon_core.shell:Skip shell extension 'powershell' for command environment: Not usable outside of PowerShell
[0.580s] DEBUG:colcon.colcon_core.shell:Skip shell extension 'dsv' for command environment
[0.588s] DEBUG:colcon.colcon_core.event_handler.log_command:Invoking command in '/home/luiz/robotica/build/polygon_base': CMAKE_PREFIX_PATH=/opt/ros/humble /usr/bin/cmake /home/luiz/robotica/src/polygon_base -DCMAKE_INSTALL_PREFIX=/home/luiz/robotica/install/polygon_base
[1.287s] DEBUG:colcon.colcon_core.event_handler.log_command:Invoked command in '/home/luiz/robotica/build/polygon_base' returned '0': CMAKE_PREFIX_PATH=/opt/ros/humble /usr/bin/cmake /home/luiz/robotica/src/polygon_base -DCMAKE_INSTALL_PREFIX=/home/luiz/robotica/install/polygon_base
[1.288s] DEBUG:colcon.colcon_core.event_handler.log_command:Invoking command in '/home/luiz/robotica/build/polygon_base': CMAKE_PREFIX_PATH=/opt/ros/humble /usr/bin/cmake --build /home/luiz/robotica/build/polygon_base -- -j12 -l12
[2.960s] DEBUG:colcon.colcon_core.event_handler.log_command:Invoked command in '/home/luiz/robotica/build/polygon_base' returned '0': CMAKE_PREFIX_PATH=/opt/ros/humble /usr/bin/cmake --build /home/luiz/robotica/build/polygon_base -- -j12 -l12
[2.965s] DEBUG:colcon.colcon_core.event_handler.log_command:Invoking command in '/home/luiz/robotica/build/polygon_base': CMAKE_PREFIX_PATH=/opt/ros/humble /usr/bin/cmake --install /home/luiz/robotica/build/polygon_base
[2.973s] Level 1:colcon.colcon_core.environment:create_environment_scripts_only(polygon_base)
[2.974s] DEBUG:colcon.colcon_core.event_handler.log_command:Invoked command in '/home/luiz/robotica/build/polygon_base' returned '0': CMAKE_PREFIX_PATH=/opt/ros/humble /usr/bin/cmake --install /home/luiz/robotica/build/polygon_base
[2.980s] Level 1:colcon.colcon_core.environment:checking '/home/luiz/robotica/install/polygon_base' for CMake module files
[2.980s] Level 1:colcon.colcon_core.environment:checking '/home/luiz/robotica/install/polygon_base' for CMake config files
[2.981s] Level 1:colcon.colcon_core.shell:create_environment_hook('polygon_base', 'cmake_prefix_path')
[2.981s] INFO:colcon.colcon_core.shell:Creating environment hook '/home/luiz/robotica/install/polygon_base/share/polygon_base/hook/cmake_prefix_path.ps1'
[2.981s] INFO:colcon.colcon_core.shell:Creating environment descriptor '/home/luiz/robotica/install/polygon_base/share/polygon_base/hook/cmake_prefix_path.dsv'
[2.982s] INFO:colcon.colcon_core.shell:Creating environment hook '/home/luiz/robotica/install/polygon_base/share/polygon_base/hook/cmake_prefix_path.sh'
[2.982s] Level 1:colcon.colcon_core.environment:checking '/home/luiz/robotica/install/polygon_base/lib'
[2.983s] Level 1:colcon.colcon_core.environment:checking '/home/luiz/robotica/install/polygon_base/bin'
[2.983s] Level 1:colcon.colcon_core.environment:checking '/home/luiz/robotica/install/polygon_base/lib/pkgconfig/polygon_base.pc'
[2.983s] Level 1:colcon.colcon_core.environment:checking '/home/luiz/robotica/install/polygon_base/lib/python3.10/site-packages'
[2.983s] Level 1:colcon.colcon_core.environment:checking '/home/luiz/robotica/install/polygon_base/bin'
[2.983s] INFO:colcon.colcon_core.shell:Creating package script '/home/luiz/robotica/install/polygon_base/share/polygon_base/package.ps1'
[2.984s] INFO:colcon.colcon_core.shell:Creating package descriptor '/home/luiz/robotica/install/polygon_base/share/polygon_base/package.dsv'
[2.984s] INFO:colcon.colcon_core.shell:Creating package script '/home/luiz/robotica/install/polygon_base/share/polygon_base/package.sh'
[2.985s] INFO:colcon.colcon_core.shell:Creating package script '/home/luiz/robotica/install/polygon_base/share/polygon_base/package.bash'
[2.986s] INFO:colcon.colcon_core.shell:Creating package script '/home/luiz/robotica/install/polygon_base/share/polygon_base/package.zsh'
[2.988s] Level 1:colcon.colcon_core.environment:create_file_with_runtime_dependencies(/home/luiz/robotica/install/polygon_base/share/colcon-core/packages/polygon_base)
[2.988s] Level 1:colcon.colcon_core.environment:create_environment_scripts_only(polygon_base)
[2.988s] Level 1:colcon.colcon_core.environment:checking '/home/luiz/robotica/install/polygon_base' for CMake module files
[2.989s] Level 1:colcon.colcon_core.environment:checking '/home/luiz/robotica/install/polygon_base' for CMake config files
[2.989s] Level 1:colcon.colcon_core.shell:create_environment_hook('polygon_base', 'cmake_prefix_path')
[2.989s] INFO:colcon.colcon_core.shell:Creating environment hook '/home/luiz/robotica/install/polygon_base/share/polygon_base/hook/cmake_prefix_path.ps1'
[2.989s] INFO:colcon.colcon_core.shell:Creating environment descriptor '/home/luiz/robotica/install/polygon_base/share/polygon_base/hook/cmake_prefix_path.dsv'
[2.989s] INFO:colcon.colcon_core.shell:Creating environment hook '/home/luiz/robotica/install/polygon_base/share/polygon_base/hook/cmake_prefix_path.sh'
[2.990s] Level 1:colcon.colcon_core.environment:checking '/home/luiz/robotica/install/polygon_base/lib'
[2.990s] Level 1:colcon.colcon_core.environment:checking '/home/luiz/robotica/install/polygon_base/bin'
[2.990s] Level 1:colcon.colcon_core.environment:checking '/home/luiz/robotica/install/polygon_base/lib/pkgconfig/polygon_base.pc'
[2.990s] Level 1:colcon.colcon_core.environment:checking '/home/luiz/robotica/install/polygon_base/lib/python3.10/site-packages'
[2.990s] Level 1:colcon.colcon_core.environment:checking '/home/luiz/robotica/install/polygon_base/bin'
[2.990s] INFO:colcon.colcon_core.shell:Creating package script '/home/luiz/robotica/install/polygon_base/share/polygon_base/package.ps1'
[2.990s] INFO:colcon.colcon_core.shell:Creating package descriptor '/home/luiz/robotica/install/polygon_base/share/polygon_base/package.dsv'
[2.990s] INFO:colcon.colcon_core.shell:Creating package script '/home/luiz/robotica/install/polygon_base/share/polygon_base/package.sh'
[2.991s] INFO:colcon.colcon_core.shell:Creating package script '/home/luiz/robotica/install/polygon_base/share/polygon_base/package.bash'
[2.991s] INFO:colcon.colcon_core.shell:Creating package script '/home/luiz/robotica/install/polygon_base/share/polygon_base/package.zsh'
[2.991s] Level 1:colcon.colcon_core.environment:create_file_with_runtime_dependencies(/home/luiz/robotica/install/polygon_base/share/colcon-core/packages/polygon_base)
[2.991s] INFO:colcon.colcon_ros.task.ament_cmake.build:Building ROS package in '/home/luiz/robotica/src/polygon_plugins' with build type 'ament_cmake'
[2.991s] INFO:colcon.colcon_cmake.task.cmake.build:Building CMake package in '/home/luiz/robotica/src/polygon_plugins'
[2.991s] INFO:colcon.colcon_core.shell:Skip shell extension 'powershell' for command environment: Not usable outside of PowerShell
[2.991s] DEBUG:colcon.colcon_core.shell:Skip shell extension 'dsv' for command environment
[2.997s] DEBUG:colcon.colcon_core.event_handler.log_command:Invoking command in '/home/luiz/robotica/build/polygon_plugins': AMENT_PREFIX_PATH=/home/luiz/robotica/install/polygon_base:${AMENT_PREFIX_PATH} CMAKE_PREFIX_PATH=/home/luiz/robotica/install/polygon_base:/opt/ros/humble /usr/bin/cmake /home/luiz/robotica/src/polygon_plugins -DCMAKE_INSTALL_PREFIX=/home/luiz/robotica/install/polygon_plugins
[3.406s] DEBUG:colcon.colcon_core.event_handler.log_command:Invoked command in '/home/luiz/robotica/build/polygon_plugins' returned '0': AMENT_PREFIX_PATH=/home/luiz/robotica/install/polygon_base:${AMENT_PREFIX_PATH} CMAKE_PREFIX_PATH=/home/luiz/robotica/install/polygon_base:/opt/ros/humble /usr/bin/cmake /home/luiz/robotica/src/polygon_plugins -DCMAKE_INSTALL_PREFIX=/home/luiz/robotica/install/polygon_plugins
[3.406s] DEBUG:colcon.colcon_core.event_handler.log_command:Invoking command in '/home/luiz/robotica/build/polygon_plugins': AMENT_PREFIX_PATH=/home/luiz/robotica/install/polygon_base:${AMENT_PREFIX_PATH} CMAKE_PREFIX_PATH=/home/luiz/robotica/install/polygon_base:/opt/ros/humble /usr/bin/cmake --build /home/luiz/robotica/build/polygon_plugins -- -j12 -l12
[3.814s] DEBUG:colcon.colcon_core.event_handler.log_command:Invoked command in '/home/luiz/robotica/build/polygon_plugins' returned '0': AMENT_PREFIX_PATH=/home/luiz/robotica/install/polygon_base:${AMENT_PREFIX_PATH} CMAKE_PREFIX_PATH=/home/luiz/robotica/install/polygon_base:/opt/ros/humble /usr/bin/cmake --build /home/luiz/robotica/build/polygon_plugins -- -j12 -l12
[3.815s] DEBUG:colcon.colcon_core.event_handler.log_command:Invoking command in '/home/luiz/robotica/build/polygon_plugins': AMENT_PREFIX_PATH=/home/luiz/robotica/install/polygon_base:${AMENT_PREFIX_PATH} CMAKE_PREFIX_PATH=/home/luiz/robotica/install/polygon_base:/opt/ros/humble /usr/bin/cmake --install /home/luiz/robotica/build/polygon_plugins
[3.825s] Level 1:colcon.colcon_core.environment:create_environment_scripts_only(polygon_plugins)
[3.825s] Level 1:colcon.colcon_core.environment:checking '/home/luiz/robotica/install/polygon_plugins' for CMake module files
[3.825s] DEBUG:colcon.colcon_core.event_handler.log_command:Invoked command in '/home/luiz/robotica/build/polygon_plugins' returned '0': AMENT_PREFIX_PATH=/home/luiz/robotica/install/polygon_base:${AMENT_PREFIX_PATH} CMAKE_PREFIX_PATH=/home/luiz/robotica/install/polygon_base:/opt/ros/humble /usr/bin/cmake --install /home/luiz/robotica/build/polygon_plugins
[3.826s] Level 1:colcon.colcon_core.environment:checking '/home/luiz/robotica/install/polygon_plugins' for CMake config files
[3.826s] Level 1:colcon.colcon_core.shell:create_environment_hook('polygon_plugins', 'cmake_prefix_path')
[3.826s] INFO:colcon.colcon_core.shell:Creating environment hook '/home/luiz/robotica/install/polygon_plugins/share/polygon_plugins/hook/cmake_prefix_path.ps1'
[3.826s] INFO:colcon.colcon_core.shell:Creating environment descriptor '/home/luiz/robotica/install/polygon_plugins/share/polygon_plugins/hook/cmake_prefix_path.dsv'
[3.826s] INFO:colcon.colcon_core.shell:Creating environment hook '/home/luiz/robotica/install/polygon_plugins/share/polygon_plugins/hook/cmake_prefix_path.sh'
[3.827s] Level 1:colcon.colcon_core.environment:checking '/home/luiz/robotica/install/polygon_plugins/lib'
[3.827s] Level 1:colcon.colcon_core.shell:create_environment_hook('polygon_plugins', 'ld_library_path_lib')
[3.827s] INFO:colcon.colcon_core.shell:Creating environment hook '/home/luiz/robotica/install/polygon_plugins/share/polygon_plugins/hook/ld_library_path_lib.ps1'
[3.827s] INFO:colcon.colcon_core.shell:Creating environment descriptor '/home/luiz/robotica/install/polygon_plugins/share/polygon_plugins/hook/ld_library_path_lib.dsv'
[3.827s] INFO:colcon.colcon_core.shell:Creating environment hook '/home/luiz/robotica/install/polygon_plugins/share/polygon_plugins/hook/ld_library_path_lib.sh'
[3.827s] Level 1:colcon.colcon_core.environment:checking '/home/luiz/robotica/install/polygon_plugins/bin'
[3.827s] Level 1:colcon.colcon_core.environment:checking '/home/luiz/robotica/install/polygon_plugins/lib/pkgconfig/polygon_plugins.pc'
[3.827s] Level 1:colcon.colcon_core.environment:checking '/home/luiz/robotica/install/polygon_plugins/lib/python3.10/site-packages'
[3.827s] Level 1:colcon.colcon_core.environment:checking '/home/luiz/robotica/install/polygon_plugins/bin'
[3.828s] INFO:colcon.colcon_core.shell:Creating package script '/home/luiz/robotica/install/polygon_plugins/share/polygon_plugins/package.ps1'
[3.828s] INFO:colcon.colcon_core.shell:Creating package descriptor '/home/luiz/robotica/install/polygon_plugins/share/polygon_plugins/package.dsv'
[3.828s] INFO:colcon.colcon_core.shell:Creating package script '/home/luiz/robotica/install/polygon_plugins/share/polygon_plugins/package.sh'
[3.828s] INFO:colcon.colcon_core.shell:Creating package script '/home/luiz/robotica/install/polygon_plugins/share/polygon_plugins/package.bash'
[3.828s] INFO:colcon.colcon_core.shell:Creating package script '/home/luiz/robotica/install/polygon_plugins/share/polygon_plugins/package.zsh'
[3.829s] Level 1:colcon.colcon_core.environment:create_file_with_runtime_dependencies(/home/luiz/robotica/install/polygon_plugins/share/colcon-core/packages/polygon_plugins)
[3.829s] Level 1:colcon.colcon_core.environment:create_environment_scripts_only(polygon_plugins)
[3.829s] Level 1:colcon.colcon_core.environment:checking '/home/luiz/robotica/install/polygon_plugins' for CMake module files
[3.829s] Level 1:colcon.colcon_core.environment:checking '/home/luiz/robotica/install/polygon_plugins' for CMake config files
[3.829s] Level 1:colcon.colcon_core.shell:create_environment_hook('polygon_plugins', 'cmake_prefix_path')
[3.829s] INFO:colcon.colcon_core.shell:Creating environment hook '/home/luiz/robotica/install/polygon_plugins/share/polygon_plugins/hook/cmake_prefix_path.ps1'
[3.830s] INFO:colcon.colcon_core.shell:Creating environment descriptor '/home/luiz/robotica/install/polygon_plugins/share/polygon_plugins/hook/cmake_prefix_path.dsv'
[3.830s] INFO:colcon.colcon_core.shell:Creating environment hook '/home/luiz/robotica/install/polygon_plugins/share/polygon_plugins/hook/cmake_prefix_path.sh'
[3.830s] Level 1:colcon.colcon_core.environment:checking '/home/luiz/robotica/install/polygon_plugins/lib'
[3.830s] Level 1:colcon.colcon_core.shell:create_environment_hook('polygon_plugins', 'ld_library_path_lib')
[3.830s] INFO:colcon.colcon_core.shell:Creating environment hook '/home/luiz/robotica/install/polygon_plugins/share/polygon_plugins/hook/ld_library_path_lib.ps1'
[3.830s] INFO:colcon.colcon_core.shell:Creating environment descriptor '/home/luiz/robotica/install/polygon_plugins/share/polygon_plugins/hook/ld_library_path_lib.dsv'
[3.830s] INFO:colcon.colcon_core.shell:Creating environment hook '/home/luiz/robotica/install/polygon_plugins/share/polygon_plugins/hook/ld_library_path_lib.sh'
[3.831s] Level 1:colcon.colcon_core.environment:checking '/home/luiz/robotica/install/polygon_plugins/bin'
[3.831s] Level 1:colcon.colcon_core.environment:checking '/home/luiz/robotica/install/polygon_plugins/lib/pkgconfig/polygon_plugins.pc'
[3.831s] Level 1:colcon.colcon_core.environment:checking '/home/luiz/robotica/install/polygon_plugins/lib/python3.10/site-packages'
[3.831s] Level 1:colcon.colcon_core.environment:checking '/home/luiz/robotica/install/polygon_plugins/bin'
[3.831s] INFO:colcon.colcon_core.shell:Creating package script '/home/luiz/robotica/install/polygon_plugins/share/polygon_plugins/package.ps1'
[3.831s] INFO:colcon.colcon_core.shell:Creating package descriptor '/home/luiz/robotica/install/polygon_plugins/share/polygon_plugins/package.dsv'
[3.831s] INFO:colcon.colcon_core.shell:Creating package script '/home/luiz/robotica/install/polygon_plugins/share/polygon_plugins/package.sh'
[3.832s] INFO:colcon.colcon_core.shell:Creating package script '/home/luiz/robotica/install/polygon_plugins/share/polygon_plugins/package.bash'
[3.832s] INFO:colcon.colcon_core.shell:Creating package script '/home/luiz/robotica/install/polygon_plugins/share/polygon_plugins/package.zsh'
[3.832s] Level 1:colcon.colcon_core.environment:create_file_with_runtime_dependencies(/home/luiz/robotica/install/polygon_plugins/share/colcon-core/packages/polygon_plugins)
[3.832s] DEBUG:colcon.colcon_parallel_executor.executor.parallel:closing loop
[3.832s] DEBUG:colcon.colcon_parallel_executor.executor.parallel:loop closed
[3.832s] DEBUG:colcon.colcon_parallel_executor.executor.parallel:run_until_complete finished with '0'
[3.832s] DEBUG:colcon.colcon_core.event_reactor:joining thread
[3.837s] INFO:colcon.colcon_core.plugin_system:Skipping extension 'colcon_notification.desktop_notification.terminal_notifier': Not used on non-Darwin systems
[3.837s] INFO:colcon.colcon_core.plugin_system:Skipping extension 'colcon_notification.desktop_notification.win32': Not used on non-Windows systems
[3.837s] INFO:colcon.colcon_notification.desktop_notification:Sending desktop notification using 'notify2'
[3.847s] DEBUG:colcon.colcon_core.event_reactor:joined thread
[3.847s] INFO:colcon.colcon_core.shell:Creating prefix script '/home/luiz/robotica/install/local_setup.ps1'
[3.848s] INFO:colcon.colcon_core.shell:Creating prefix util module '/home/luiz/robotica/install/_local_setup_util_ps1.py'
[3.849s] INFO:colcon.colcon_core.shell:Creating prefix chain script '/home/luiz/robotica/install/setup.ps1'
[3.850s] INFO:colcon.colcon_core.shell:Creating prefix script '/home/luiz/robotica/install/local_setup.sh'
[3.850s] INFO:colcon.colcon_core.shell:Creating prefix util module '/home/luiz/robotica/install/_local_setup_util_sh.py'
[3.850s] INFO:colcon.colcon_core.shell:Creating prefix chain script '/home/luiz/robotica/install/setup.sh'
[3.851s] INFO:colcon.colcon_core.shell:Creating prefix script '/home/luiz/robotica/install/local_setup.bash'
[3.851s] INFO:colcon.colcon_core.shell:Creating prefix chain script '/home/luiz/robotica/install/setup.bash'
[3.852s] INFO:colcon.colcon_core.shell:Creating prefix script '/home/luiz/robotica/install/local_setup.zsh'
[3.853s] INFO:colcon.colcon_core.shell:Creating prefix chain script '/home/luiz/robotica/install/setup.zsh'
