[0.019s] Invoking command in '/home/luiz/robotica/build/more_interfaces': CMAKE_PREFIX_PATH=${CMAKE_PREFIX_PATH}:/opt/ros/humble /usr/bin/cmake /home/luiz/robotica/src/more_interfaces -DCMAKE_INSTALL_PREFIX=/home/luiz/robotica/install/more_interfaces
[0.169s] -- The C compiler identification is GNU 11.4.0
[0.340s] -- The CXX compiler identification is GNU 11.4.0
[0.349s] -- Detecting C compiler ABI info
[0.410s] -- Detecting C compiler ABI info - done
[0.416s] -- Check for working C compiler: /usr/bin/cc - skipped
[0.416s] -- Detecting C compile features
[0.416s] -- Detecting C compile features - done
[0.419s] -- Detecting CXX compiler ABI info
[0.482s] -- Detecting CXX compiler ABI info - done
[0.487s] -- Check for working CXX compiler: /usr/bin/c++ - skipped
[0.487s] -- Detecting CXX compile features
[0.488s] -- Detecting CXX compile features - done
[0.492s] -- Found ament_cmake: 1.3.12 (/opt/ros/humble/share/ament_cmake/cmake)
[0.605s] -- Found Python3: /usr/bin/python3 (found version "3.10.12") found components: Interpreter 
[0.679s] -- Found rclcpp: 16.0.14 (/opt/ros/humble/share/rclcpp/cmake)
[0.731s] -- Found rosidl_generator_c: 3.1.7 (/opt/ros/humble/share/rosidl_generator_c/cmake)
[0.738s] -- Found rosidl_adapter: 3.1.7 (/opt/ros/humble/share/rosidl_adapter/cmake)
[0.749s] -- Found rosidl_generator_cpp: 3.1.7 (/opt/ros/humble/share/rosidl_generator_cpp/cmake)
[0.761s] -- Using all available rosidl_typesupport_c: rosidl_typesupport_fastrtps_c;rosidl_typesupport_introspection_c
[0.770s] -- Using all available rosidl_typesupport_cpp: rosidl_typesupport_fastrtps_cpp;rosidl_typesupport_introspection_cpp
[0.819s] -- Found rmw_implementation_cmake: 6.1.2 (/opt/ros/humble/share/rmw_implementation_cmake/cmake)
[0.822s] -- Found rmw_fastrtps_cpp: 6.2.8 (/opt/ros/humble/share/rmw_fastrtps_cpp/cmake)
[0.894s] -- Found OpenSSL: /usr/lib/x86_64-linux-gnu/libcrypto.so (found version "3.0.2")  
[0.914s] -- Found FastRTPS: /opt/ros/humble/include  
[0.939s] -- Using RMW implementation 'rmw_fastrtps_cpp' as default
[0.949s] -- Looking for pthread.h
[1.009s] -- Looking for pthread.h - found
[1.010s] -- Performing Test CMAKE_HAVE_LIBC_PTHREAD
[1.056s] -- Performing Test CMAKE_HAVE_LIBC_PTHREAD - Success
[1.056s] -- Found Threads: TRUE  
[1.113s] -- Found rosidl_default_generators: 1.2.0 (/opt/ros/humble/share/rosidl_default_generators/cmake)
[1.267s] -- Found ament_cmake_ros: 0.10.0 (/opt/ros/humble/share/ament_cmake_ros/cmake)
[1.460s] -- Using all available rosidl_typesupport_c: rosidl_typesupport_fastrtps_c;rosidl_typesupport_introspection_c
[1.537s] -- Using all available rosidl_typesupport_cpp: rosidl_typesupport_fastrtps_cpp;rosidl_typesupport_introspection_cpp
[1.552s] -- Found PythonInterp: /usr/bin/python3 (found suitable version "3.10.12", minimum required is "3.6") 
[1.553s] -- Found python_cmake_module: 0.10.0 (/opt/ros/humble/share/python_cmake_module/cmake)
[1.570s] -- Found PythonLibs: /usr/lib/x86_64-linux-gnu/libpython3.10.so (found suitable version "3.10.12", minimum required is "3.5") 
[1.570s] -- Using PYTHON_EXECUTABLE: /usr/bin/python3
[1.570s] -- Using PYTHON_INCLUDE_DIRS: /usr/include/python3.10
[1.570s] -- Using PYTHON_LIBRARIES: /usr/lib/x86_64-linux-gnu/libpython3.10.so
[1.594s] -- Found PythonExtra: .so  
[1.625s] -- Configuring done
[1.650s] -- Generating done
[1.661s] -- Build files have been written to: /home/luiz/robotica/build/more_interfaces
[1.672s] Invoked command in '/home/luiz/robotica/build/more_interfaces' returned '0': CMAKE_PREFIX_PATH=${CMAKE_PREFIX_PATH}:/opt/ros/humble /usr/bin/cmake /home/luiz/robotica/src/more_interfaces -DCMAKE_INSTALL_PREFIX=/home/luiz/robotica/install/more_interfaces
[1.672s] Invoking command in '/home/luiz/robotica/build/more_interfaces': CMAKE_PREFIX_PATH=${CMAKE_PREFIX_PATH}:/opt/ros/humble /usr/bin/cmake --build /home/luiz/robotica/build/more_interfaces -- -j12 -l12
[1.717s] [  3%] [34m[1mGenerating C code for ROS interfaces[0m
[1.735s] [  6%] [34m[1mGenerating C++ code for ROS interfaces[0m
[1.746s] [  6%] Built target ament_cmake_python_copy_more_interfaces
[1.989s] [  6%] Built target more_interfaces__cpp
[1.994s] running egg_info
[1.995s] creating more_interfaces.egg-info
[1.995s] writing more_interfaces.egg-info/PKG-INFO
[1.996s] writing dependency_links to more_interfaces.egg-info/dependency_links.txt
[1.996s] writing top-level names to more_interfaces.egg-info/top_level.txt
[1.996s] writing manifest file 'more_interfaces.egg-info/SOURCES.txt'
[1.997s] reading manifest file 'more_interfaces.egg-info/SOURCES.txt'
[1.997s] writing manifest file 'more_interfaces.egg-info/SOURCES.txt'
[2.007s] [  9%] [34m[1mGenerating C++ type support dispatch for ROS interfaces[0m
[2.013s] [ 12%] [34m[1mGenerating C++ type support for eProsima Fast-RTPS[0m
[2.013s] [ 15%] [34m[1mGenerating C++ introspection for ROS interfaces[0m
[2.040s] [ 18%] [32mBuilding C object CMakeFiles/more_interfaces__rosidl_generator_c.dir/rosidl_generator_c/more_interfaces/msg/detail/address_book__functions.c.o[0m
[2.066s] [ 18%] Built target ament_cmake_python_build_more_interfaces_egg
[2.130s] [ 21%] [32m[1mLinking C shared library libmore_interfaces__rosidl_generator_c.so[0m
[2.187s] [ 21%] Built target more_interfaces__rosidl_generator_c
[2.217s] [ 24%] [34m[1mGenerating C introspection for ROS interfaces[0m
[2.219s] [ 27%] [34m[1mGenerating C type support dispatch for ROS interfaces[0m
[2.229s] [ 30%] [34m[1mGenerating C type support for eProsima Fast-RTPS[0m
[2.259s] [ 33%] [32mBuilding CXX object CMakeFiles/more_interfaces__rosidl_typesupport_fastrtps_cpp.dir/rosidl_typesupport_fastrtps_cpp/more_interfaces/msg/detail/dds_fastrtps/address_book__type_support.cpp.o[0m
[2.259s] [ 36%] [32mBuilding CXX object CMakeFiles/more_interfaces__rosidl_typesupport_introspection_cpp.dir/rosidl_typesupport_introspection_cpp/more_interfaces/msg/detail/address_book__type_support.cpp.o[0m
[2.284s] [ 39%] [32mBuilding CXX object CMakeFiles/more_interfaces__rosidl_typesupport_cpp.dir/rosidl_typesupport_cpp/more_interfaces/msg/address_book__type_support.cpp.o[0m
[2.500s] [ 42%] [32mBuilding C object CMakeFiles/more_interfaces__rosidl_typesupport_introspection_c.dir/rosidl_typesupport_introspection_c/more_interfaces/msg/detail/address_book__type_support.c.o[0m
[2.547s] [ 45%] [32m[1mLinking CXX shared library libmore_interfaces__rosidl_typesupport_cpp.so[0m
[2.550s] [ 48%] [32mBuilding CXX object CMakeFiles/more_interfaces__rosidl_typesupport_fastrtps_c.dir/rosidl_typesupport_fastrtps_c/more_interfaces/msg/detail/address_book__type_support_c.cpp.o[0m
[2.558s] [ 51%] [32mBuilding CXX object CMakeFiles/more_interfaces__rosidl_typesupport_c.dir/rosidl_typesupport_c/more_interfaces/msg/address_book__type_support.cpp.o[0m
[2.567s] [ 54%] [32m[1mLinking C shared library libmore_interfaces__rosidl_typesupport_introspection_c.so[0m
[2.625s] [ 54%] Built target more_interfaces__rosidl_typesupport_introspection_c
[2.631s] [ 54%] Built target more_interfaces__rosidl_typesupport_cpp
[2.632s] [ 57%] [32m[1mLinking CXX shared library libmore_interfaces__rosidl_typesupport_c.so[0m
[2.658s] [ 60%] [32mBuilding CXX object CMakeFiles/publish_address_book.dir/src/publish_address_book.cpp.o[0m
[2.673s] [ 60%] Built target more_interfaces__rosidl_typesupport_c
[2.687s] [ 66%] [32m[1mLinking CXX shared library libmore_interfaces__rosidl_typesupport_fastrtps_cpp.so[0m
[2.687s] [ 66%] [32m[1mLinking CXX shared library libmore_interfaces__rosidl_typesupport_introspection_cpp.so[0m
[2.764s] [ 66%] Built target more_interfaces__rosidl_typesupport_introspection_cpp
[2.779s] [ 66%] Built target more_interfaces__rosidl_typesupport_fastrtps_cpp
[2.828s] [ 69%] [32m[1mLinking CXX shared library libmore_interfaces__rosidl_typesupport_fastrtps_c.so[0m
[2.893s] [ 69%] Built target more_interfaces__rosidl_typesupport_fastrtps_c
[2.922s] [ 69%] Built target more_interfaces
[2.941s] [ 72%] [34m[1mGenerating Python code for ROS interfaces[0m
[3.184s] [ 72%] Built target more_interfaces__py
[3.205s] [ 75%] [32mBuilding C object CMakeFiles/more_interfaces__rosidl_generator_py.dir/rosidl_generator_py/more_interfaces/msg/_address_book_s.c.o[0m
[3.346s] [ 78%] [32m[1mLinking C shared library rosidl_generator_py/more_interfaces/libmore_interfaces__rosidl_generator_py.so[0m
[3.383s] [ 78%] Built target more_interfaces__rosidl_generator_py
[3.404s] [ 81%] [32mBuilding C object CMakeFiles/more_interfaces__rosidl_typesupport_fastrtps_c__pyext.dir/rosidl_generator_py/more_interfaces/_more_interfaces_s.ep.rosidl_typesupport_fastrtps_c.c.o[0m
[3.412s] [ 87%] [32mBuilding C object CMakeFiles/more_interfaces__rosidl_typesupport_introspection_c__pyext.dir/rosidl_generator_py/more_interfaces/_more_interfaces_s.ep.rosidl_typesupport_introspection_c.c.o[0m
[3.420s] [ 87%] [32mBuilding C object CMakeFiles/more_interfaces__rosidl_typesupport_c__pyext.dir/rosidl_generator_py/more_interfaces/_more_interfaces_s.ep.rosidl_typesupport_c.c.o[0m
[3.491s] [ 93%] [32m[1mLinking C shared library rosidl_generator_py/more_interfaces/more_interfaces_s__rosidl_typesupport_introspection_c.cpython-310-x86_64-linux-gnu.so[0m
[3.491s] [ 93%] [32m[1mLinking C shared library rosidl_generator_py/more_interfaces/more_interfaces_s__rosidl_typesupport_fastrtps_c.cpython-310-x86_64-linux-gnu.so[0m
[3.500s] [ 96%] [32m[1mLinking C shared library rosidl_generator_py/more_interfaces/more_interfaces_s__rosidl_typesupport_c.cpython-310-x86_64-linux-gnu.so[0m
[3.527s] [ 96%] Built target more_interfaces__rosidl_typesupport_introspection_c__pyext
[3.534s] [ 96%] Built target more_interfaces__rosidl_typesupport_fastrtps_c__pyext
[3.544s] [ 96%] Built target more_interfaces__rosidl_typesupport_c__pyext
[5.331s] [100%] [32m[1mLinking CXX executable publish_address_book[0m
[5.428s] [100%] Built target publish_address_book
[5.436s] Invoked command in '/home/luiz/robotica/build/more_interfaces' returned '0': CMAKE_PREFIX_PATH=${CMAKE_PREFIX_PATH}:/opt/ros/humble /usr/bin/cmake --build /home/luiz/robotica/build/more_interfaces -- -j12 -l12
[5.437s] Invoking command in '/home/luiz/robotica/build/more_interfaces': CMAKE_PREFIX_PATH=${CMAKE_PREFIX_PATH}:/opt/ros/humble /usr/bin/cmake --install /home/luiz/robotica/build/more_interfaces
[5.442s] -- Install configuration: ""
[5.442s] -- Installing: /home/luiz/robotica/install/more_interfaces/share/ament_index/resource_index/rosidl_interfaces/more_interfaces
[5.442s] -- Installing: /home/luiz/robotica/install/more_interfaces/include/more_interfaces/more_interfaces
[5.442s] -- Installing: /home/luiz/robotica/install/more_interfaces/include/more_interfaces/more_interfaces/msg
[5.442s] -- Installing: /home/luiz/robotica/install/more_interfaces/include/more_interfaces/more_interfaces/msg/detail
[5.442s] -- Installing: /home/luiz/robotica/install/more_interfaces/include/more_interfaces/more_interfaces/msg/detail/address_book__functions.h
[5.442s] -- Installing: /home/luiz/robotica/install/more_interfaces/include/more_interfaces/more_interfaces/msg/detail/address_book__struct.h
[5.442s] -- Installing: /home/luiz/robotica/install/more_interfaces/include/more_interfaces/more_interfaces/msg/detail/address_book__type_support.h
[5.443s] -- Installing: /home/luiz/robotica/install/more_interfaces/include/more_interfaces/more_interfaces/msg/detail/address_book__functions.c
[5.443s] -- Installing: /home/luiz/robotica/install/more_interfaces/include/more_interfaces/more_interfaces/msg/rosidl_generator_c__visibility_control.h
[5.443s] -- Installing: /home/luiz/robotica/install/more_interfaces/include/more_interfaces/more_interfaces/msg/address_book.h
[5.443s] -- Installing: /home/luiz/robotica/install/more_interfaces/share/more_interfaces/environment/library_path.sh
[5.443s] -- Installing: /home/luiz/robotica/install/more_interfaces/share/more_interfaces/environment/library_path.dsv
[5.443s] -- Installing: /home/luiz/robotica/install/more_interfaces/lib/libmore_interfaces__rosidl_generator_c.so
[5.443s] -- Set runtime path of "/home/luiz/robotica/install/more_interfaces/lib/libmore_interfaces__rosidl_generator_c.so" to ""
[5.443s] -- Up-to-date: /home/luiz/robotica/install/more_interfaces/include/more_interfaces/more_interfaces
[5.443s] -- Up-to-date: /home/luiz/robotica/install/more_interfaces/include/more_interfaces/more_interfaces/msg
[5.444s] -- Up-to-date: /home/luiz/robotica/install/more_interfaces/include/more_interfaces/more_interfaces/msg/detail
[5.444s] -- Installing: /home/luiz/robotica/install/more_interfaces/include/more_interfaces/more_interfaces/msg/detail/address_book__rosidl_typesupport_fastrtps_c.h
[5.444s] -- Installing: /home/luiz/robotica/install/more_interfaces/include/more_interfaces/more_interfaces/msg/rosidl_typesupport_fastrtps_c__visibility_control.h
[5.444s] -- Installing: /home/luiz/robotica/install/more_interfaces/lib/libmore_interfaces__rosidl_typesupport_fastrtps_c.so
[5.444s] -- Set runtime path of "/home/luiz/robotica/install/more_interfaces/lib/libmore_interfaces__rosidl_typesupport_fastrtps_c.so" to ""
[5.444s] -- Up-to-date: /home/luiz/robotica/install/more_interfaces/include/more_interfaces/more_interfaces
[5.444s] -- Up-to-date: /home/luiz/robotica/install/more_interfaces/include/more_interfaces/more_interfaces/msg
[5.444s] -- Installing: /home/luiz/robotica/install/more_interfaces/include/more_interfaces/more_interfaces/msg/rosidl_generator_cpp__visibility_control.hpp
[5.444s] -- Up-to-date: /home/luiz/robotica/install/more_interfaces/include/more_interfaces/more_interfaces/msg/detail
[5.444s] -- Installing: /home/luiz/robotica/install/more_interfaces/include/more_interfaces/more_interfaces/msg/detail/address_book__traits.hpp
[5.444s] -- Installing: /home/luiz/robotica/install/more_interfaces/include/more_interfaces/more_interfaces/msg/detail/address_book__builder.hpp
[5.444s] -- Installing: /home/luiz/robotica/install/more_interfaces/include/more_interfaces/more_interfaces/msg/detail/address_book__type_support.hpp
[5.444s] -- Installing: /home/luiz/robotica/install/more_interfaces/include/more_interfaces/more_interfaces/msg/detail/address_book__struct.hpp
[5.445s] -- Installing: /home/luiz/robotica/install/more_interfaces/include/more_interfaces/more_interfaces/msg/address_book.hpp
[5.445s] -- Up-to-date: /home/luiz/robotica/install/more_interfaces/include/more_interfaces/more_interfaces
[5.445s] -- Up-to-date: /home/luiz/robotica/install/more_interfaces/include/more_interfaces/more_interfaces/msg
[5.445s] -- Up-to-date: /home/luiz/robotica/install/more_interfaces/include/more_interfaces/more_interfaces/msg/detail
[5.445s] -- Installing: /home/luiz/robotica/install/more_interfaces/include/more_interfaces/more_interfaces/msg/detail/address_book__rosidl_typesupport_fastrtps_cpp.hpp
[5.445s] -- Installing: /home/luiz/robotica/install/more_interfaces/include/more_interfaces/more_interfaces/msg/detail/dds_fastrtps
[5.445s] -- Installing: /home/luiz/robotica/install/more_interfaces/include/more_interfaces/more_interfaces/msg/rosidl_typesupport_fastrtps_cpp__visibility_control.h
[5.445s] -- Installing: /home/luiz/robotica/install/more_interfaces/lib/libmore_interfaces__rosidl_typesupport_fastrtps_cpp.so
[5.445s] -- Set runtime path of "/home/luiz/robotica/install/more_interfaces/lib/libmore_interfaces__rosidl_typesupport_fastrtps_cpp.so" to ""
[5.445s] -- Up-to-date: /home/luiz/robotica/install/more_interfaces/include/more_interfaces/more_interfaces
[5.445s] -- Up-to-date: /home/luiz/robotica/install/more_interfaces/include/more_interfaces/more_interfaces/msg
[5.445s] -- Up-to-date: /home/luiz/robotica/install/more_interfaces/include/more_interfaces/more_interfaces/msg/detail
[5.446s] -- Installing: /home/luiz/robotica/install/more_interfaces/include/more_interfaces/more_interfaces/msg/detail/address_book__type_support.c
[5.446s] -- Installing: /home/luiz/robotica/install/more_interfaces/include/more_interfaces/more_interfaces/msg/detail/address_book__rosidl_typesupport_introspection_c.h
[5.446s] -- Installing: /home/luiz/robotica/install/more_interfaces/include/more_interfaces/more_interfaces/msg/rosidl_typesupport_introspection_c__visibility_control.h
[5.446s] -- Installing: /home/luiz/robotica/install/more_interfaces/lib/libmore_interfaces__rosidl_typesupport_introspection_c.so
[5.446s] -- Set runtime path of "/home/luiz/robotica/install/more_interfaces/lib/libmore_interfaces__rosidl_typesupport_introspection_c.so" to ""
[5.446s] -- Installing: /home/luiz/robotica/install/more_interfaces/lib/libmore_interfaces__rosidl_typesupport_c.so
[5.447s] -- Set runtime path of "/home/luiz/robotica/install/more_interfaces/lib/libmore_interfaces__rosidl_typesupport_c.so" to ""
[5.447s] -- Up-to-date: /home/luiz/robotica/install/more_interfaces/include/more_interfaces/more_interfaces
[5.447s] -- Up-to-date: /home/luiz/robotica/install/more_interfaces/include/more_interfaces/more_interfaces/msg
[5.447s] -- Up-to-date: /home/luiz/robotica/install/more_interfaces/include/more_interfaces/more_interfaces/msg/detail
[5.447s] -- Installing: /home/luiz/robotica/install/more_interfaces/include/more_interfaces/more_interfaces/msg/detail/address_book__rosidl_typesupport_introspection_cpp.hpp
[5.447s] -- Installing: /home/luiz/robotica/install/more_interfaces/include/more_interfaces/more_interfaces/msg/detail/address_book__type_support.cpp
[5.447s] -- Installing: /home/luiz/robotica/install/more_interfaces/lib/libmore_interfaces__rosidl_typesupport_introspection_cpp.so
[5.447s] -- Set runtime path of "/home/luiz/robotica/install/more_interfaces/lib/libmore_interfaces__rosidl_typesupport_introspection_cpp.so" to ""
[5.447s] -- Installing: /home/luiz/robotica/install/more_interfaces/lib/libmore_interfaces__rosidl_typesupport_cpp.so
[5.448s] -- Set runtime path of "/home/luiz/robotica/install/more_interfaces/lib/libmore_interfaces__rosidl_typesupport_cpp.so" to ""
[5.448s] -- Installing: /home/luiz/robotica/install/more_interfaces/share/more_interfaces/environment/pythonpath.sh
[5.448s] -- Installing: /home/luiz/robotica/install/more_interfaces/share/more_interfaces/environment/pythonpath.dsv
[5.448s] -- Installing: /home/luiz/robotica/install/more_interfaces/local/lib/python3.10/dist-packages/more_interfaces-0.0.0-py3.10.egg-info
[5.448s] -- Installing: /home/luiz/robotica/install/more_interfaces/local/lib/python3.10/dist-packages/more_interfaces-0.0.0-py3.10.egg-info/PKG-INFO
[5.448s] -- Installing: /home/luiz/robotica/install/more_interfaces/local/lib/python3.10/dist-packages/more_interfaces-0.0.0-py3.10.egg-info/SOURCES.txt
[5.448s] -- Installing: /home/luiz/robotica/install/more_interfaces/local/lib/python3.10/dist-packages/more_interfaces-0.0.0-py3.10.egg-info/dependency_links.txt
[5.448s] -- Installing: /home/luiz/robotica/install/more_interfaces/local/lib/python3.10/dist-packages/more_interfaces-0.0.0-py3.10.egg-info/top_level.txt
[5.449s] -- Installing: /home/luiz/robotica/install/more_interfaces/local/lib/python3.10/dist-packages/more_interfaces
[5.449s] -- Installing: /home/luiz/robotica/install/more_interfaces/local/lib/python3.10/dist-packages/more_interfaces/_more_interfaces_s.ep.rosidl_typesupport_c.c
[5.449s] -- Installing: /home/luiz/robotica/install/more_interfaces/local/lib/python3.10/dist-packages/more_interfaces/__init__.py
[5.449s] -- Installing: /home/luiz/robotica/install/more_interfaces/local/lib/python3.10/dist-packages/more_interfaces/_more_interfaces_s.ep.rosidl_typesupport_fastrtps_c.c
[5.449s] -- Installing: /home/luiz/robotica/install/more_interfaces/local/lib/python3.10/dist-packages/more_interfaces/libmore_interfaces__rosidl_generator_py.so
[5.449s] -- Installing: /home/luiz/robotica/install/more_interfaces/local/lib/python3.10/dist-packages/more_interfaces/more_interfaces_s__rosidl_typesupport_c.cpython-310-x86_64-linux-gnu.so
[5.449s] -- Installing: /home/luiz/robotica/install/more_interfaces/local/lib/python3.10/dist-packages/more_interfaces/more_interfaces_s__rosidl_typesupport_introspection_c.cpython-310-x86_64-linux-gnu.so
[5.449s] -- Installing: /home/luiz/robotica/install/more_interfaces/local/lib/python3.10/dist-packages/more_interfaces/msg
[5.449s] -- Installing: /home/luiz/robotica/install/more_interfaces/local/lib/python3.10/dist-packages/more_interfaces/msg/_address_book_s.c
[5.450s] -- Installing: /home/luiz/robotica/install/more_interfaces/local/lib/python3.10/dist-packages/more_interfaces/msg/__init__.py
[5.450s] -- Installing: /home/luiz/robotica/install/more_interfaces/local/lib/python3.10/dist-packages/more_interfaces/msg/_address_book.py
[5.450s] -- Installing: /home/luiz/robotica/install/more_interfaces/local/lib/python3.10/dist-packages/more_interfaces/_more_interfaces_s.ep.rosidl_typesupport_introspection_c.c
[5.450s] -- Installing: /home/luiz/robotica/install/more_interfaces/local/lib/python3.10/dist-packages/more_interfaces/more_interfaces_s__rosidl_typesupport_fastrtps_c.cpython-310-x86_64-linux-gnu.so
[5.468s] Listing '/home/luiz/robotica/install/more_interfaces/local/lib/python3.10/dist-packages/more_interfaces'...
[5.468s] Compiling '/home/luiz/robotica/install/more_interfaces/local/lib/python3.10/dist-packages/more_interfaces/__init__.py'...
[5.468s] Listing '/home/luiz/robotica/install/more_interfaces/local/lib/python3.10/dist-packages/more_interfaces/msg'...
[5.468s] Compiling '/home/luiz/robotica/install/more_interfaces/local/lib/python3.10/dist-packages/more_interfaces/msg/__init__.py'...
[5.468s] Compiling '/home/luiz/robotica/install/more_interfaces/local/lib/python3.10/dist-packages/more_interfaces/msg/_address_book.py'...
[5.470s] -- Installing: /home/luiz/robotica/install/more_interfaces/local/lib/python3.10/dist-packages/more_interfaces/more_interfaces_s__rosidl_typesupport_fastrtps_c.cpython-310-x86_64-linux-gnu.so
[5.471s] -- Set runtime path of "/home/luiz/robotica/install/more_interfaces/local/lib/python3.10/dist-packages/more_interfaces/more_interfaces_s__rosidl_typesupport_fastrtps_c.cpython-310-x86_64-linux-gnu.so" to ""
[5.471s] -- Installing: /home/luiz/robotica/install/more_interfaces/local/lib/python3.10/dist-packages/more_interfaces/more_interfaces_s__rosidl_typesupport_introspection_c.cpython-310-x86_64-linux-gnu.so
[5.471s] -- Set runtime path of "/home/luiz/robotica/install/more_interfaces/local/lib/python3.10/dist-packages/more_interfaces/more_interfaces_s__rosidl_typesupport_introspection_c.cpython-310-x86_64-linux-gnu.so" to ""
[5.471s] -- Installing: /home/luiz/robotica/install/more_interfaces/local/lib/python3.10/dist-packages/more_interfaces/more_interfaces_s__rosidl_typesupport_c.cpython-310-x86_64-linux-gnu.so
[5.471s] -- Set runtime path of "/home/luiz/robotica/install/more_interfaces/local/lib/python3.10/dist-packages/more_interfaces/more_interfaces_s__rosidl_typesupport_c.cpython-310-x86_64-linux-gnu.so" to ""
[5.471s] -- Installing: /home/luiz/robotica/install/more_interfaces/lib/libmore_interfaces__rosidl_generator_py.so
[5.472s] -- Set runtime path of "/home/luiz/robotica/install/more_interfaces/lib/libmore_interfaces__rosidl_generator_py.so" to ""
[5.472s] -- Installing: /home/luiz/robotica/install/more_interfaces/share/more_interfaces/msg/AddressBook.idl
[5.472s] -- Installing: /home/luiz/robotica/install/more_interfaces/share/more_interfaces/msg/AddressBook.msg
[5.472s] -- Installing: /home/luiz/robotica/install/more_interfaces/lib/more_interfaces/publish_address_book
[5.473s] -- Set runtime path of "/home/luiz/robotica/install/more_interfaces/lib/more_interfaces/publish_address_book" to ""
[5.473s] -- Installing: /home/luiz/robotica/install/more_interfaces/share/ament_index/resource_index/package_run_dependencies/more_interfaces
[5.473s] -- Installing: /home/luiz/robotica/install/more_interfaces/share/ament_index/resource_index/parent_prefix_path/more_interfaces
[5.473s] -- Installing: /home/luiz/robotica/install/more_interfaces/share/more_interfaces/environment/ament_prefix_path.sh
[5.473s] -- Installing: /home/luiz/robotica/install/more_interfaces/share/more_interfaces/environment/ament_prefix_path.dsv
[5.473s] -- Installing: /home/luiz/robotica/install/more_interfaces/share/more_interfaces/environment/path.sh
[5.473s] -- Installing: /home/luiz/robotica/install/more_interfaces/share/more_interfaces/environment/path.dsv
[5.473s] -- Installing: /home/luiz/robotica/install/more_interfaces/share/more_interfaces/local_setup.bash
[5.474s] -- Installing: /home/luiz/robotica/install/more_interfaces/share/more_interfaces/local_setup.sh
[5.474s] -- Installing: /home/luiz/robotica/install/more_interfaces/share/more_interfaces/local_setup.zsh
[5.474s] -- Installing: /home/luiz/robotica/install/more_interfaces/share/more_interfaces/local_setup.dsv
[5.474s] -- Installing: /home/luiz/robotica/install/more_interfaces/share/more_interfaces/package.dsv
[5.474s] -- Installing: /home/luiz/robotica/install/more_interfaces/share/ament_index/resource_index/packages/more_interfaces
[5.474s] -- Installing: /home/luiz/robotica/install/more_interfaces/share/more_interfaces/cmake/export_more_interfaces__rosidl_generator_cExport.cmake
[5.474s] -- Installing: /home/luiz/robotica/install/more_interfaces/share/more_interfaces/cmake/export_more_interfaces__rosidl_generator_cExport-noconfig.cmake
[5.474s] -- Installing: /home/luiz/robotica/install/more_interfaces/share/more_interfaces/cmake/export_more_interfaces__rosidl_typesupport_fastrtps_cExport.cmake
[5.475s] -- Installing: /home/luiz/robotica/install/more_interfaces/share/more_interfaces/cmake/export_more_interfaces__rosidl_typesupport_fastrtps_cExport-noconfig.cmake
[5.475s] -- Installing: /home/luiz/robotica/install/more_interfaces/share/more_interfaces/cmake/export_more_interfaces__rosidl_generator_cppExport.cmake
[5.475s] -- Installing: /home/luiz/robotica/install/more_interfaces/share/more_interfaces/cmake/export_more_interfaces__rosidl_typesupport_fastrtps_cppExport.cmake
[5.475s] -- Installing: /home/luiz/robotica/install/more_interfaces/share/more_interfaces/cmake/export_more_interfaces__rosidl_typesupport_fastrtps_cppExport-noconfig.cmake
[5.475s] -- Installing: /home/luiz/robotica/install/more_interfaces/share/more_interfaces/cmake/more_interfaces__rosidl_typesupport_introspection_cExport.cmake
[5.475s] -- Installing: /home/luiz/robotica/install/more_interfaces/share/more_interfaces/cmake/more_interfaces__rosidl_typesupport_introspection_cExport-noconfig.cmake
[5.475s] -- Installing: /home/luiz/robotica/install/more_interfaces/share/more_interfaces/cmake/more_interfaces__rosidl_typesupport_cExport.cmake
[5.475s] -- Installing: /home/luiz/robotica/install/more_interfaces/share/more_interfaces/cmake/more_interfaces__rosidl_typesupport_cExport-noconfig.cmake
[5.475s] -- Installing: /home/luiz/robotica/install/more_interfaces/share/more_interfaces/cmake/more_interfaces__rosidl_typesupport_introspection_cppExport.cmake
[5.476s] -- Installing: /home/luiz/robotica/install/more_interfaces/share/more_interfaces/cmake/more_interfaces__rosidl_typesupport_introspection_cppExport-noconfig.cmake
[5.476s] -- Installing: /home/luiz/robotica/install/more_interfaces/share/more_interfaces/cmake/more_interfaces__rosidl_typesupport_cppExport.cmake
[5.476s] -- Installing: /home/luiz/robotica/install/more_interfaces/share/more_interfaces/cmake/more_interfaces__rosidl_typesupport_cppExport-noconfig.cmake
[5.476s] -- Installing: /home/luiz/robotica/install/more_interfaces/share/more_interfaces/cmake/export_more_interfaces__rosidl_generator_pyExport.cmake
[5.476s] -- Installing: /home/luiz/robotica/install/more_interfaces/share/more_interfaces/cmake/export_more_interfaces__rosidl_generator_pyExport-noconfig.cmake
[5.476s] -- Installing: /home/luiz/robotica/install/more_interfaces/share/more_interfaces/cmake/rosidl_cmake-extras.cmake
[5.476s] -- Installing: /home/luiz/robotica/install/more_interfaces/share/more_interfaces/cmake/ament_cmake_export_include_directories-extras.cmake
[5.476s] -- Installing: /home/luiz/robotica/install/more_interfaces/share/more_interfaces/cmake/ament_cmake_export_libraries-extras.cmake
[5.476s] -- Installing: /home/luiz/robotica/install/more_interfaces/share/more_interfaces/cmake/ament_cmake_export_targets-extras.cmake
[5.477s] -- Installing: /home/luiz/robotica/install/more_interfaces/share/more_interfaces/cmake/rosidl_cmake_export_typesupport_targets-extras.cmake
[5.477s] -- Installing: /home/luiz/robotica/install/more_interfaces/share/more_interfaces/cmake/ament_cmake_export_dependencies-extras.cmake
[5.477s] -- Installing: /home/luiz/robotica/install/more_interfaces/share/more_interfaces/cmake/rosidl_cmake_export_typesupport_libraries-extras.cmake
[5.477s] -- Installing: /home/luiz/robotica/install/more_interfaces/share/more_interfaces/cmake/more_interfacesConfig.cmake
[5.477s] -- Installing: /home/luiz/robotica/install/more_interfaces/share/more_interfaces/cmake/more_interfacesConfig-version.cmake
[5.477s] -- Installing: /home/luiz/robotica/install/more_interfaces/share/more_interfaces/package.xml
[5.479s] Invoked command in '/home/luiz/robotica/build/more_interfaces' returned '0': CMAKE_PREFIX_PATH=${CMAKE_PREFIX_PATH}:/opt/ros/humble /usr/bin/cmake --install /home/luiz/robotica/build/more_interfaces
