[0.020s] Invoking command in '/home/luiz/robotica/build/cpp_parameters': CMAKE_PREFIX_PATH=${CMAKE_PREFIX_PATH}:/opt/ros/humble /usr/bin/cmake --build /home/luiz/robotica/build/cpp_parameters -- -j12 -l12
[0.066s] [100%] Built target minimal_param_node
[0.086s] Invoked command in '/home/luiz/robotica/build/cpp_parameters' returned '0': CMAKE_PREFIX_PATH=${CMAKE_PREFIX_PATH}:/opt/ros/humble /usr/bin/cmake --build /home/luiz/robotica/build/cpp_parameters -- -j12 -l12
[0.088s] Invoking command in '/home/luiz/robotica/build/cpp_parameters': CMAKE_PREFIX_PATH=${CMAKE_PREFIX_PATH}:/opt/ros/humble /usr/bin/cmake --install /home/luiz/robotica/build/cpp_parameters
[0.098s] -- Install configuration: ""
[0.098s] -- Up-to-date: /home/luiz/robotica/install/cpp_parameters/lib/cpp_parameters/minimal_param_node
[0.098s] -- Up-to-date: /home/luiz/robotica/install/cpp_parameters/share/cpp_parameters/launch
[0.098s] -- Up-to-date: /home/luiz/robotica/install/cpp_parameters/share/cpp_parameters/launch/cpp_parameters_launch.py
[0.098s] -- Up-to-date: /home/luiz/robotica/install/cpp_parameters/share/ament_index/resource_index/package_run_dependencies/cpp_parameters
[0.098s] -- Up-to-date: /home/luiz/robotica/install/cpp_parameters/share/ament_index/resource_index/parent_prefix_path/cpp_parameters
[0.098s] -- Up-to-date: /home/luiz/robotica/install/cpp_parameters/share/cpp_parameters/environment/ament_prefix_path.sh
[0.098s] -- Up-to-date: /home/luiz/robotica/install/cpp_parameters/share/cpp_parameters/environment/ament_prefix_path.dsv
[0.098s] -- Up-to-date: /home/luiz/robotica/install/cpp_parameters/share/cpp_parameters/environment/path.sh
[0.098s] -- Up-to-date: /home/luiz/robotica/install/cpp_parameters/share/cpp_parameters/environment/path.dsv
[0.098s] -- Up-to-date: /home/luiz/robotica/install/cpp_parameters/share/cpp_parameters/local_setup.bash
[0.098s] -- Up-to-date: /home/luiz/robotica/install/cpp_parameters/share/cpp_parameters/local_setup.sh
[0.098s] -- Up-to-date: /home/luiz/robotica/install/cpp_parameters/share/cpp_parameters/local_setup.zsh
[0.098s] -- Up-to-date: /home/luiz/robotica/install/cpp_parameters/share/cpp_parameters/local_setup.dsv
[0.098s] -- Installing: /home/luiz/robotica/install/cpp_parameters/share/cpp_parameters/package.dsv
[0.099s] -- Up-to-date: /home/luiz/robotica/install/cpp_parameters/share/ament_index/resource_index/packages/cpp_parameters
[0.099s] -- Up-to-date: /home/luiz/robotica/install/cpp_parameters/share/cpp_parameters/cmake/cpp_parametersConfig.cmake
[0.099s] -- Up-to-date: /home/luiz/robotica/install/cpp_parameters/share/cpp_parameters/cmake/cpp_parametersConfig-version.cmake
[0.099s] -- Up-to-date: /home/luiz/robotica/install/cpp_parameters/share/cpp_parameters/package.xml
[0.126s] Invoked command in '/home/luiz/robotica/build/cpp_parameters' returned '0': CMAKE_PREFIX_PATH=${CMAKE_PREFIX_PATH}:/opt/ros/humble /usr/bin/cmake --install /home/luiz/robotica/build/cpp_parameters
