[0.015s] Invoking command in '/home/luiz/robotica/build/action_tutorials_cpp': CMAKE_PREFIX_PATH=/home/luiz/robotica/install/action_tutorials_interfaces:/home/luiz/robotica/install/action_tutorials_cpp:/home/luiz/robotica/install/more_interfaces:/home/luiz/robotica/install/cpp_srvcli:/home/luiz/robotica/install/cpp_pubsub:/home/luiz/robotica/install/cpp_parameters:/home/luiz/robotica/install/polygon_plugins:/home/luiz/robotica/install/polygon_base:/opt/ros/humble LD_LIBRARY_PATH=/home/luiz/robotica/install/action_tutorials_interfaces/lib:/home/luiz/robotica/install/action_tutorials_cpp/lib:/home/luiz/robotica/install/more_interfaces/lib:/home/luiz/robotica/install/polygon_plugins/lib:/opt/ros/humble/opt/rviz_ogre_vendor/lib:/opt/ros/humble/lib/x86_64-linux-gnu:/opt/ros/humble/lib /usr/bin/cmake --build /home/luiz/robotica/build/action_tutorials_cpp -- -j12 -l12
[0.036s] -- Found ament_cmake: 1.3.12 (/opt/ros/humble/share/ament_cmake/cmake)
[0.121s] -- Found action_tutorials_interfaces: 0.0.0 (/home/luiz/robotica/install/action_tutorials_interfaces/share/action_tutorials_interfaces/cmake)
[0.134s] -- Found rosidl_generator_c: 3.1.7 (/opt/ros/humble/share/rosidl_generator_c/cmake)
[0.135s] -- Found rosidl_adapter: 3.1.7 (/opt/ros/humble/share/rosidl_adapter/cmake)
[0.138s] -- Found rosidl_generator_cpp: 3.1.7 (/opt/ros/humble/share/rosidl_generator_cpp/cmake)
[0.145s] -- Using all available rosidl_typesupport_c: rosidl_typesupport_fastrtps_c;rosidl_typesupport_introspection_c
[0.154s] -- Using all available rosidl_typesupport_cpp: rosidl_typesupport_fastrtps_cpp;rosidl_typesupport_introspection_cpp
[0.183s] -- Found rclcpp: 16.0.14 (/opt/ros/humble/share/rclcpp/cmake)
[0.196s] -- Found rmw_implementation_cmake: 6.1.2 (/opt/ros/humble/share/rmw_implementation_cmake/cmake)
[0.197s] -- Found rmw_fastrtps_cpp: 6.2.8 (/opt/ros/humble/share/rmw_fastrtps_cpp/cmake)
[0.259s] -- Using RMW implementation 'rmw_fastrtps_cpp' as default
[0.285s] -- Found rclcpp_action: 16.0.14 (/opt/ros/humble/share/rclcpp_action/cmake)
[0.289s] -- Found rclcpp_components: 16.0.14 (/opt/ros/humble/share/rclcpp_components/cmake)
[0.301s] -- Found ament_lint_auto: 0.12.14 (/opt/ros/humble/share/ament_lint_auto/cmake)
[0.338s] -- Added test 'cppcheck' to perform static code analysis on C / C++ code
[0.338s] -- Configured cppcheck include dirs: $<BUILD_INTERFACE:/home/luiz/robotica/src/action_tutorials_cpp/include>
[0.338s] -- Configured cppcheck exclude dirs and/or files: 
[0.338s] -- Added test 'lint_cmake' to check CMake code style
[0.339s] -- Added test 'uncrustify' to check C / C++ code style
[0.339s] -- Configured uncrustify additional arguments: 
[0.339s] -- Added test 'xmllint' to check XML markup files
[0.339s] -- Configuring done
[0.351s] -- Generating done
[0.356s] -- Build files have been written to: /home/luiz/robotica/build/action_tutorials_cpp
[0.375s] [35m[1mConsolidate compiler generated dependencies of target fibonacci_action_server[0m
[0.375s] [35m[1mConsolidate compiler generated dependencies of target action_server[0m
[0.382s] [ 12%] [32mBuilding CXX object CMakeFiles/action_client.dir/src/fibonacci_action_client.cpp.o[0m
[0.382s] [ 25%] [32mBuilding CXX object CMakeFiles/fibonacci_action_client.dir/rclcpp_components/node_main_fibonacci_action_client.cpp.o[0m
[0.387s] [ 50%] Built target action_server
[0.387s] [ 75%] Built target fibonacci_action_server
[1.690s] [01m[K/home/luiz/robotica/src/action_tutorials_cpp/src/fibonacci_action_client.cpp:24:14:[m[K [01;31m[Kerror: [m[Kexpected unqualified-id before ‘[01m[K=[m[K’ token
[1.690s]    24 |             }[01;31m[K=[m[K
[1.690s]       |              [01;31m[K^[m[K
[1.698s] [01m[K/home/luiz/robotica/src/action_tutorials_cpp/src/fibonacci_action_client.cpp:[m[K In constructor ‘[01m[Kaction_tutorials_cpp::FibonacciActionClient::FibonacciActionClient(const rclcpp::NodeOptions&)[m[K’:
[1.698s] [01m[K/home/luiz/robotica/src/action_tutorials_cpp/src/fibonacci_action_client.cpp:23:51:[m[K [01;31m[Kerror: [m[K‘[01m[Ksend_goal[m[K’ is not a member of ‘[01m[Kaction_tutorials_cpp::FibonacciActionClient[m[K’
[1.699s]    23 |                 std::bind(&FibonacciActionClient::[01;31m[Ksend_goal[m[K, this));
[1.699s]       |                                                   [01;31m[K^~~~~~~~~[m[K
[2.035s] [ 87%] [32m[1mLinking CXX executable fibonacci_action_client[0m
[2.038s] gmake[2]: *** [CMakeFiles/action_client.dir/build.make:76: CMakeFiles/action_client.dir/src/fibonacci_action_client.cpp.o] Error 1
[2.038s] gmake[1]: *** [CMakeFiles/Makefile2:195: CMakeFiles/action_client.dir/all] Error 2
[2.038s] gmake[1]: *** Waiting for unfinished jobs....
[2.105s] [ 87%] Built target fibonacci_action_client
[2.106s] gmake: *** [Makefile:146: all] Error 2
[2.107s] Invoked command in '/home/luiz/robotica/build/action_tutorials_cpp' returned '2': CMAKE_PREFIX_PATH=/home/luiz/robotica/install/action_tutorials_interfaces:/home/luiz/robotica/install/action_tutorials_cpp:/home/luiz/robotica/install/more_interfaces:/home/luiz/robotica/install/cpp_srvcli:/home/luiz/robotica/install/cpp_pubsub:/home/luiz/robotica/install/cpp_parameters:/home/luiz/robotica/install/polygon_plugins:/home/luiz/robotica/install/polygon_base:/opt/ros/humble LD_LIBRARY_PATH=/home/luiz/robotica/install/action_tutorials_interfaces/lib:/home/luiz/robotica/install/action_tutorials_cpp/lib:/home/luiz/robotica/install/more_interfaces/lib:/home/luiz/robotica/install/polygon_plugins/lib:/opt/ros/humble/opt/rviz_ogre_vendor/lib:/opt/ros/humble/lib/x86_64-linux-gnu:/opt/ros/humble/lib /usr/bin/cmake --build /home/luiz/robotica/build/action_tutorials_cpp -- -j12 -l12
