[0.017s] Invoking command in '/home/luiz/robotica/build/polygon_plugins': CMAKE_PREFIX_PATH=/home/luiz/robotica/install/polygon_base:/home/luiz/robotica/install/polygon_plugins:/home/luiz/robotica/install/more_interfaces:/home/luiz/robotica/install/cpp_srvcli:/home/luiz/robotica/install/cpp_pubsub:/home/luiz/robotica/install/cpp_parameters:/home/luiz/robotica/install/action_tutorials_cpp:/home/luiz/robotica/install/action_tutorials_interfaces:/opt/ros/humble /usr/bin/cmake --build /home/luiz/robotica/build/polygon_plugins -- -j12 -l12
[0.075s] [100%] Built target polygon_plugins
[0.088s] Invoked command in '/home/luiz/robotica/build/polygon_plugins' returned '0': CMAKE_PREFIX_PATH=/home/luiz/robotica/install/polygon_base:/home/luiz/robotica/install/polygon_plugins:/home/luiz/robotica/install/more_interfaces:/home/luiz/robotica/install/cpp_srvcli:/home/luiz/robotica/install/cpp_pubsub:/home/luiz/robotica/install/cpp_parameters:/home/luiz/robotica/install/action_tutorials_cpp:/home/luiz/robotica/install/action_tutorials_interfaces:/opt/ros/humble /usr/bin/cmake --build /home/luiz/robotica/build/polygon_plugins -- -j12 -l12
[0.088s] Invoking command in '/home/luiz/robotica/build/polygon_plugins': CMAKE_PREFIX_PATH=/home/luiz/robotica/install/polygon_base:/home/luiz/robotica/install/polygon_plugins:/home/luiz/robotica/install/more_interfaces:/home/luiz/robotica/install/cpp_srvcli:/home/luiz/robotica/install/cpp_pubsub:/home/luiz/robotica/install/cpp_parameters:/home/luiz/robotica/install/action_tutorials_cpp:/home/luiz/robotica/install/action_tutorials_interfaces:/opt/ros/humble /usr/bin/cmake --install /home/luiz/robotica/build/polygon_plugins
[0.098s] -- Install configuration: ""
[0.098s] -- Up-to-date: /home/luiz/robotica/install/polygon_plugins/include
[0.098s] -- Up-to-date: /home/luiz/robotica/install/polygon_plugins/include/polygon_plugins
[0.099s] -- Up-to-date: /home/luiz/robotica/install/polygon_plugins/include/polygon_plugins/visibility_control.h
[0.099s] -- Up-to-date: /home/luiz/robotica/install/polygon_plugins/include/polygon_plugins/polygon_plugins.hpp
[0.099s] -- Up-to-date: /home/luiz/robotica/install/polygon_plugins/lib/libpolygon_plugins.so
[0.099s] -- Up-to-date: /home/luiz/robotica/install/polygon_plugins/share/polygon_plugins/plugins.xml
[0.099s] -- Up-to-date: /home/luiz/robotica/install/polygon_plugins/share/polygon_plugins/environment/library_path.sh
[0.099s] -- Up-to-date: /home/luiz/robotica/install/polygon_plugins/share/polygon_plugins/environment/library_path.dsv
[0.099s] -- Up-to-date: /home/luiz/robotica/install/polygon_plugins/share/ament_index/resource_index/package_run_dependencies/polygon_plugins
[0.099s] -- Up-to-date: /home/luiz/robotica/install/polygon_plugins/share/ament_index/resource_index/parent_prefix_path/polygon_plugins
[0.099s] -- Up-to-date: /home/luiz/robotica/install/polygon_plugins/share/polygon_plugins/environment/ament_prefix_path.sh
[0.099s] -- Up-to-date: /home/luiz/robotica/install/polygon_plugins/share/polygon_plugins/environment/ament_prefix_path.dsv
[0.099s] -- Up-to-date: /home/luiz/robotica/install/polygon_plugins/share/polygon_plugins/environment/path.sh
[0.099s] -- Up-to-date: /home/luiz/robotica/install/polygon_plugins/share/polygon_plugins/environment/path.dsv
[0.099s] -- Up-to-date: /home/luiz/robotica/install/polygon_plugins/share/polygon_plugins/local_setup.bash
[0.099s] -- Up-to-date: /home/luiz/robotica/install/polygon_plugins/share/polygon_plugins/local_setup.sh
[0.099s] -- Up-to-date: /home/luiz/robotica/install/polygon_plugins/share/polygon_plugins/local_setup.zsh
[0.099s] -- Up-to-date: /home/luiz/robotica/install/polygon_plugins/share/polygon_plugins/local_setup.dsv
[0.099s] -- Installing: /home/luiz/robotica/install/polygon_plugins/share/polygon_plugins/package.dsv
[0.100s] -- Up-to-date: /home/luiz/robotica/install/polygon_plugins/share/ament_index/resource_index/packages/polygon_plugins
[0.100s] -- Up-to-date: /home/luiz/robotica/install/polygon_plugins/share/ament_index/resource_index/polygon_base__pluginlib__plugin/polygon_plugins
[0.100s] -- Up-to-date: /home/luiz/robotica/install/polygon_plugins/share/polygon_plugins/cmake/export_polygon_pluginsExport.cmake
[0.100s] -- Up-to-date: /home/luiz/robotica/install/polygon_plugins/share/polygon_plugins/cmake/export_polygon_pluginsExport-noconfig.cmake
[0.101s] -- Up-to-date: /home/luiz/robotica/install/polygon_plugins/share/polygon_plugins/cmake/ament_cmake_export_include_directories-extras.cmake
[0.101s] -- Up-to-date: /home/luiz/robotica/install/polygon_plugins/share/polygon_plugins/cmake/ament_cmake_export_libraries-extras.cmake
[0.101s] -- Up-to-date: /home/luiz/robotica/install/polygon_plugins/share/polygon_plugins/cmake/ament_cmake_export_targets-extras.cmake
[0.101s] -- Up-to-date: /home/luiz/robotica/install/polygon_plugins/share/polygon_plugins/cmake/polygon_pluginsConfig.cmake
[0.101s] -- Up-to-date: /home/luiz/robotica/install/polygon_plugins/share/polygon_plugins/cmake/polygon_pluginsConfig-version.cmake
[0.101s] -- Up-to-date: /home/luiz/robotica/install/polygon_plugins/share/polygon_plugins/package.xml
[0.102s] Invoked command in '/home/luiz/robotica/build/polygon_plugins' returned '0': CMAKE_PREFIX_PATH=/home/luiz/robotica/install/polygon_base:/home/luiz/robotica/install/polygon_plugins:/home/luiz/robotica/install/more_interfaces:/home/luiz/robotica/install/cpp_srvcli:/home/luiz/robotica/install/cpp_pubsub:/home/luiz/robotica/install/cpp_parameters:/home/luiz/robotica/install/action_tutorials_cpp:/home/luiz/robotica/install/action_tutorials_interfaces:/opt/ros/humble /usr/bin/cmake --install /home/luiz/robotica/build/polygon_plugins
