[0.020s] Invoking command in '/home/luiz/robotica/build/cpp_pubsub': CMAKE_PREFIX_PATH=${CMAKE_PREFIX_PATH}:/opt/ros/humble /usr/bin/cmake /home/luiz/robotica/src/cpp_pubsub -DCMAKE_INSTALL_PREFIX=/home/luiz/robotica/install/cpp_pubsub
[0.173s] -- The C compiler identification is GNU 11.4.0
[0.346s] -- The CXX compiler identification is GNU 11.4.0
[0.354s] -- Detecting C compiler ABI info
[0.414s] -- Detecting C compiler ABI info - done
[0.420s] -- Check for working C compiler: /usr/bin/cc - skipped
[0.421s] -- Detecting C compile features
[0.421s] -- Detecting C compile features - done
[0.423s] -- Detecting CXX compiler ABI info
[0.487s] -- Detecting CXX compiler ABI info - done
[0.492s] -- Check for working CXX compiler: /usr/bin/c++ - skipped
[0.492s] -- Detecting CXX compile features
[0.492s] -- Detecting CXX compile features - done
[0.496s] -- Found ament_cmake: 1.3.12 (/opt/ros/humble/share/ament_cmake/cmake)
[0.610s] -- Found Python3: /usr/bin/python3 (found version "3.10.12") found components: Interpreter 
[0.683s] -- Found rclcpp: 16.0.14 (/opt/ros/humble/share/rclcpp/cmake)
[0.736s] -- Found rosidl_generator_c: 3.1.7 (/opt/ros/humble/share/rosidl_generator_c/cmake)
[0.742s] -- Found rosidl_adapter: 3.1.7 (/opt/ros/humble/share/rosidl_adapter/cmake)
[0.753s] -- Found rosidl_generator_cpp: 3.1.7 (/opt/ros/humble/share/rosidl_generator_cpp/cmake)
[0.766s] -- Using all available rosidl_typesupport_c: rosidl_typesupport_fastrtps_c;rosidl_typesupport_introspection_c
[0.774s] -- Using all available rosidl_typesupport_cpp: rosidl_typesupport_fastrtps_cpp;rosidl_typesupport_introspection_cpp
[0.824s] -- Found rmw_implementation_cmake: 6.1.2 (/opt/ros/humble/share/rmw_implementation_cmake/cmake)
[0.827s] -- Found rmw_fastrtps_cpp: 6.2.8 (/opt/ros/humble/share/rmw_fastrtps_cpp/cmake)
[0.899s] -- Found OpenSSL: /usr/lib/x86_64-linux-gnu/libcrypto.so (found version "3.0.2")  
[0.919s] -- Found FastRTPS: /opt/ros/humble/include  
[0.944s] -- Using RMW implementation 'rmw_fastrtps_cpp' as default
[0.954s] -- Looking for pthread.h
[1.018s] -- Looking for pthread.h - found
[1.018s] -- Performing Test CMAKE_HAVE_LIBC_PTHREAD
[1.061s] -- Performing Test CMAKE_HAVE_LIBC_PTHREAD - Success
[1.062s] -- Found Threads: TRUE  
[1.156s] -- Configuring done
[1.163s] -- Generating done
[1.166s] -- Build files have been written to: /home/luiz/robotica/build/cpp_pubsub
[1.172s] Invoked command in '/home/luiz/robotica/build/cpp_pubsub' returned '0': CMAKE_PREFIX_PATH=${CMAKE_PREFIX_PATH}:/opt/ros/humble /usr/bin/cmake /home/luiz/robotica/src/cpp_pubsub -DCMAKE_INSTALL_PREFIX=/home/luiz/robotica/install/cpp_pubsub
[1.174s] Invoking command in '/home/luiz/robotica/build/cpp_pubsub': CMAKE_PREFIX_PATH=${CMAKE_PREFIX_PATH}:/opt/ros/humble /usr/bin/cmake --build /home/luiz/robotica/build/cpp_pubsub -- -j12 -l12
[1.215s] [ 50%] [32mBuilding CXX object CMakeFiles/listener.dir/src/subscriber_member_function.cpp.o[0m
[1.215s] [ 50%] [32mBuilding CXX object CMakeFiles/talker.dir/src/publisher_member_function.cpp.o[0m
[4.652s] [ 75%] [32m[1mLinking CXX executable talker[0m
[4.764s] [ 75%] Built target talker
[7.081s] [100%] [32m[1mLinking CXX executable listener[0m
[7.266s] [100%] Built target listener
[7.273s] Invoked command in '/home/luiz/robotica/build/cpp_pubsub' returned '0': CMAKE_PREFIX_PATH=${CMAKE_PREFIX_PATH}:/opt/ros/humble /usr/bin/cmake --build /home/luiz/robotica/build/cpp_pubsub -- -j12 -l12
[7.274s] Invoking command in '/home/luiz/robotica/build/cpp_pubsub': CMAKE_PREFIX_PATH=${CMAKE_PREFIX_PATH}:/opt/ros/humble /usr/bin/cmake --install /home/luiz/robotica/build/cpp_pubsub
[7.278s] -- Install configuration: ""
[7.278s] -- Installing: /home/luiz/robotica/install/cpp_pubsub/lib/cpp_pubsub/talker
[7.279s] -- Set runtime path of "/home/luiz/robotica/install/cpp_pubsub/lib/cpp_pubsub/talker" to ""
[7.279s] -- Installing: /home/luiz/robotica/install/cpp_pubsub/lib/cpp_pubsub/listener
[7.281s] -- Set runtime path of "/home/luiz/robotica/install/cpp_pubsub/lib/cpp_pubsub/listener" to ""
[7.282s] -- Installing: /home/luiz/robotica/install/cpp_pubsub/share/ament_index/resource_index/package_run_dependencies/cpp_pubsub
[7.282s] -- Installing: /home/luiz/robotica/install/cpp_pubsub/share/ament_index/resource_index/parent_prefix_path/cpp_pubsub
[7.282s] -- Installing: /home/luiz/robotica/install/cpp_pubsub/share/cpp_pubsub/environment/ament_prefix_path.sh
[7.282s] -- Installing: /home/luiz/robotica/install/cpp_pubsub/share/cpp_pubsub/environment/ament_prefix_path.dsv
[7.282s] -- Installing: /home/luiz/robotica/install/cpp_pubsub/share/cpp_pubsub/environment/path.sh
[7.282s] -- Installing: /home/luiz/robotica/install/cpp_pubsub/share/cpp_pubsub/environment/path.dsv
[7.282s] -- Installing: /home/luiz/robotica/install/cpp_pubsub/share/cpp_pubsub/local_setup.bash
[7.283s] -- Installing: /home/luiz/robotica/install/cpp_pubsub/share/cpp_pubsub/local_setup.sh
[7.283s] -- Installing: /home/luiz/robotica/install/cpp_pubsub/share/cpp_pubsub/local_setup.zsh
[7.283s] -- Installing: /home/luiz/robotica/install/cpp_pubsub/share/cpp_pubsub/local_setup.dsv
[7.283s] -- Installing: /home/luiz/robotica/install/cpp_pubsub/share/cpp_pubsub/package.dsv
[7.283s] -- Installing: /home/luiz/robotica/install/cpp_pubsub/share/ament_index/resource_index/packages/cpp_pubsub
[7.283s] -- Installing: /home/luiz/robotica/install/cpp_pubsub/share/cpp_pubsub/cmake/cpp_pubsubConfig.cmake
[7.283s] -- Installing: /home/luiz/robotica/install/cpp_pubsub/share/cpp_pubsub/cmake/cpp_pubsubConfig-version.cmake
[7.284s] -- Installing: /home/luiz/robotica/install/cpp_pubsub/share/cpp_pubsub/package.xml
[7.285s] Invoked command in '/home/luiz/robotica/build/cpp_pubsub' returned '0': CMAKE_PREFIX_PATH=${CMAKE_PREFIX_PATH}:/opt/ros/humble /usr/bin/cmake --install /home/luiz/robotica/build/cpp_pubsub
