[0.007s] Invoking command in '/home/luiz/robotica/build/action_tutorials_cpp': CMAKE_PREFIX_PATH=/home/luiz/robotica/install/action_tutorials_interfaces:/home/luiz/robotica/install/action_tutorials_cpp:/home/luiz/robotica/install/more_interfaces:/home/luiz/robotica/install/cpp_srvcli:/home/luiz/robotica/install/cpp_pubsub:/home/luiz/robotica/install/cpp_parameters:/home/luiz/robotica/install/polygon_plugins:/home/luiz/robotica/install/polygon_base:/opt/ros/humble LD_LIBRARY_PATH=/home/luiz/robotica/install/action_tutorials_interfaces/lib:/home/luiz/robotica/install/action_tutorials_cpp/lib:/home/luiz/robotica/install/more_interfaces/lib:/home/luiz/robotica/install/polygon_plugins/lib:/opt/ros/humble/opt/rviz_ogre_vendor/lib:/opt/ros/humble/lib/x86_64-linux-gnu:/opt/ros/humble/lib /usr/bin/cmake --build /home/luiz/robotica/build/action_tutorials_cpp -- -j12 -l12
[0.041s] [35m[1mConsolidate compiler generated dependencies of target action_client[0m
[0.055s] [ 50%] Built target fibonacci_action_server
[0.055s] [ 50%] Built target action_server
[0.056s] [ 75%] Built target fibonacci_action_client
[0.056s] [ 87%] [32mBuilding CXX object CMakeFiles/action_client.dir/src/fibonacci_action_client.cpp.o[0m
[2.315s] [100%] [32m[1mLinking CXX shared library libaction_client.so[0m
[2.412s] [100%] Built target action_client
[2.419s] Invoked command in '/home/luiz/robotica/build/action_tutorials_cpp' returned '0': CMAKE_PREFIX_PATH=/home/luiz/robotica/install/action_tutorials_interfaces:/home/luiz/robotica/install/action_tutorials_cpp:/home/luiz/robotica/install/more_interfaces:/home/luiz/robotica/install/cpp_srvcli:/home/luiz/robotica/install/cpp_pubsub:/home/luiz/robotica/install/cpp_parameters:/home/luiz/robotica/install/polygon_plugins:/home/luiz/robotica/install/polygon_base:/opt/ros/humble LD_LIBRARY_PATH=/home/luiz/robotica/install/action_tutorials_interfaces/lib:/home/luiz/robotica/install/action_tutorials_cpp/lib:/home/luiz/robotica/install/more_interfaces/lib:/home/luiz/robotica/install/polygon_plugins/lib:/opt/ros/humble/opt/rviz_ogre_vendor/lib:/opt/ros/humble/lib/x86_64-linux-gnu:/opt/ros/humble/lib /usr/bin/cmake --build /home/luiz/robotica/build/action_tutorials_cpp -- -j12 -l12
[2.420s] Invoking command in '/home/luiz/robotica/build/action_tutorials_cpp': CMAKE_PREFIX_PATH=/home/luiz/robotica/install/action_tutorials_interfaces:/home/luiz/robotica/install/action_tutorials_cpp:/home/luiz/robotica/install/more_interfaces:/home/luiz/robotica/install/cpp_srvcli:/home/luiz/robotica/install/cpp_pubsub:/home/luiz/robotica/install/cpp_parameters:/home/luiz/robotica/install/polygon_plugins:/home/luiz/robotica/install/polygon_base:/opt/ros/humble LD_LIBRARY_PATH=/home/luiz/robotica/install/action_tutorials_interfaces/lib:/home/luiz/robotica/install/action_tutorials_cpp/lib:/home/luiz/robotica/install/more_interfaces/lib:/home/luiz/robotica/install/polygon_plugins/lib:/opt/ros/humble/opt/rviz_ogre_vendor/lib:/opt/ros/humble/lib/x86_64-linux-gnu:/opt/ros/humble/lib /usr/bin/cmake --install /home/luiz/robotica/build/action_tutorials_cpp
[2.424s] -- Install configuration: ""
[2.424s] -- Up-to-date: /home/luiz/robotica/install/action_tutorials_cpp/lib/action_tutorials_cpp/fibonacci_action_server
[2.425s] -- Up-to-date: /home/luiz/robotica/install/action_tutorials_cpp/lib/libaction_server.so
[2.425s] -- Installing: /home/luiz/robotica/install/action_tutorials_cpp/lib/action_tutorials_cpp/fibonacci_action_client
[2.425s] -- Set runtime path of "/home/luiz/robotica/install/action_tutorials_cpp/lib/action_tutorials_cpp/fibonacci_action_client" to ""
[2.425s] -- Installing: /home/luiz/robotica/install/action_tutorials_cpp/lib/libaction_client.so
[2.426s] -- Set runtime path of "/home/luiz/robotica/install/action_tutorials_cpp/lib/libaction_client.so" to ""
[2.426s] -- Up-to-date: /home/luiz/robotica/install/action_tutorials_cpp/share/ament_index/resource_index/package_run_dependencies/action_tutorials_cpp
[2.427s] -- Installing: /home/luiz/robotica/install/action_tutorials_cpp/share/ament_index/resource_index/parent_prefix_path/action_tutorials_cpp
[2.427s] -- Up-to-date: /home/luiz/robotica/install/action_tutorials_cpp/share/action_tutorials_cpp/environment/ament_prefix_path.sh
[2.427s] -- Installing: /home/luiz/robotica/install/action_tutorials_cpp/share/action_tutorials_cpp/environment/ament_prefix_path.dsv
[2.427s] -- Up-to-date: /home/luiz/robotica/install/action_tutorials_cpp/share/action_tutorials_cpp/environment/path.sh
[2.427s] -- Installing: /home/luiz/robotica/install/action_tutorials_cpp/share/action_tutorials_cpp/environment/path.dsv
[2.427s] -- Up-to-date: /home/luiz/robotica/install/action_tutorials_cpp/share/action_tutorials_cpp/local_setup.bash
[2.427s] -- Up-to-date: /home/luiz/robotica/install/action_tutorials_cpp/share/action_tutorials_cpp/local_setup.sh
[2.427s] -- Up-to-date: /home/luiz/robotica/install/action_tutorials_cpp/share/action_tutorials_cpp/local_setup.zsh
[2.427s] -- Installing: /home/luiz/robotica/install/action_tutorials_cpp/share/action_tutorials_cpp/local_setup.dsv
[2.427s] -- Installing: /home/luiz/robotica/install/action_tutorials_cpp/share/action_tutorials_cpp/package.dsv
[2.427s] -- Up-to-date: /home/luiz/robotica/install/action_tutorials_cpp/share/ament_index/resource_index/packages/action_tutorials_cpp
[2.427s] -- Installing: /home/luiz/robotica/install/action_tutorials_cpp/share/ament_index/resource_index/rclcpp_components/action_tutorials_cpp
[2.428s] -- Up-to-date: /home/luiz/robotica/install/action_tutorials_cpp/share/action_tutorials_cpp/cmake/action_tutorials_cppConfig.cmake
[2.428s] -- Up-to-date: /home/luiz/robotica/install/action_tutorials_cpp/share/action_tutorials_cpp/cmake/action_tutorials_cppConfig-version.cmake
[2.428s] -- Up-to-date: /home/luiz/robotica/install/action_tutorials_cpp/share/action_tutorials_cpp/package.xml
[2.429s] Invoked command in '/home/luiz/robotica/build/action_tutorials_cpp' returned '0': CMAKE_PREFIX_PATH=/home/luiz/robotica/install/action_tutorials_interfaces:/home/luiz/robotica/install/action_tutorials_cpp:/home/luiz/robotica/install/more_interfaces:/home/luiz/robotica/install/cpp_srvcli:/home/luiz/robotica/install/cpp_pubsub:/home/luiz/robotica/install/cpp_parameters:/home/luiz/robotica/install/polygon_plugins:/home/luiz/robotica/install/polygon_base:/opt/ros/humble LD_LIBRARY_PATH=/home/luiz/robotica/install/action_tutorials_interfaces/lib:/home/luiz/robotica/install/action_tutorials_cpp/lib:/home/luiz/robotica/install/more_interfaces/lib:/home/luiz/robotica/install/polygon_plugins/lib:/opt/ros/humble/opt/rviz_ogre_vendor/lib:/opt/ros/humble/lib/x86_64-linux-gnu:/opt/ros/humble/lib /usr/bin/cmake --install /home/luiz/robotica/build/action_tutorials_cpp
