[0.032s] Invoking command in '/home/luiz/robotica/build/more_interfaces': CMAKE_PREFIX_PATH=${CMAKE_PREFIX_PATH}:/opt/ros/humble /usr/bin/cmake --build /home/luiz/robotica/build/more_interfaces -- -j12 -l12
[0.084s] [  9%] Built target more_interfaces__rosidl_generator_c
[0.092s] [ 12%] Built target more_interfaces__cpp
[0.108s] [ 12%] Built target ament_cmake_python_copy_more_interfaces
[0.116s] [ 21%] Built target more_interfaces__rosidl_typesupport_introspection_c
[0.116s] [ 30%] Built target more_interfaces__rosidl_typesupport_fastrtps_c
[0.127s] [ 39%] Built target more_interfaces__rosidl_typesupport_c
[0.128s] [ 48%] Built target more_interfaces__rosidl_typesupport_fastrtps_cpp
[0.131s] [ 57%] Built target more_interfaces__rosidl_typesupport_cpp
[0.134s] [ 66%] Built target more_interfaces__rosidl_typesupport_introspection_cpp
[0.152s] [ 66%] Built target more_interfaces
[0.153s] [ 72%] Built target publish_address_book
[0.177s] [ 75%] Built target more_interfaces__py
[0.197s] [ 81%] Built target more_interfaces__rosidl_generator_py
[0.220s] [ 87%] Built target more_interfaces__rosidl_typesupport_fastrtps_c__pyext
[0.229s] [100%] Built target more_interfaces__rosidl_typesupport_c__pyext
[0.229s] [100%] Built target more_interfaces__rosidl_typesupport_introspection_c__pyext
[0.317s] running egg_info
[0.318s] writing more_interfaces.egg-info/PKG-INFO
[0.318s] writing dependency_links to more_interfaces.egg-info/dependency_links.txt
[0.318s] writing top-level names to more_interfaces.egg-info/top_level.txt
[0.320s] reading manifest file 'more_interfaces.egg-info/SOURCES.txt'
[0.320s] writing manifest file 'more_interfaces.egg-info/SOURCES.txt'
[0.341s] [100%] Built target ament_cmake_python_build_more_interfaces_egg
[0.349s] Invoked command in '/home/luiz/robotica/build/more_interfaces' returned '0': CMAKE_PREFIX_PATH=${CMAKE_PREFIX_PATH}:/opt/ros/humble /usr/bin/cmake --build /home/luiz/robotica/build/more_interfaces -- -j12 -l12
[0.350s] Invoking command in '/home/luiz/robotica/build/more_interfaces': CMAKE_PREFIX_PATH=${CMAKE_PREFIX_PATH}:/opt/ros/humble /usr/bin/cmake --install /home/luiz/robotica/build/more_interfaces
[0.356s] -- Install configuration: ""
[0.356s] -- Up-to-date: /home/luiz/robotica/install/more_interfaces/share/ament_index/resource_index/rosidl_interfaces/more_interfaces
[0.356s] -- Up-to-date: /home/luiz/robotica/install/more_interfaces/include/more_interfaces/more_interfaces
[0.356s] -- Up-to-date: /home/luiz/robotica/install/more_interfaces/include/more_interfaces/more_interfaces/msg
[0.356s] -- Up-to-date: /home/luiz/robotica/install/more_interfaces/include/more_interfaces/more_interfaces/msg/detail
[0.356s] -- Up-to-date: /home/luiz/robotica/install/more_interfaces/include/more_interfaces/more_interfaces/msg/detail/address_book__functions.h
[0.357s] -- Up-to-date: /home/luiz/robotica/install/more_interfaces/include/more_interfaces/more_interfaces/msg/detail/address_book__struct.h
[0.357s] -- Up-to-date: /home/luiz/robotica/install/more_interfaces/include/more_interfaces/more_interfaces/msg/detail/address_book__type_support.h
[0.357s] -- Up-to-date: /home/luiz/robotica/install/more_interfaces/include/more_interfaces/more_interfaces/msg/detail/address_book__functions.c
[0.357s] -- Up-to-date: /home/luiz/robotica/install/more_interfaces/include/more_interfaces/more_interfaces/msg/rosidl_generator_c__visibility_control.h
[0.357s] -- Up-to-date: /home/luiz/robotica/install/more_interfaces/include/more_interfaces/more_interfaces/msg/address_book.h
[0.357s] -- Up-to-date: /home/luiz/robotica/install/more_interfaces/share/more_interfaces/environment/library_path.sh
[0.357s] -- Up-to-date: /home/luiz/robotica/install/more_interfaces/share/more_interfaces/environment/library_path.dsv
[0.357s] -- Up-to-date: /home/luiz/robotica/install/more_interfaces/lib/libmore_interfaces__rosidl_generator_c.so
[0.357s] -- Up-to-date: /home/luiz/robotica/install/more_interfaces/include/more_interfaces/more_interfaces
[0.357s] -- Up-to-date: /home/luiz/robotica/install/more_interfaces/include/more_interfaces/more_interfaces/msg
[0.357s] -- Up-to-date: /home/luiz/robotica/install/more_interfaces/include/more_interfaces/more_interfaces/msg/detail
[0.357s] -- Up-to-date: /home/luiz/robotica/install/more_interfaces/include/more_interfaces/more_interfaces/msg/detail/address_book__rosidl_typesupport_fastrtps_c.h
[0.357s] -- Up-to-date: /home/luiz/robotica/install/more_interfaces/include/more_interfaces/more_interfaces/msg/rosidl_typesupport_fastrtps_c__visibility_control.h
[0.357s] -- Up-to-date: /home/luiz/robotica/install/more_interfaces/lib/libmore_interfaces__rosidl_typesupport_fastrtps_c.so
[0.357s] -- Up-to-date: /home/luiz/robotica/install/more_interfaces/include/more_interfaces/more_interfaces
[0.357s] -- Up-to-date: /home/luiz/robotica/install/more_interfaces/include/more_interfaces/more_interfaces/msg
[0.357s] -- Up-to-date: /home/luiz/robotica/install/more_interfaces/include/more_interfaces/more_interfaces/msg/rosidl_generator_cpp__visibility_control.hpp
[0.357s] -- Up-to-date: /home/luiz/robotica/install/more_interfaces/include/more_interfaces/more_interfaces/msg/detail
[0.357s] -- Up-to-date: /home/luiz/robotica/install/more_interfaces/include/more_interfaces/more_interfaces/msg/detail/address_book__traits.hpp
[0.357s] -- Up-to-date: /home/luiz/robotica/install/more_interfaces/include/more_interfaces/more_interfaces/msg/detail/address_book__builder.hpp
[0.357s] -- Up-to-date: /home/luiz/robotica/install/more_interfaces/include/more_interfaces/more_interfaces/msg/detail/address_book__type_support.hpp
[0.358s] -- Up-to-date: /home/luiz/robotica/install/more_interfaces/include/more_interfaces/more_interfaces/msg/detail/address_book__struct.hpp
[0.358s] -- Up-to-date: /home/luiz/robotica/install/more_interfaces/include/more_interfaces/more_interfaces/msg/address_book.hpp
[0.358s] -- Up-to-date: /home/luiz/robotica/install/more_interfaces/include/more_interfaces/more_interfaces
[0.358s] -- Up-to-date: /home/luiz/robotica/install/more_interfaces/include/more_interfaces/more_interfaces/msg
[0.358s] -- Up-to-date: /home/luiz/robotica/install/more_interfaces/include/more_interfaces/more_interfaces/msg/detail
[0.358s] -- Up-to-date: /home/luiz/robotica/install/more_interfaces/include/more_interfaces/more_interfaces/msg/detail/address_book__rosidl_typesupport_fastrtps_cpp.hpp
[0.358s] -- Up-to-date: /home/luiz/robotica/install/more_interfaces/include/more_interfaces/more_interfaces/msg/detail/dds_fastrtps
[0.358s] -- Up-to-date: /home/luiz/robotica/install/more_interfaces/include/more_interfaces/more_interfaces/msg/rosidl_typesupport_fastrtps_cpp__visibility_control.h
[0.358s] -- Up-to-date: /home/luiz/robotica/install/more_interfaces/lib/libmore_interfaces__rosidl_typesupport_fastrtps_cpp.so
[0.358s] -- Up-to-date: /home/luiz/robotica/install/more_interfaces/include/more_interfaces/more_interfaces
[0.358s] -- Up-to-date: /home/luiz/robotica/install/more_interfaces/include/more_interfaces/more_interfaces/msg
[0.358s] -- Up-to-date: /home/luiz/robotica/install/more_interfaces/include/more_interfaces/more_interfaces/msg/detail
[0.358s] -- Up-to-date: /home/luiz/robotica/install/more_interfaces/include/more_interfaces/more_interfaces/msg/detail/address_book__type_support.c
[0.358s] -- Up-to-date: /home/luiz/robotica/install/more_interfaces/include/more_interfaces/more_interfaces/msg/detail/address_book__rosidl_typesupport_introspection_c.h
[0.358s] -- Up-to-date: /home/luiz/robotica/install/more_interfaces/include/more_interfaces/more_interfaces/msg/rosidl_typesupport_introspection_c__visibility_control.h
[0.358s] -- Up-to-date: /home/luiz/robotica/install/more_interfaces/lib/libmore_interfaces__rosidl_typesupport_introspection_c.so
[0.358s] -- Up-to-date: /home/luiz/robotica/install/more_interfaces/lib/libmore_interfaces__rosidl_typesupport_c.so
[0.359s] -- Up-to-date: /home/luiz/robotica/install/more_interfaces/include/more_interfaces/more_interfaces
[0.359s] -- Up-to-date: /home/luiz/robotica/install/more_interfaces/include/more_interfaces/more_interfaces/msg
[0.359s] -- Up-to-date: /home/luiz/robotica/install/more_interfaces/include/more_interfaces/more_interfaces/msg/detail
[0.359s] -- Up-to-date: /home/luiz/robotica/install/more_interfaces/include/more_interfaces/more_interfaces/msg/detail/address_book__rosidl_typesupport_introspection_cpp.hpp
[0.359s] -- Up-to-date: /home/luiz/robotica/install/more_interfaces/include/more_interfaces/more_interfaces/msg/detail/address_book__type_support.cpp
[0.359s] -- Up-to-date: /home/luiz/robotica/install/more_interfaces/lib/libmore_interfaces__rosidl_typesupport_introspection_cpp.so
[0.359s] -- Up-to-date: /home/luiz/robotica/install/more_interfaces/lib/libmore_interfaces__rosidl_typesupport_cpp.so
[0.359s] -- Up-to-date: /home/luiz/robotica/install/more_interfaces/share/more_interfaces/environment/pythonpath.sh
[0.359s] -- Up-to-date: /home/luiz/robotica/install/more_interfaces/share/more_interfaces/environment/pythonpath.dsv
[0.359s] -- Up-to-date: /home/luiz/robotica/install/more_interfaces/local/lib/python3.10/dist-packages/more_interfaces-0.0.0-py3.10.egg-info
[0.359s] -- Installing: /home/luiz/robotica/install/more_interfaces/local/lib/python3.10/dist-packages/more_interfaces-0.0.0-py3.10.egg-info/PKG-INFO
[0.359s] -- Installing: /home/luiz/robotica/install/more_interfaces/local/lib/python3.10/dist-packages/more_interfaces-0.0.0-py3.10.egg-info/SOURCES.txt
[0.360s] -- Installing: /home/luiz/robotica/install/more_interfaces/local/lib/python3.10/dist-packages/more_interfaces-0.0.0-py3.10.egg-info/dependency_links.txt
[0.360s] -- Installing: /home/luiz/robotica/install/more_interfaces/local/lib/python3.10/dist-packages/more_interfaces-0.0.0-py3.10.egg-info/top_level.txt
[0.360s] -- Up-to-date: /home/luiz/robotica/install/more_interfaces/local/lib/python3.10/dist-packages/more_interfaces
[0.360s] -- Up-to-date: /home/luiz/robotica/install/more_interfaces/local/lib/python3.10/dist-packages/more_interfaces/_more_interfaces_s.ep.rosidl_typesupport_c.c
[0.360s] -- Up-to-date: /home/luiz/robotica/install/more_interfaces/local/lib/python3.10/dist-packages/more_interfaces/__init__.py
[0.360s] -- Up-to-date: /home/luiz/robotica/install/more_interfaces/local/lib/python3.10/dist-packages/more_interfaces/_more_interfaces_s.ep.rosidl_typesupport_fastrtps_c.c
[0.360s] -- Up-to-date: /home/luiz/robotica/install/more_interfaces/local/lib/python3.10/dist-packages/more_interfaces/libmore_interfaces__rosidl_generator_py.so
[0.360s] -- Up-to-date: /home/luiz/robotica/install/more_interfaces/local/lib/python3.10/dist-packages/more_interfaces/more_interfaces_s__rosidl_typesupport_c.cpython-310-x86_64-linux-gnu.so
[0.360s] -- Up-to-date: /home/luiz/robotica/install/more_interfaces/local/lib/python3.10/dist-packages/more_interfaces/more_interfaces_s__rosidl_typesupport_introspection_c.cpython-310-x86_64-linux-gnu.so
[0.360s] -- Up-to-date: /home/luiz/robotica/install/more_interfaces/local/lib/python3.10/dist-packages/more_interfaces/msg
[0.360s] -- Up-to-date: /home/luiz/robotica/install/more_interfaces/local/lib/python3.10/dist-packages/more_interfaces/msg/_address_book_s.c
[0.360s] -- Up-to-date: /home/luiz/robotica/install/more_interfaces/local/lib/python3.10/dist-packages/more_interfaces/msg/__init__.py
[0.360s] -- Up-to-date: /home/luiz/robotica/install/more_interfaces/local/lib/python3.10/dist-packages/more_interfaces/msg/_address_book.py
[0.360s] -- Up-to-date: /home/luiz/robotica/install/more_interfaces/local/lib/python3.10/dist-packages/more_interfaces/_more_interfaces_s.ep.rosidl_typesupport_introspection_c.c
[0.360s] -- Up-to-date: /home/luiz/robotica/install/more_interfaces/local/lib/python3.10/dist-packages/more_interfaces/more_interfaces_s__rosidl_typesupport_fastrtps_c.cpython-310-x86_64-linux-gnu.so
[0.382s] Listing '/home/luiz/robotica/install/more_interfaces/local/lib/python3.10/dist-packages/more_interfaces'...
[0.382s] Listing '/home/luiz/robotica/install/more_interfaces/local/lib/python3.10/dist-packages/more_interfaces/msg'...
[0.385s] -- Up-to-date: /home/luiz/robotica/install/more_interfaces/local/lib/python3.10/dist-packages/more_interfaces/more_interfaces_s__rosidl_typesupport_fastrtps_c.cpython-310-x86_64-linux-gnu.so
[0.385s] -- Up-to-date: /home/luiz/robotica/install/more_interfaces/local/lib/python3.10/dist-packages/more_interfaces/more_interfaces_s__rosidl_typesupport_introspection_c.cpython-310-x86_64-linux-gnu.so
[0.385s] -- Up-to-date: /home/luiz/robotica/install/more_interfaces/local/lib/python3.10/dist-packages/more_interfaces/more_interfaces_s__rosidl_typesupport_c.cpython-310-x86_64-linux-gnu.so
[0.386s] -- Up-to-date: /home/luiz/robotica/install/more_interfaces/lib/libmore_interfaces__rosidl_generator_py.so
[0.386s] -- Up-to-date: /home/luiz/robotica/install/more_interfaces/share/more_interfaces/msg/AddressBook.idl
[0.386s] -- Up-to-date: /home/luiz/robotica/install/more_interfaces/share/more_interfaces/msg/AddressBook.msg
[0.386s] -- Up-to-date: /home/luiz/robotica/install/more_interfaces/lib/more_interfaces/publish_address_book
[0.387s] -- Up-to-date: /home/luiz/robotica/install/more_interfaces/share/ament_index/resource_index/package_run_dependencies/more_interfaces
[0.388s] -- Up-to-date: /home/luiz/robotica/install/more_interfaces/share/ament_index/resource_index/parent_prefix_path/more_interfaces
[0.388s] -- Up-to-date: /home/luiz/robotica/install/more_interfaces/share/more_interfaces/environment/ament_prefix_path.sh
[0.388s] -- Up-to-date: /home/luiz/robotica/install/more_interfaces/share/more_interfaces/environment/ament_prefix_path.dsv
[0.388s] -- Up-to-date: /home/luiz/robotica/install/more_interfaces/share/more_interfaces/environment/path.sh
[0.388s] -- Up-to-date: /home/luiz/robotica/install/more_interfaces/share/more_interfaces/environment/path.dsv
[0.388s] -- Up-to-date: /home/luiz/robotica/install/more_interfaces/share/more_interfaces/local_setup.bash
[0.388s] -- Up-to-date: /home/luiz/robotica/install/more_interfaces/share/more_interfaces/local_setup.sh
[0.388s] -- Up-to-date: /home/luiz/robotica/install/more_interfaces/share/more_interfaces/local_setup.zsh
[0.388s] -- Up-to-date: /home/luiz/robotica/install/more_interfaces/share/more_interfaces/local_setup.dsv
[0.388s] -- Installing: /home/luiz/robotica/install/more_interfaces/share/more_interfaces/package.dsv
[0.388s] -- Up-to-date: /home/luiz/robotica/install/more_interfaces/share/ament_index/resource_index/packages/more_interfaces
[0.389s] -- Up-to-date: /home/luiz/robotica/install/more_interfaces/share/more_interfaces/cmake/export_more_interfaces__rosidl_generator_cExport.cmake
[0.389s] -- Up-to-date: /home/luiz/robotica/install/more_interfaces/share/more_interfaces/cmake/export_more_interfaces__rosidl_generator_cExport-noconfig.cmake
[0.389s] -- Up-to-date: /home/luiz/robotica/install/more_interfaces/share/more_interfaces/cmake/export_more_interfaces__rosidl_typesupport_fastrtps_cExport.cmake
[0.389s] -- Up-to-date: /home/luiz/robotica/install/more_interfaces/share/more_interfaces/cmake/export_more_interfaces__rosidl_typesupport_fastrtps_cExport-noconfig.cmake
[0.389s] -- Up-to-date: /home/luiz/robotica/install/more_interfaces/share/more_interfaces/cmake/export_more_interfaces__rosidl_generator_cppExport.cmake
[0.389s] -- Up-to-date: /home/luiz/robotica/install/more_interfaces/share/more_interfaces/cmake/export_more_interfaces__rosidl_typesupport_fastrtps_cppExport.cmake
[0.389s] -- Up-to-date: /home/luiz/robotica/install/more_interfaces/share/more_interfaces/cmake/export_more_interfaces__rosidl_typesupport_fastrtps_cppExport-noconfig.cmake
[0.389s] -- Up-to-date: /home/luiz/robotica/install/more_interfaces/share/more_interfaces/cmake/more_interfaces__rosidl_typesupport_introspection_cExport.cmake
[0.389s] -- Up-to-date: /home/luiz/robotica/install/more_interfaces/share/more_interfaces/cmake/more_interfaces__rosidl_typesupport_introspection_cExport-noconfig.cmake
[0.389s] -- Up-to-date: /home/luiz/robotica/install/more_interfaces/share/more_interfaces/cmake/more_interfaces__rosidl_typesupport_cExport.cmake
[0.389s] -- Up-to-date: /home/luiz/robotica/install/more_interfaces/share/more_interfaces/cmake/more_interfaces__rosidl_typesupport_cExport-noconfig.cmake
[0.390s] -- Up-to-date: /home/luiz/robotica/install/more_interfaces/share/more_interfaces/cmake/more_interfaces__rosidl_typesupport_introspection_cppExport.cmake
[0.390s] -- Up-to-date: /home/luiz/robotica/install/more_interfaces/share/more_interfaces/cmake/more_interfaces__rosidl_typesupport_introspection_cppExport-noconfig.cmake
[0.391s] -- Up-to-date: /home/luiz/robotica/install/more_interfaces/share/more_interfaces/cmake/more_interfaces__rosidl_typesupport_cppExport.cmake
[0.391s] -- Up-to-date: /home/luiz/robotica/install/more_interfaces/share/more_interfaces/cmake/more_interfaces__rosidl_typesupport_cppExport-noconfig.cmake
[0.391s] -- Up-to-date: /home/luiz/robotica/install/more_interfaces/share/more_interfaces/cmake/export_more_interfaces__rosidl_generator_pyExport.cmake
[0.391s] -- Up-to-date: /home/luiz/robotica/install/more_interfaces/share/more_interfaces/cmake/export_more_interfaces__rosidl_generator_pyExport-noconfig.cmake
[0.391s] -- Up-to-date: /home/luiz/robotica/install/more_interfaces/share/more_interfaces/cmake/rosidl_cmake-extras.cmake
[0.391s] -- Up-to-date: /home/luiz/robotica/install/more_interfaces/share/more_interfaces/cmake/ament_cmake_export_include_directories-extras.cmake
[0.391s] -- Up-to-date: /home/luiz/robotica/install/more_interfaces/share/more_interfaces/cmake/ament_cmake_export_libraries-extras.cmake
[0.391s] -- Up-to-date: /home/luiz/robotica/install/more_interfaces/share/more_interfaces/cmake/ament_cmake_export_targets-extras.cmake
[0.391s] -- Up-to-date: /home/luiz/robotica/install/more_interfaces/share/more_interfaces/cmake/rosidl_cmake_export_typesupport_targets-extras.cmake
[0.391s] -- Up-to-date: /home/luiz/robotica/install/more_interfaces/share/more_interfaces/cmake/ament_cmake_export_dependencies-extras.cmake
[0.391s] -- Up-to-date: /home/luiz/robotica/install/more_interfaces/share/more_interfaces/cmake/rosidl_cmake_export_typesupport_libraries-extras.cmake
[0.391s] -- Up-to-date: /home/luiz/robotica/install/more_interfaces/share/more_interfaces/cmake/more_interfacesConfig.cmake
[0.391s] -- Up-to-date: /home/luiz/robotica/install/more_interfaces/share/more_interfaces/cmake/more_interfacesConfig-version.cmake
[0.391s] -- Up-to-date: /home/luiz/robotica/install/more_interfaces/share/more_interfaces/package.xml
[0.398s] Invoked command in '/home/luiz/robotica/build/more_interfaces' returned '0': CMAKE_PREFIX_PATH=${CMAKE_PREFIX_PATH}:/opt/ros/humble /usr/bin/cmake --install /home/luiz/robotica/build/more_interfaces
