[0.025s] Invoking command in '/home/luiz/robotica/build/action_tutorials_interfaces': CMAKE_PREFIX_PATH=${CMAKE_PREFIX_PATH}:/opt/ros/humble /usr/bin/cmake --build /home/luiz/robotica/build/action_tutorials_interfaces -- -j12 -l12
[0.064s] [35m[1mConsolidate compiler generated dependencies of target action_tutorials_interfaces__rosidl_generator_c[0m
[0.072s] [  3%] Built target action_tutorials_interfaces__cpp
[0.075s] [ 12%] Built target action_tutorials_interfaces__rosidl_generator_c
[0.085s] [ 12%] Built target ament_cmake_python_copy_action_tutorials_interfaces
[0.085s] [35m[1mConsolidate compiler generated dependencies of target action_tutorials_interfaces__rosidl_typesupport_cpp[0m
[0.087s] [35m[1mConsolidate compiler generated dependencies of target action_tutorials_interfaces__rosidl_typesupport_fastrtps_cpp[0m
[0.087s] [35m[1mConsolidate compiler generated dependencies of target action_tutorials_interfaces__rosidl_typesupport_introspection_cpp[0m
[0.096s] [35m[1mConsolidate compiler generated dependencies of target action_tutorials_interfaces__rosidl_typesupport_introspection_c[0m
[0.097s] [35m[1mConsolidate compiler generated dependencies of target action_tutorials_interfaces__rosidl_typesupport_c[0m
[0.103s] [ 22%] Built target action_tutorials_interfaces__rosidl_typesupport_cpp
[0.106s] [35m[1mConsolidate compiler generated dependencies of target action_tutorials_interfaces__rosidl_typesupport_fastrtps_c[0m
[0.106s] [ 32%] Built target action_tutorials_interfaces__rosidl_typesupport_fastrtps_cpp
[0.106s] [ 41%] Built target action_tutorials_interfaces__rosidl_typesupport_introspection_cpp
[0.111s] [ 51%] Built target action_tutorials_interfaces__rosidl_typesupport_c
[0.112s] [ 61%] Built target action_tutorials_interfaces__rosidl_typesupport_introspection_c
[0.128s] [ 70%] Built target action_tutorials_interfaces__rosidl_typesupport_fastrtps_c
[0.157s] [ 70%] Built target action_tutorials_interfaces
[0.175s] [ 74%] Built target action_tutorials_interfaces__py
[0.188s] [35m[1mConsolidate compiler generated dependencies of target action_tutorials_interfaces__rosidl_generator_py[0m
[0.199s] [ 80%] Built target action_tutorials_interfaces__rosidl_generator_py
[0.212s] [35m[1mConsolidate compiler generated dependencies of target action_tutorials_interfaces__rosidl_typesupport_fastrtps_c__pyext[0m
[0.220s] [35m[1mConsolidate compiler generated dependencies of target action_tutorials_interfaces__rosidl_typesupport_introspection_c__pyext[0m
[0.220s] [35m[1mConsolidate compiler generated dependencies of target action_tutorials_interfaces__rosidl_typesupport_c__pyext[0m
[0.236s] [ 87%] Built target action_tutorials_interfaces__rosidl_typesupport_introspection_c__pyext
[0.241s] [ 93%] Built target action_tutorials_interfaces__rosidl_typesupport_fastrtps_c__pyext
[0.242s] [100%] Built target action_tutorials_interfaces__rosidl_typesupport_c__pyext
[0.298s] running egg_info
[0.298s] writing action_tutorials_interfaces.egg-info/PKG-INFO
[0.298s] writing dependency_links to action_tutorials_interfaces.egg-info/dependency_links.txt
[0.298s] writing top-level names to action_tutorials_interfaces.egg-info/top_level.txt
[0.300s] reading manifest file 'action_tutorials_interfaces.egg-info/SOURCES.txt'
[0.300s] writing manifest file 'action_tutorials_interfaces.egg-info/SOURCES.txt'
[0.322s] [100%] Built target ament_cmake_python_build_action_tutorials_interfaces_egg
[0.334s] Invoked command in '/home/luiz/robotica/build/action_tutorials_interfaces' returned '0': CMAKE_PREFIX_PATH=${CMAKE_PREFIX_PATH}:/opt/ros/humble /usr/bin/cmake --build /home/luiz/robotica/build/action_tutorials_interfaces -- -j12 -l12
[0.335s] Invoking command in '/home/luiz/robotica/build/action_tutorials_interfaces': CMAKE_PREFIX_PATH=${CMAKE_PREFIX_PATH}:/opt/ros/humble /usr/bin/cmake --install /home/luiz/robotica/build/action_tutorials_interfaces
[0.341s] -- Install configuration: ""
[0.341s] -- Up-to-date: /home/luiz/robotica/install/action_tutorials_interfaces/share/ament_index/resource_index/rosidl_interfaces/action_tutorials_interfaces
[0.341s] -- Up-to-date: /home/luiz/robotica/install/action_tutorials_interfaces/include/action_tutorials_interfaces/action_tutorials_interfaces
[0.341s] -- Up-to-date: /home/luiz/robotica/install/action_tutorials_interfaces/include/action_tutorials_interfaces/action_tutorials_interfaces/msg
[0.341s] -- Up-to-date: /home/luiz/robotica/install/action_tutorials_interfaces/include/action_tutorials_interfaces/action_tutorials_interfaces/msg/rosidl_generator_c__visibility_control.h
[0.341s] -- Up-to-date: /home/luiz/robotica/install/action_tutorials_interfaces/include/action_tutorials_interfaces/action_tutorials_interfaces/action
[0.341s] -- Up-to-date: /home/luiz/robotica/install/action_tutorials_interfaces/include/action_tutorials_interfaces/action_tutorials_interfaces/action/fibonacci.h
[0.341s] -- Up-to-date: /home/luiz/robotica/install/action_tutorials_interfaces/include/action_tutorials_interfaces/action_tutorials_interfaces/action/detail
[0.341s] -- Up-to-date: /home/luiz/robotica/install/action_tutorials_interfaces/include/action_tutorials_interfaces/action_tutorials_interfaces/action/detail/fibonacci__functions.h
[0.341s] -- Up-to-date: /home/luiz/robotica/install/action_tutorials_interfaces/include/action_tutorials_interfaces/action_tutorials_interfaces/action/detail/fibonacci__functions.c
[0.341s] -- Up-to-date: /home/luiz/robotica/install/action_tutorials_interfaces/include/action_tutorials_interfaces/action_tutorials_interfaces/action/detail/fibonacci__struct.h
[0.341s] -- Up-to-date: /home/luiz/robotica/install/action_tutorials_interfaces/include/action_tutorials_interfaces/action_tutorials_interfaces/action/detail/fibonacci__type_support.h
[0.341s] -- Up-to-date: /home/luiz/robotica/install/action_tutorials_interfaces/share/action_tutorials_interfaces/environment/library_path.sh
[0.342s] -- Up-to-date: /home/luiz/robotica/install/action_tutorials_interfaces/share/action_tutorials_interfaces/environment/library_path.dsv
[0.342s] -- Up-to-date: /home/luiz/robotica/install/action_tutorials_interfaces/lib/libaction_tutorials_interfaces__rosidl_generator_c.so
[0.342s] -- Up-to-date: /home/luiz/robotica/install/action_tutorials_interfaces/include/action_tutorials_interfaces/action_tutorials_interfaces
[0.342s] -- Up-to-date: /home/luiz/robotica/install/action_tutorials_interfaces/include/action_tutorials_interfaces/action_tutorials_interfaces/msg
[0.342s] -- Up-to-date: /home/luiz/robotica/install/action_tutorials_interfaces/include/action_tutorials_interfaces/action_tutorials_interfaces/msg/rosidl_typesupport_fastrtps_c__visibility_control.h
[0.342s] -- Up-to-date: /home/luiz/robotica/install/action_tutorials_interfaces/include/action_tutorials_interfaces/action_tutorials_interfaces/action
[0.342s] -- Up-to-date: /home/luiz/robotica/install/action_tutorials_interfaces/include/action_tutorials_interfaces/action_tutorials_interfaces/action/detail
[0.342s] -- Up-to-date: /home/luiz/robotica/install/action_tutorials_interfaces/include/action_tutorials_interfaces/action_tutorials_interfaces/action/detail/fibonacci__rosidl_typesupport_fastrtps_c.h
[0.342s] -- Up-to-date: /home/luiz/robotica/install/action_tutorials_interfaces/lib/libaction_tutorials_interfaces__rosidl_typesupport_fastrtps_c.so
[0.342s] -- Up-to-date: /home/luiz/robotica/install/action_tutorials_interfaces/include/action_tutorials_interfaces/action_tutorials_interfaces
[0.342s] -- Up-to-date: /home/luiz/robotica/install/action_tutorials_interfaces/include/action_tutorials_interfaces/action_tutorials_interfaces/msg
[0.342s] -- Up-to-date: /home/luiz/robotica/install/action_tutorials_interfaces/include/action_tutorials_interfaces/action_tutorials_interfaces/msg/rosidl_typesupport_introspection_c__visibility_control.h
[0.342s] -- Up-to-date: /home/luiz/robotica/install/action_tutorials_interfaces/include/action_tutorials_interfaces/action_tutorials_interfaces/action
[0.342s] -- Up-to-date: /home/luiz/robotica/install/action_tutorials_interfaces/include/action_tutorials_interfaces/action_tutorials_interfaces/action/detail
[0.342s] -- Up-to-date: /home/luiz/robotica/install/action_tutorials_interfaces/include/action_tutorials_interfaces/action_tutorials_interfaces/action/detail/fibonacci__rosidl_typesupport_introspection_c.h
[0.343s] -- Up-to-date: /home/luiz/robotica/install/action_tutorials_interfaces/include/action_tutorials_interfaces/action_tutorials_interfaces/action/detail/fibonacci__type_support.c
[0.343s] -- Up-to-date: /home/luiz/robotica/install/action_tutorials_interfaces/lib/libaction_tutorials_interfaces__rosidl_typesupport_introspection_c.so
[0.343s] -- Up-to-date: /home/luiz/robotica/install/action_tutorials_interfaces/lib/libaction_tutorials_interfaces__rosidl_typesupport_c.so
[0.343s] -- Up-to-date: /home/luiz/robotica/install/action_tutorials_interfaces/include/action_tutorials_interfaces/action_tutorials_interfaces
[0.343s] -- Up-to-date: /home/luiz/robotica/install/action_tutorials_interfaces/include/action_tutorials_interfaces/action_tutorials_interfaces/msg
[0.343s] -- Up-to-date: /home/luiz/robotica/install/action_tutorials_interfaces/include/action_tutorials_interfaces/action_tutorials_interfaces/msg/rosidl_generator_cpp__visibility_control.hpp
[0.343s] -- Up-to-date: /home/luiz/robotica/install/action_tutorials_interfaces/include/action_tutorials_interfaces/action_tutorials_interfaces/action
[0.343s] -- Up-to-date: /home/luiz/robotica/install/action_tutorials_interfaces/include/action_tutorials_interfaces/action_tutorials_interfaces/action/detail
[0.343s] -- Up-to-date: /home/luiz/robotica/install/action_tutorials_interfaces/include/action_tutorials_interfaces/action_tutorials_interfaces/action/detail/fibonacci__builder.hpp
[0.343s] -- Up-to-date: /home/luiz/robotica/install/action_tutorials_interfaces/include/action_tutorials_interfaces/action_tutorials_interfaces/action/detail/fibonacci__struct.hpp
[0.343s] -- Up-to-date: /home/luiz/robotica/install/action_tutorials_interfaces/include/action_tutorials_interfaces/action_tutorials_interfaces/action/detail/fibonacci__traits.hpp
[0.343s] -- Up-to-date: /home/luiz/robotica/install/action_tutorials_interfaces/include/action_tutorials_interfaces/action_tutorials_interfaces/action/detail/fibonacci__type_support.hpp
[0.344s] -- Up-to-date: /home/luiz/robotica/install/action_tutorials_interfaces/include/action_tutorials_interfaces/action_tutorials_interfaces/action/fibonacci.hpp
[0.344s] -- Up-to-date: /home/luiz/robotica/install/action_tutorials_interfaces/include/action_tutorials_interfaces/action_tutorials_interfaces
[0.344s] -- Up-to-date: /home/luiz/robotica/install/action_tutorials_interfaces/include/action_tutorials_interfaces/action_tutorials_interfaces/msg
[0.344s] -- Up-to-date: /home/luiz/robotica/install/action_tutorials_interfaces/include/action_tutorials_interfaces/action_tutorials_interfaces/msg/rosidl_typesupport_fastrtps_cpp__visibility_control.h
[0.344s] -- Up-to-date: /home/luiz/robotica/install/action_tutorials_interfaces/include/action_tutorials_interfaces/action_tutorials_interfaces/action
[0.344s] -- Up-to-date: /home/luiz/robotica/install/action_tutorials_interfaces/include/action_tutorials_interfaces/action_tutorials_interfaces/action/detail
[0.344s] -- Up-to-date: /home/luiz/robotica/install/action_tutorials_interfaces/include/action_tutorials_interfaces/action_tutorials_interfaces/action/detail/fibonacci__rosidl_typesupport_fastrtps_cpp.hpp
[0.344s] -- Up-to-date: /home/luiz/robotica/install/action_tutorials_interfaces/include/action_tutorials_interfaces/action_tutorials_interfaces/action/detail/dds_fastrtps
[0.344s] -- Up-to-date: /home/luiz/robotica/install/action_tutorials_interfaces/lib/libaction_tutorials_interfaces__rosidl_typesupport_fastrtps_cpp.so
[0.344s] -- Up-to-date: /home/luiz/robotica/install/action_tutorials_interfaces/include/action_tutorials_interfaces/action_tutorials_interfaces
[0.344s] -- Up-to-date: /home/luiz/robotica/install/action_tutorials_interfaces/include/action_tutorials_interfaces/action_tutorials_interfaces/action
[0.344s] -- Up-to-date: /home/luiz/robotica/install/action_tutorials_interfaces/include/action_tutorials_interfaces/action_tutorials_interfaces/action/detail
[0.344s] -- Up-to-date: /home/luiz/robotica/install/action_tutorials_interfaces/include/action_tutorials_interfaces/action_tutorials_interfaces/action/detail/fibonacci__rosidl_typesupport_introspection_cpp.hpp
[0.344s] -- Up-to-date: /home/luiz/robotica/install/action_tutorials_interfaces/include/action_tutorials_interfaces/action_tutorials_interfaces/action/detail/fibonacci__type_support.cpp
[0.344s] -- Up-to-date: /home/luiz/robotica/install/action_tutorials_interfaces/lib/libaction_tutorials_interfaces__rosidl_typesupport_introspection_cpp.so
[0.344s] -- Up-to-date: /home/luiz/robotica/install/action_tutorials_interfaces/lib/libaction_tutorials_interfaces__rosidl_typesupport_cpp.so
[0.345s] -- Up-to-date: /home/luiz/robotica/install/action_tutorials_interfaces/share/action_tutorials_interfaces/environment/pythonpath.sh
[0.345s] -- Up-to-date: /home/luiz/robotica/install/action_tutorials_interfaces/share/action_tutorials_interfaces/environment/pythonpath.dsv
[0.345s] -- Up-to-date: /home/luiz/robotica/install/action_tutorials_interfaces/local/lib/python3.10/dist-packages/action_tutorials_interfaces-0.0.0-py3.10.egg-info
[0.345s] -- Installing: /home/luiz/robotica/install/action_tutorials_interfaces/local/lib/python3.10/dist-packages/action_tutorials_interfaces-0.0.0-py3.10.egg-info/PKG-INFO
[0.345s] -- Installing: /home/luiz/robotica/install/action_tutorials_interfaces/local/lib/python3.10/dist-packages/action_tutorials_interfaces-0.0.0-py3.10.egg-info/SOURCES.txt
[0.345s] -- Installing: /home/luiz/robotica/install/action_tutorials_interfaces/local/lib/python3.10/dist-packages/action_tutorials_interfaces-0.0.0-py3.10.egg-info/dependency_links.txt
[0.345s] -- Installing: /home/luiz/robotica/install/action_tutorials_interfaces/local/lib/python3.10/dist-packages/action_tutorials_interfaces-0.0.0-py3.10.egg-info/top_level.txt
[0.346s] -- Up-to-date: /home/luiz/robotica/install/action_tutorials_interfaces/local/lib/python3.10/dist-packages/action_tutorials_interfaces
[0.346s] -- Up-to-date: /home/luiz/robotica/install/action_tutorials_interfaces/local/lib/python3.10/dist-packages/action_tutorials_interfaces/_action_tutorials_interfaces_s.ep.rosidl_typesupport_c.c
[0.346s] -- Up-to-date: /home/luiz/robotica/install/action_tutorials_interfaces/local/lib/python3.10/dist-packages/action_tutorials_interfaces/__init__.py
[0.346s] -- Up-to-date: /home/luiz/robotica/install/action_tutorials_interfaces/local/lib/python3.10/dist-packages/action_tutorials_interfaces/action_tutorials_interfaces_s__rosidl_typesupport_c.cpython-310-x86_64-linux-gnu.so
[0.346s] -- Up-to-date: /home/luiz/robotica/install/action_tutorials_interfaces/local/lib/python3.10/dist-packages/action_tutorials_interfaces/_action_tutorials_interfaces_s.ep.rosidl_typesupport_introspection_c.c
[0.346s] -- Up-to-date: /home/luiz/robotica/install/action_tutorials_interfaces/local/lib/python3.10/dist-packages/action_tutorials_interfaces/action_tutorials_interfaces_s__rosidl_typesupport_fastrtps_c.cpython-310-x86_64-linux-gnu.so
[0.346s] -- Up-to-date: /home/luiz/robotica/install/action_tutorials_interfaces/local/lib/python3.10/dist-packages/action_tutorials_interfaces/libaction_tutorials_interfaces__rosidl_generator_py.so
[0.346s] -- Up-to-date: /home/luiz/robotica/install/action_tutorials_interfaces/local/lib/python3.10/dist-packages/action_tutorials_interfaces/action_tutorials_interfaces_s__rosidl_typesupport_introspection_c.cpython-310-x86_64-linux-gnu.so
[0.346s] -- Up-to-date: /home/luiz/robotica/install/action_tutorials_interfaces/local/lib/python3.10/dist-packages/action_tutorials_interfaces/_action_tutorials_interfaces_s.ep.rosidl_typesupport_fastrtps_c.c
[0.346s] -- Up-to-date: /home/luiz/robotica/install/action_tutorials_interfaces/local/lib/python3.10/dist-packages/action_tutorials_interfaces/action
[0.346s] -- Up-to-date: /home/luiz/robotica/install/action_tutorials_interfaces/local/lib/python3.10/dist-packages/action_tutorials_interfaces/action/_fibonacci_s.c
[0.346s] -- Up-to-date: /home/luiz/robotica/install/action_tutorials_interfaces/local/lib/python3.10/dist-packages/action_tutorials_interfaces/action/_fibonacci.py
[0.346s] -- Up-to-date: /home/luiz/robotica/install/action_tutorials_interfaces/local/lib/python3.10/dist-packages/action_tutorials_interfaces/action/__init__.py
[0.367s] Listing '/home/luiz/robotica/install/action_tutorials_interfaces/local/lib/python3.10/dist-packages/action_tutorials_interfaces'...
[0.367s] Listing '/home/luiz/robotica/install/action_tutorials_interfaces/local/lib/python3.10/dist-packages/action_tutorials_interfaces/action'...
[0.370s] -- Up-to-date: /home/luiz/robotica/install/action_tutorials_interfaces/local/lib/python3.10/dist-packages/action_tutorials_interfaces/action_tutorials_interfaces_s__rosidl_typesupport_fastrtps_c.cpython-310-x86_64-linux-gnu.so
[0.370s] -- Up-to-date: /home/luiz/robotica/install/action_tutorials_interfaces/local/lib/python3.10/dist-packages/action_tutorials_interfaces/action_tutorials_interfaces_s__rosidl_typesupport_introspection_c.cpython-310-x86_64-linux-gnu.so
[0.370s] -- Up-to-date: /home/luiz/robotica/install/action_tutorials_interfaces/local/lib/python3.10/dist-packages/action_tutorials_interfaces/action_tutorials_interfaces_s__rosidl_typesupport_c.cpython-310-x86_64-linux-gnu.so
[0.371s] -- Up-to-date: /home/luiz/robotica/install/action_tutorials_interfaces/lib/libaction_tutorials_interfaces__rosidl_generator_py.so
[0.371s] -- Up-to-date: /home/luiz/robotica/install/action_tutorials_interfaces/share/action_tutorials_interfaces/action/Fibonacci.idl
[0.371s] -- Up-to-date: /home/luiz/robotica/install/action_tutorials_interfaces/share/action_tutorials_interfaces/action/Fibonacci.action
[0.371s] -- Up-to-date: /home/luiz/robotica/install/action_tutorials_interfaces/share/ament_index/resource_index/package_run_dependencies/action_tutorials_interfaces
[0.371s] -- Up-to-date: /home/luiz/robotica/install/action_tutorials_interfaces/share/ament_index/resource_index/parent_prefix_path/action_tutorials_interfaces
[0.371s] -- Up-to-date: /home/luiz/robotica/install/action_tutorials_interfaces/share/action_tutorials_interfaces/environment/ament_prefix_path.sh
[0.371s] -- Up-to-date: /home/luiz/robotica/install/action_tutorials_interfaces/share/action_tutorials_interfaces/environment/ament_prefix_path.dsv
[0.371s] -- Up-to-date: /home/luiz/robotica/install/action_tutorials_interfaces/share/action_tutorials_interfaces/environment/path.sh
[0.371s] -- Up-to-date: /home/luiz/robotica/install/action_tutorials_interfaces/share/action_tutorials_interfaces/environment/path.dsv
[0.371s] -- Up-to-date: /home/luiz/robotica/install/action_tutorials_interfaces/share/action_tutorials_interfaces/local_setup.bash
[0.371s] -- Up-to-date: /home/luiz/robotica/install/action_tutorials_interfaces/share/action_tutorials_interfaces/local_setup.sh
[0.371s] -- Up-to-date: /home/luiz/robotica/install/action_tutorials_interfaces/share/action_tutorials_interfaces/local_setup.zsh
[0.371s] -- Up-to-date: /home/luiz/robotica/install/action_tutorials_interfaces/share/action_tutorials_interfaces/local_setup.dsv
[0.371s] -- Installing: /home/luiz/robotica/install/action_tutorials_interfaces/share/action_tutorials_interfaces/package.dsv
[0.371s] -- Up-to-date: /home/luiz/robotica/install/action_tutorials_interfaces/share/ament_index/resource_index/packages/action_tutorials_interfaces
[0.372s] -- Up-to-date: /home/luiz/robotica/install/action_tutorials_interfaces/share/action_tutorials_interfaces/cmake/export_action_tutorials_interfaces__rosidl_generator_cExport.cmake
[0.372s] -- Up-to-date: /home/luiz/robotica/install/action_tutorials_interfaces/share/action_tutorials_interfaces/cmake/export_action_tutorials_interfaces__rosidl_generator_cExport-noconfig.cmake
[0.372s] -- Up-to-date: /home/luiz/robotica/install/action_tutorials_interfaces/share/action_tutorials_interfaces/cmake/export_action_tutorials_interfaces__rosidl_typesupport_fastrtps_cExport.cmake
[0.372s] -- Up-to-date: /home/luiz/robotica/install/action_tutorials_interfaces/share/action_tutorials_interfaces/cmake/export_action_tutorials_interfaces__rosidl_typesupport_fastrtps_cExport-noconfig.cmake
[0.372s] -- Up-to-date: /home/luiz/robotica/install/action_tutorials_interfaces/share/action_tutorials_interfaces/cmake/action_tutorials_interfaces__rosidl_typesupport_introspection_cExport.cmake
[0.372s] -- Up-to-date: /home/luiz/robotica/install/action_tutorials_interfaces/share/action_tutorials_interfaces/cmake/action_tutorials_interfaces__rosidl_typesupport_introspection_cExport-noconfig.cmake
[0.372s] -- Up-to-date: /home/luiz/robotica/install/action_tutorials_interfaces/share/action_tutorials_interfaces/cmake/action_tutorials_interfaces__rosidl_typesupport_cExport.cmake
[0.372s] -- Up-to-date: /home/luiz/robotica/install/action_tutorials_interfaces/share/action_tutorials_interfaces/cmake/action_tutorials_interfaces__rosidl_typesupport_cExport-noconfig.cmake
[0.372s] -- Up-to-date: /home/luiz/robotica/install/action_tutorials_interfaces/share/action_tutorials_interfaces/cmake/export_action_tutorials_interfaces__rosidl_generator_cppExport.cmake
[0.372s] -- Up-to-date: /home/luiz/robotica/install/action_tutorials_interfaces/share/action_tutorials_interfaces/cmake/export_action_tutorials_interfaces__rosidl_typesupport_fastrtps_cppExport.cmake
[0.372s] -- Up-to-date: /home/luiz/robotica/install/action_tutorials_interfaces/share/action_tutorials_interfaces/cmake/export_action_tutorials_interfaces__rosidl_typesupport_fastrtps_cppExport-noconfig.cmake
[0.372s] -- Up-to-date: /home/luiz/robotica/install/action_tutorials_interfaces/share/action_tutorials_interfaces/cmake/action_tutorials_interfaces__rosidl_typesupport_introspection_cppExport.cmake
[0.372s] -- Up-to-date: /home/luiz/robotica/install/action_tutorials_interfaces/share/action_tutorials_interfaces/cmake/action_tutorials_interfaces__rosidl_typesupport_introspection_cppExport-noconfig.cmake
[0.372s] -- Up-to-date: /home/luiz/robotica/install/action_tutorials_interfaces/share/action_tutorials_interfaces/cmake/action_tutorials_interfaces__rosidl_typesupport_cppExport.cmake
[0.372s] -- Up-to-date: /home/luiz/robotica/install/action_tutorials_interfaces/share/action_tutorials_interfaces/cmake/action_tutorials_interfaces__rosidl_typesupport_cppExport-noconfig.cmake
[0.372s] -- Up-to-date: /home/luiz/robotica/install/action_tutorials_interfaces/share/action_tutorials_interfaces/cmake/export_action_tutorials_interfaces__rosidl_generator_pyExport.cmake
[0.372s] -- Up-to-date: /home/luiz/robotica/install/action_tutorials_interfaces/share/action_tutorials_interfaces/cmake/export_action_tutorials_interfaces__rosidl_generator_pyExport-noconfig.cmake
[0.373s] -- Up-to-date: /home/luiz/robotica/install/action_tutorials_interfaces/share/action_tutorials_interfaces/cmake/rosidl_cmake-extras.cmake
[0.373s] -- Up-to-date: /home/luiz/robotica/install/action_tutorials_interfaces/share/action_tutorials_interfaces/cmake/ament_cmake_export_dependencies-extras.cmake
[0.373s] -- Up-to-date: /home/luiz/robotica/install/action_tutorials_interfaces/share/action_tutorials_interfaces/cmake/ament_cmake_export_include_directories-extras.cmake
[0.373s] -- Up-to-date: /home/luiz/robotica/install/action_tutorials_interfaces/share/action_tutorials_interfaces/cmake/ament_cmake_export_libraries-extras.cmake
[0.373s] -- Up-to-date: /home/luiz/robotica/install/action_tutorials_interfaces/share/action_tutorials_interfaces/cmake/ament_cmake_export_targets-extras.cmake
[0.373s] -- Up-to-date: /home/luiz/robotica/install/action_tutorials_interfaces/share/action_tutorials_interfaces/cmake/rosidl_cmake_export_typesupport_targets-extras.cmake
[0.373s] -- Up-to-date: /home/luiz/robotica/install/action_tutorials_interfaces/share/action_tutorials_interfaces/cmake/rosidl_cmake_export_typesupport_libraries-extras.cmake
[0.373s] -- Up-to-date: /home/luiz/robotica/install/action_tutorials_interfaces/share/action_tutorials_interfaces/cmake/action_tutorials_interfacesConfig.cmake
[0.373s] -- Up-to-date: /home/luiz/robotica/install/action_tutorials_interfaces/share/action_tutorials_interfaces/cmake/action_tutorials_interfacesConfig-version.cmake
[0.373s] -- Up-to-date: /home/luiz/robotica/install/action_tutorials_interfaces/share/action_tutorials_interfaces/package.xml
[0.375s] Invoked command in '/home/luiz/robotica/build/action_tutorials_interfaces' returned '0': CMAKE_PREFIX_PATH=${CMAKE_PREFIX_PATH}:/opt/ros/humble /usr/bin/cmake --install /home/luiz/robotica/build/action_tutorials_interfaces
