[0.020s] Invoking command in '/home/luiz/robotica/build/cpp_srvcli': CMAKE_PREFIX_PATH=${CMAKE_PREFIX_PATH}:/opt/ros/humble /usr/bin/cmake /home/luiz/robotica/src/cpp_srvcli -DCMAKE_INSTALL_PREFIX=/home/luiz/robotica/install/cpp_srvcli
[0.170s] -- The C compiler identification is GNU 11.4.0
[0.342s] -- The CXX compiler identification is GNU 11.4.0
[0.352s] -- Detecting C compiler ABI info
[0.411s] -- Detecting C compiler ABI info - done
[0.418s] -- Check for working C compiler: /usr/bin/cc - skipped
[0.418s] -- Detecting C compile features
[0.418s] -- Detecting C compile features - done
[0.421s] -- Detecting CXX compiler ABI info
[0.485s] -- Detecting CXX compiler ABI info - done
[0.490s] -- Check for working CXX compiler: /usr/bin/c++ - skipped
[0.490s] -- Detecting CXX compile features
[0.490s] -- Detecting CXX compile features - done
[0.494s] -- Found ament_cmake: 1.3.12 (/opt/ros/humble/share/ament_cmake/cmake)
[0.607s] -- Found Python3: /usr/bin/python3 (found version "3.10.12") found components: Interpreter 
[0.681s] -- Found rclcpp: 16.0.14 (/opt/ros/humble/share/rclcpp/cmake)
[0.734s] -- Found rosidl_generator_c: 3.1.7 (/opt/ros/humble/share/rosidl_generator_c/cmake)
[0.740s] -- Found rosidl_adapter: 3.1.7 (/opt/ros/humble/share/rosidl_adapter/cmake)
[0.751s] -- Found rosidl_generator_cpp: 3.1.7 (/opt/ros/humble/share/rosidl_generator_cpp/cmake)
[0.763s] -- Using all available rosidl_typesupport_c: rosidl_typesupport_fastrtps_c;rosidl_typesupport_introspection_c
[0.772s] -- Using all available rosidl_typesupport_cpp: rosidl_typesupport_fastrtps_cpp;rosidl_typesupport_introspection_cpp
[0.822s] -- Found rmw_implementation_cmake: 6.1.2 (/opt/ros/humble/share/rmw_implementation_cmake/cmake)
[0.825s] -- Found rmw_fastrtps_cpp: 6.2.8 (/opt/ros/humble/share/rmw_fastrtps_cpp/cmake)
[0.899s] -- Found OpenSSL: /usr/lib/x86_64-linux-gnu/libcrypto.so (found version "3.0.2")  
[0.917s] -- Found FastRTPS: /opt/ros/humble/include  
[0.942s] -- Using RMW implementation 'rmw_fastrtps_cpp' as default
[0.952s] -- Looking for pthread.h
[1.012s] -- Looking for pthread.h - found
[1.012s] -- Performing Test CMAKE_HAVE_LIBC_PTHREAD
[1.058s] -- Performing Test CMAKE_HAVE_LIBC_PTHREAD - Success
[1.058s] -- Found Threads: TRUE  
[1.116s] -- Found example_interfaces: 0.9.3 (/opt/ros/humble/share/example_interfaces/cmake)
[1.185s] -- Configuring done
[1.195s] -- Generating done
[1.199s] -- Build files have been written to: /home/luiz/robotica/build/cpp_srvcli
[1.206s] Invoked command in '/home/luiz/robotica/build/cpp_srvcli' returned '0': CMAKE_PREFIX_PATH=${CMAKE_PREFIX_PATH}:/opt/ros/humble /usr/bin/cmake /home/luiz/robotica/src/cpp_srvcli -DCMAKE_INSTALL_PREFIX=/home/luiz/robotica/install/cpp_srvcli
[1.207s] Invoking command in '/home/luiz/robotica/build/cpp_srvcli': CMAKE_PREFIX_PATH=${CMAKE_PREFIX_PATH}:/opt/ros/humble /usr/bin/cmake --build /home/luiz/robotica/build/cpp_srvcli -- -j12 -l12
[1.240s] [ 25%] [32mBuilding CXX object CMakeFiles/server.dir/src/add_two_ints_server.cpp.o[0m
[1.241s] [ 50%] [32mBuilding CXX object CMakeFiles/client.dir/src/add_two_ints_client.cpp.o[0m
[4.138s] [ 75%] [32m[1mLinking CXX executable server[0m
[4.180s] [100%] [32m[1mLinking CXX executable client[0m
[4.238s] [100%] Built target server
[4.274s] [100%] Built target client
[4.283s] Invoked command in '/home/luiz/robotica/build/cpp_srvcli' returned '0': CMAKE_PREFIX_PATH=${CMAKE_PREFIX_PATH}:/opt/ros/humble /usr/bin/cmake --build /home/luiz/robotica/build/cpp_srvcli -- -j12 -l12
[4.284s] Invoking command in '/home/luiz/robotica/build/cpp_srvcli': CMAKE_PREFIX_PATH=${CMAKE_PREFIX_PATH}:/opt/ros/humble /usr/bin/cmake --install /home/luiz/robotica/build/cpp_srvcli
[4.290s] -- Install configuration: ""
[4.290s] -- Installing: /home/luiz/robotica/install/cpp_srvcli/lib/cpp_srvcli/server
[4.290s] -- Set runtime path of "/home/luiz/robotica/install/cpp_srvcli/lib/cpp_srvcli/server" to ""
[4.290s] -- Installing: /home/luiz/robotica/install/cpp_srvcli/lib/cpp_srvcli/client
[4.291s] -- Set runtime path of "/home/luiz/robotica/install/cpp_srvcli/lib/cpp_srvcli/client" to ""
[4.291s] -- Installing: /home/luiz/robotica/install/cpp_srvcli/share/ament_index/resource_index/package_run_dependencies/cpp_srvcli
[4.291s] -- Installing: /home/luiz/robotica/install/cpp_srvcli/share/ament_index/resource_index/parent_prefix_path/cpp_srvcli
[4.291s] -- Installing: /home/luiz/robotica/install/cpp_srvcli/share/cpp_srvcli/environment/ament_prefix_path.sh
[4.292s] -- Installing: /home/luiz/robotica/install/cpp_srvcli/share/cpp_srvcli/environment/ament_prefix_path.dsv
[4.292s] -- Installing: /home/luiz/robotica/install/cpp_srvcli/share/cpp_srvcli/environment/path.sh
[4.292s] -- Installing: /home/luiz/robotica/install/cpp_srvcli/share/cpp_srvcli/environment/path.dsv
[4.292s] -- Installing: /home/luiz/robotica/install/cpp_srvcli/share/cpp_srvcli/local_setup.bash
[4.292s] -- Installing: /home/luiz/robotica/install/cpp_srvcli/share/cpp_srvcli/local_setup.sh
[4.292s] -- Installing: /home/luiz/robotica/install/cpp_srvcli/share/cpp_srvcli/local_setup.zsh
[4.292s] -- Installing: /home/luiz/robotica/install/cpp_srvcli/share/cpp_srvcli/local_setup.dsv
[4.292s] -- Installing: /home/luiz/robotica/install/cpp_srvcli/share/cpp_srvcli/package.dsv
[4.293s] -- Installing: /home/luiz/robotica/install/cpp_srvcli/share/ament_index/resource_index/packages/cpp_srvcli
[4.293s] -- Installing: /home/luiz/robotica/install/cpp_srvcli/share/cpp_srvcli/cmake/cpp_srvcliConfig.cmake
[4.293s] -- Installing: /home/luiz/robotica/install/cpp_srvcli/share/cpp_srvcli/cmake/cpp_srvcliConfig-version.cmake
[4.293s] -- Installing: /home/luiz/robotica/install/cpp_srvcli/share/cpp_srvcli/package.xml
[4.295s] Invoked command in '/home/luiz/robotica/build/cpp_srvcli' returned '0': CMAKE_PREFIX_PATH=${CMAKE_PREFIX_PATH}:/opt/ros/humble /usr/bin/cmake --install /home/luiz/robotica/build/cpp_srvcli
