[0.022s] Invoking command in '/home/luiz/robotica/build/cpp_srvcli': CMAKE_PREFIX_PATH=${CMAKE_PREFIX_PATH}:/opt/ros/humble /usr/bin/cmake --build /home/luiz/robotica/build/cpp_srvcli -- -j12 -l12
[0.082s] [ 50%] Built target server
[0.091s] [100%] Built target client
[0.123s] Invoked command in '/home/luiz/robotica/build/cpp_srvcli' returned '0': CMAKE_PREFIX_PATH=${CMAKE_PREFIX_PATH}:/opt/ros/humble /usr/bin/cmake --build /home/luiz/robotica/build/cpp_srvcli -- -j12 -l12
[0.123s] Invoking command in '/home/luiz/robotica/build/cpp_srvcli': CMAKE_PREFIX_PATH=${CMAKE_PREFIX_PATH}:/opt/ros/humble /usr/bin/cmake --install /home/luiz/robotica/build/cpp_srvcli
[0.129s] -- Install configuration: ""
[0.132s] -- Up-to-date: /home/luiz/robotica/install/cpp_srvcli/lib/cpp_srvcli/server
[0.132s] -- Up-to-date: /home/luiz/robotica/install/cpp_srvcli/lib/cpp_srvcli/client
[0.132s] -- Up-to-date: /home/luiz/robotica/install/cpp_srvcli/share/ament_index/resource_index/package_run_dependencies/cpp_srvcli
[0.132s] -- Up-to-date: /home/luiz/robotica/install/cpp_srvcli/share/ament_index/resource_index/parent_prefix_path/cpp_srvcli
[0.132s] -- Up-to-date: /home/luiz/robotica/install/cpp_srvcli/share/cpp_srvcli/environment/ament_prefix_path.sh
[0.132s] -- Up-to-date: /home/luiz/robotica/install/cpp_srvcli/share/cpp_srvcli/environment/ament_prefix_path.dsv
[0.132s] -- Up-to-date: /home/luiz/robotica/install/cpp_srvcli/share/cpp_srvcli/environment/path.sh
[0.132s] -- Up-to-date: /home/luiz/robotica/install/cpp_srvcli/share/cpp_srvcli/environment/path.dsv
[0.132s] -- Up-to-date: /home/luiz/robotica/install/cpp_srvcli/share/cpp_srvcli/local_setup.bash
[0.132s] -- Up-to-date: /home/luiz/robotica/install/cpp_srvcli/share/cpp_srvcli/local_setup.sh
[0.132s] -- Up-to-date: /home/luiz/robotica/install/cpp_srvcli/share/cpp_srvcli/local_setup.zsh
[0.133s] -- Up-to-date: /home/luiz/robotica/install/cpp_srvcli/share/cpp_srvcli/local_setup.dsv
[0.133s] -- Installing: /home/luiz/robotica/install/cpp_srvcli/share/cpp_srvcli/package.dsv
[0.133s] -- Up-to-date: /home/luiz/robotica/install/cpp_srvcli/share/ament_index/resource_index/packages/cpp_srvcli
[0.133s] -- Up-to-date: /home/luiz/robotica/install/cpp_srvcli/share/cpp_srvcli/cmake/cpp_srvcliConfig.cmake
[0.133s] -- Up-to-date: /home/luiz/robotica/install/cpp_srvcli/share/cpp_srvcli/cmake/cpp_srvcliConfig-version.cmake
[0.133s] -- Up-to-date: /home/luiz/robotica/install/cpp_srvcli/share/cpp_srvcli/package.xml
[0.168s] Invoked command in '/home/luiz/robotica/build/cpp_srvcli' returned '0': CMAKE_PREFIX_PATH=${CMAKE_PREFIX_PATH}:/opt/ros/humble /usr/bin/cmake --install /home/luiz/robotica/build/cpp_srvcli
