[0.017s] Invoking command in '/home/luiz/robotica/build/cpp_parameters': CMAKE_PREFIX_PATH=${CMAKE_PREFIX_PATH}:/opt/ros/humble /usr/bin/cmake /home/luiz/robotica/src/cpp_parameters -DCMAKE_INSTALL_PREFIX=/home/luiz/robotica/install/cpp_parameters
[0.177s] -- The C compiler identification is GNU 11.4.0
[0.344s] -- The CXX compiler identification is GNU 11.4.0
[0.357s] -- Detecting C compiler ABI info
[0.417s] -- Detecting C compiler ABI info - done
[0.421s] -- Check for working C compiler: /usr/bin/cc - skipped
[0.422s] -- Detecting C compile features
[0.422s] -- Detecting C compile features - done
[0.426s] -- Detecting CXX compiler ABI info
[0.490s] -- Detecting CXX compiler ABI info - done
[0.495s] -- Check for working CXX compiler: /usr/bin/c++ - skipped
[0.495s] -- Detecting CXX compile features
[0.495s] -- Detecting CXX compile features - done
[0.499s] -- Found ament_cmake: 1.3.12 (/opt/ros/humble/share/ament_cmake/cmake)
[0.612s] -- Found Python3: /usr/bin/python3 (found version "3.10.12") found components: Interpreter 
[0.686s] -- Found rclcpp: 16.0.14 (/opt/ros/humble/share/rclcpp/cmake)
[0.739s] -- Found rosidl_generator_c: 3.1.7 (/opt/ros/humble/share/rosidl_generator_c/cmake)
[0.745s] -- Found rosidl_adapter: 3.1.7 (/opt/ros/humble/share/rosidl_adapter/cmake)
[0.756s] -- Found rosidl_generator_cpp: 3.1.7 (/opt/ros/humble/share/rosidl_generator_cpp/cmake)
[0.768s] -- Using all available rosidl_typesupport_c: rosidl_typesupport_fastrtps_c;rosidl_typesupport_introspection_c
[0.777s] -- Using all available rosidl_typesupport_cpp: rosidl_typesupport_fastrtps_cpp;rosidl_typesupport_introspection_cpp
[0.827s] -- Found rmw_implementation_cmake: 6.1.2 (/opt/ros/humble/share/rmw_implementation_cmake/cmake)
[0.829s] -- Found rmw_fastrtps_cpp: 6.2.8 (/opt/ros/humble/share/rmw_fastrtps_cpp/cmake)
[0.901s] -- Found OpenSSL: /usr/lib/x86_64-linux-gnu/libcrypto.so (found version "3.0.2")  
[0.921s] -- Found FastRTPS: /opt/ros/humble/include  
[0.946s] -- Using RMW implementation 'rmw_fastrtps_cpp' as default
[0.957s] -- Looking for pthread.h
[1.017s] -- Looking for pthread.h - found
[1.017s] -- Performing Test CMAKE_HAVE_LIBC_PTHREAD
[1.063s] -- Performing Test CMAKE_HAVE_LIBC_PTHREAD - Success
[1.063s] -- Found Threads: TRUE  
[1.120s] -- Found ament_lint_auto: 0.12.14 (/opt/ros/humble/share/ament_lint_auto/cmake)
[1.167s] -- Added test 'cppcheck' to perform static code analysis on C / C++ code
[1.167s] -- Configured cppcheck include dirs: 
[1.167s] -- Configured cppcheck exclude dirs and/or files: 
[1.168s] -- Added test 'flake8' to check Python code syntax and style conventions
[1.168s] -- Added test 'lint_cmake' to check CMake code style
[1.169s] -- Added test 'pep257' to check Python code against some of the docstring style conventions in PEP 257
[1.170s] -- Added test 'uncrustify' to check C / C++ code style
[1.170s] -- Configured uncrustify additional arguments: 
[1.170s] -- Added test 'xmllint' to check XML markup files
[1.171s] -- Configuring done
[1.178s] -- Generating done
[1.180s] -- Build files have been written to: /home/luiz/robotica/build/cpp_parameters
[1.186s] Invoked command in '/home/luiz/robotica/build/cpp_parameters' returned '0': CMAKE_PREFIX_PATH=${CMAKE_PREFIX_PATH}:/opt/ros/humble /usr/bin/cmake /home/luiz/robotica/src/cpp_parameters -DCMAKE_INSTALL_PREFIX=/home/luiz/robotica/install/cpp_parameters
[1.187s] Invoking command in '/home/luiz/robotica/build/cpp_parameters': CMAKE_PREFIX_PATH=${CMAKE_PREFIX_PATH}:/opt/ros/humble /usr/bin/cmake --build /home/luiz/robotica/build/cpp_parameters -- -j12 -l12
[1.224s] [ 50%] [32mBuilding CXX object CMakeFiles/minimal_param_node.dir/src/cpp_parameters_node.cpp.o[0m
[3.973s] [100%] [32m[1mLinking CXX executable minimal_param_node[0m
[4.069s] [100%] Built target minimal_param_node
[4.077s] Invoked command in '/home/luiz/robotica/build/cpp_parameters' returned '0': CMAKE_PREFIX_PATH=${CMAKE_PREFIX_PATH}:/opt/ros/humble /usr/bin/cmake --build /home/luiz/robotica/build/cpp_parameters -- -j12 -l12
[4.078s] Invoking command in '/home/luiz/robotica/build/cpp_parameters': CMAKE_PREFIX_PATH=${CMAKE_PREFIX_PATH}:/opt/ros/humble /usr/bin/cmake --install /home/luiz/robotica/build/cpp_parameters
[4.082s] -- Install configuration: ""
[4.082s] -- Installing: /home/luiz/robotica/install/cpp_parameters/lib/cpp_parameters/minimal_param_node
[4.083s] -- Set runtime path of "/home/luiz/robotica/install/cpp_parameters/lib/cpp_parameters/minimal_param_node" to ""
[4.083s] -- Installing: /home/luiz/robotica/install/cpp_parameters/share/cpp_parameters/launch
[4.083s] -- Installing: /home/luiz/robotica/install/cpp_parameters/share/cpp_parameters/launch/cpp_parameters_launch.py
[4.084s] -- Installing: /home/luiz/robotica/install/cpp_parameters/share/ament_index/resource_index/package_run_dependencies/cpp_parameters
[4.084s] -- Installing: /home/luiz/robotica/install/cpp_parameters/share/ament_index/resource_index/parent_prefix_path/cpp_parameters
[4.084s] -- Installing: /home/luiz/robotica/install/cpp_parameters/share/cpp_parameters/environment/ament_prefix_path.sh
[4.084s] -- Installing: /home/luiz/robotica/install/cpp_parameters/share/cpp_parameters/environment/ament_prefix_path.dsv
[4.085s] -- Installing: /home/luiz/robotica/install/cpp_parameters/share/cpp_parameters/environment/path.sh
[4.085s] -- Installing: /home/luiz/robotica/install/cpp_parameters/share/cpp_parameters/environment/path.dsv
[4.085s] -- Installing: /home/luiz/robotica/install/cpp_parameters/share/cpp_parameters/local_setup.bash
[4.085s] -- Installing: /home/luiz/robotica/install/cpp_parameters/share/cpp_parameters/local_setup.sh
[4.085s] -- Installing: /home/luiz/robotica/install/cpp_parameters/share/cpp_parameters/local_setup.zsh
[4.085s] -- Installing: /home/luiz/robotica/install/cpp_parameters/share/cpp_parameters/local_setup.dsv
[4.085s] -- Installing: /home/luiz/robotica/install/cpp_parameters/share/cpp_parameters/package.dsv
[4.085s] -- Installing: /home/luiz/robotica/install/cpp_parameters/share/ament_index/resource_index/packages/cpp_parameters
[4.085s] -- Installing: /home/luiz/robotica/install/cpp_parameters/share/cpp_parameters/cmake/cpp_parametersConfig.cmake
[4.086s] -- Installing: /home/luiz/robotica/install/cpp_parameters/share/cpp_parameters/cmake/cpp_parametersConfig-version.cmake
[4.086s] -- Installing: /home/luiz/robotica/install/cpp_parameters/share/cpp_parameters/package.xml
[4.087s] Invoked command in '/home/luiz/robotica/build/cpp_parameters' returned '0': CMAKE_PREFIX_PATH=${CMAKE_PREFIX_PATH}:/opt/ros/humble /usr/bin/cmake --install /home/luiz/robotica/build/cpp_parameters
