[0.018s] Invoking command in '/home/luiz/robotica/build/action_tutorials_interfaces': CMAKE_PREFIX_PATH=${CMAKE_PREFIX_PATH}:/opt/ros/humble /usr/bin/cmake /home/luiz/robotica/src/action_tutorials_interfaces -DCMAKE_INSTALL_PREFIX=/home/luiz/robotica/install/action_tutorials_interfaces
[0.179s] -- The C compiler identification is GNU 11.4.0
[0.348s] -- The CXX compiler identification is GNU 11.4.0
[0.359s] -- Detecting C compiler ABI info
[0.419s] -- Detecting C compiler ABI info - done
[0.425s] -- Check for working C compiler: /usr/bin/cc - skipped
[0.425s] -- Detecting C compile features
[0.426s] -- Detecting C compile features - done
[0.429s] -- Detecting CXX compiler ABI info
[0.492s] -- Detecting CXX compiler ABI info - done
[0.497s] -- Check for working CXX compiler: /usr/bin/c++ - skipped
[0.498s] -- Detecting CXX compile features
[0.498s] -- Detecting CXX compile features - done
[0.501s] -- Found ament_cmake: 1.3.12 (/opt/ros/humble/share/ament_cmake/cmake)
[0.616s] -- Found Python3: /usr/bin/python3 (found version "3.10.12") found components: Interpreter 
[0.687s] -- Found ament_lint_auto: 0.12.14 (/opt/ros/humble/share/ament_lint_auto/cmake)
[0.742s] -- Found rosidl_default_generators: 1.2.0 (/opt/ros/humble/share/rosidl_default_generators/cmake)
[0.747s] -- Using all available rosidl_typesupport_c: rosidl_typesupport_fastrtps_c;rosidl_typesupport_introspection_c
[0.751s] -- Found rosidl_adapter: 3.1.7 (/opt/ros/humble/share/rosidl_adapter/cmake)
[0.779s] -- Using all available rosidl_typesupport_cpp: rosidl_typesupport_fastrtps_cpp;rosidl_typesupport_introspection_cpp
[0.963s] -- Found ament_cmake_ros: 0.10.0 (/opt/ros/humble/share/ament_cmake_ros/cmake)
[1.091s] -- Using all available rosidl_typesupport_c: rosidl_typesupport_fastrtps_c;rosidl_typesupport_introspection_c
[1.256s] -- Using all available rosidl_typesupport_cpp: rosidl_typesupport_fastrtps_cpp;rosidl_typesupport_introspection_cpp
[1.273s] -- Found PythonInterp: /usr/bin/python3 (found suitable version "3.10.12", minimum required is "3.6") 
[1.275s] -- Found python_cmake_module: 0.10.0 (/opt/ros/humble/share/python_cmake_module/cmake)
[1.297s] -- Found PythonLibs: /usr/lib/x86_64-linux-gnu/libpython3.10.so (found suitable version "3.10.12", minimum required is "3.5") 
[1.297s] -- Using PYTHON_EXECUTABLE: /usr/bin/python3
[1.297s] -- Using PYTHON_INCLUDE_DIRS: /usr/include/python3.10
[1.297s] -- Using PYTHON_LIBRARIES: /usr/lib/x86_64-linux-gnu/libpython3.10.so
[1.314s] -- Found PythonExtra: .so  
[1.348s] -- Added test 'lint_cmake' to check CMake code style
[1.349s] -- Added test 'xmllint' to check XML markup files
[1.356s] -- Configuring done
[1.379s] -- Generating done
[1.385s] -- Build files have been written to: /home/luiz/robotica/build/action_tutorials_interfaces
[1.393s] Invoked command in '/home/luiz/robotica/build/action_tutorials_interfaces' returned '0': CMAKE_PREFIX_PATH=${CMAKE_PREFIX_PATH}:/opt/ros/humble /usr/bin/cmake /home/luiz/robotica/src/action_tutorials_interfaces -DCMAKE_INSTALL_PREFIX=/home/luiz/robotica/install/action_tutorials_interfaces
[1.394s] Invoking command in '/home/luiz/robotica/build/action_tutorials_interfaces': CMAKE_PREFIX_PATH=${CMAKE_PREFIX_PATH}:/opt/ros/humble /usr/bin/cmake --build /home/luiz/robotica/build/action_tutorials_interfaces -- -j12 -l12
[1.425s] [  3%] [34m[1mGenerating C code for ROS interfaces[0m
[1.431s] [  6%] [34m[1mGenerating C++ code for ROS interfaces[0m
[1.436s] [  6%] Built target ament_cmake_python_copy_action_tutorials_interfaces
[1.598s] running egg_info
[1.604s] creating action_tutorials_interfaces.egg-info
[1.604s] writing action_tutorials_interfaces.egg-info/PKG-INFO
[1.604s] writing dependency_links to action_tutorials_interfaces.egg-info/dependency_links.txt
[1.604s] writing top-level names to action_tutorials_interfaces.egg-info/top_level.txt
[1.604s] writing manifest file 'action_tutorials_interfaces.egg-info/SOURCES.txt'
[1.617s] reading manifest file 'action_tutorials_interfaces.egg-info/SOURCES.txt'
[1.617s] writing manifest file 'action_tutorials_interfaces.egg-info/SOURCES.txt'
[1.648s] [  6%] Built target ament_cmake_python_build_action_tutorials_interfaces_egg
[1.742s] [  9%] [32mBuilding C object CMakeFiles/action_tutorials_interfaces__rosidl_generator_c.dir/rosidl_generator_c/action_tutorials_interfaces/action/detail/fibonacci__functions.c.o[0m
[1.770s] [  9%] Built target action_tutorials_interfaces__cpp
[1.781s] [ 19%] [34m[1mGenerating C++ type support for eProsima Fast-RTPS[0m
[1.781s] [ 19%] [34m[1mGenerating C++ type support dispatch for ROS interfaces[0m
[1.781s] [ 19%] [34m[1mGenerating C++ introspection for ROS interfaces[0m
[1.861s] [ 22%] [32m[1mLinking C shared library libaction_tutorials_interfaces__rosidl_generator_c.so[0m
[1.897s] [ 22%] Built target action_tutorials_interfaces__rosidl_generator_c
[1.910s] [ 25%] [34m[1mGenerating C type support for eProsima Fast-RTPS[0m
[1.931s] [ 29%] [34m[1mGenerating C type support dispatch for ROS interfaces[0m
[1.945s] [ 32%] [34m[1mGenerating C introspection for ROS interfaces[0m
[2.069s] [ 35%] [32mBuilding CXX object CMakeFiles/action_tutorials_interfaces__rosidl_typesupport_cpp.dir/rosidl_typesupport_cpp/action_tutorials_interfaces/action/fibonacci__type_support.cpp.o[0m
[2.268s] [ 38%] [32mBuilding CXX object CMakeFiles/action_tutorials_interfaces__rosidl_typesupport_fastrtps_cpp.dir/rosidl_typesupport_fastrtps_cpp/action_tutorials_interfaces/action/detail/dds_fastrtps/fibonacci__type_support.cpp.o[0m
[2.270s] [ 41%] [32mBuilding CXX object CMakeFiles/action_tutorials_interfaces__rosidl_typesupport_c.dir/rosidl_typesupport_c/action_tutorials_interfaces/action/fibonacci__type_support.cpp.o[0m
[2.285s] [ 45%] [32mBuilding CXX object CMakeFiles/action_tutorials_interfaces__rosidl_typesupport_introspection_cpp.dir/rosidl_typesupport_introspection_cpp/action_tutorials_interfaces/action/detail/fibonacci__type_support.cpp.o[0m
[2.381s] [ 48%] [32m[1mLinking CXX shared library libaction_tutorials_interfaces__rosidl_typesupport_c.so[0m
[2.413s] [ 51%] [32mBuilding CXX object CMakeFiles/action_tutorials_interfaces__rosidl_typesupport_fastrtps_c.dir/rosidl_typesupport_fastrtps_c/action_tutorials_interfaces/action/detail/fibonacci__type_support_c.cpp.o[0m
[2.460s] [ 51%] Built target action_tutorials_interfaces__rosidl_typesupport_c
[2.475s] [ 54%] [32mBuilding C object CMakeFiles/action_tutorials_interfaces__rosidl_typesupport_introspection_c.dir/rosidl_typesupport_introspection_c/action_tutorials_interfaces/action/detail/fibonacci__type_support.c.o[0m
[2.507s] [ 58%] [32m[1mLinking CXX shared library libaction_tutorials_interfaces__rosidl_typesupport_cpp.so[0m
[2.560s] [ 61%] [32m[1mLinking C shared library libaction_tutorials_interfaces__rosidl_typesupport_introspection_c.so[0m
[2.587s] [ 61%] Built target action_tutorials_interfaces__rosidl_typesupport_cpp
[2.642s] [ 61%] Built target action_tutorials_interfaces__rosidl_typesupport_introspection_c
[2.833s] [ 64%] [32m[1mLinking CXX shared library libaction_tutorials_interfaces__rosidl_typesupport_fastrtps_c.so[0m
[2.876s] [ 67%] [32m[1mLinking CXX shared library libaction_tutorials_interfaces__rosidl_typesupport_fastrtps_cpp.so[0m
[2.903s] [ 67%] Built target action_tutorials_interfaces__rosidl_typesupport_fastrtps_c
[2.937s] [ 70%] [32m[1mLinking CXX shared library libaction_tutorials_interfaces__rosidl_typesupport_introspection_cpp.so[0m
[2.944s] [ 70%] Built target action_tutorials_interfaces__rosidl_typesupport_fastrtps_cpp
[2.982s] [ 70%] Built target action_tutorials_interfaces__rosidl_typesupport_introspection_cpp
[2.996s] [ 70%] Built target action_tutorials_interfaces
[3.016s] [ 74%] [34m[1mGenerating Python code for ROS interfaces[0m
[3.405s] [ 74%] Built target action_tutorials_interfaces__py
[3.439s] [ 77%] [32mBuilding C object CMakeFiles/action_tutorials_interfaces__rosidl_generator_py.dir/rosidl_generator_py/action_tutorials_interfaces/action/_fibonacci_s.c.o[0m
[3.576s] [ 80%] [32m[1mLinking C shared library rosidl_generator_py/action_tutorials_interfaces/libaction_tutorials_interfaces__rosidl_generator_py.so[0m
[3.616s] [ 80%] Built target action_tutorials_interfaces__rosidl_generator_py
[3.636s] [ 83%] [32mBuilding C object CMakeFiles/action_tutorials_interfaces__rosidl_typesupport_fastrtps_c__pyext.dir/rosidl_generator_py/action_tutorials_interfaces/_action_tutorials_interfaces_s.ep.rosidl_typesupport_fastrtps_c.c.o[0m
[3.637s] [ 87%] [32mBuilding C object CMakeFiles/action_tutorials_interfaces__rosidl_typesupport_c__pyext.dir/rosidl_generator_py/action_tutorials_interfaces/_action_tutorials_interfaces_s.ep.rosidl_typesupport_c.c.o[0m
[3.645s] [ 90%] [32mBuilding C object CMakeFiles/action_tutorials_interfaces__rosidl_typesupport_introspection_c__pyext.dir/rosidl_generator_py/action_tutorials_interfaces/_action_tutorials_interfaces_s.ep.rosidl_typesupport_introspection_c.c.o[0m
[3.742s] [ 93%] [32m[1mLinking C shared library rosidl_generator_py/action_tutorials_interfaces/action_tutorials_interfaces_s__rosidl_typesupport_c.cpython-310-x86_64-linux-gnu.so[0m
[3.752s] [ 96%] [32m[1mLinking C shared library rosidl_generator_py/action_tutorials_interfaces/action_tutorials_interfaces_s__rosidl_typesupport_fastrtps_c.cpython-310-x86_64-linux-gnu.so[0m
[3.760s] [100%] [32m[1mLinking C shared library rosidl_generator_py/action_tutorials_interfaces/action_tutorials_interfaces_s__rosidl_typesupport_introspection_c.cpython-310-x86_64-linux-gnu.so[0m
[3.780s] [100%] Built target action_tutorials_interfaces__rosidl_typesupport_c__pyext
[3.790s] [100%] Built target action_tutorials_interfaces__rosidl_typesupport_fastrtps_c__pyext
[3.792s] [100%] Built target action_tutorials_interfaces__rosidl_typesupport_introspection_c__pyext
[3.801s] Invoked command in '/home/luiz/robotica/build/action_tutorials_interfaces' returned '0': CMAKE_PREFIX_PATH=${CMAKE_PREFIX_PATH}:/opt/ros/humble /usr/bin/cmake --build /home/luiz/robotica/build/action_tutorials_interfaces -- -j12 -l12
[3.803s] Invoking command in '/home/luiz/robotica/build/action_tutorials_interfaces': CMAKE_PREFIX_PATH=${CMAKE_PREFIX_PATH}:/opt/ros/humble /usr/bin/cmake --install /home/luiz/robotica/build/action_tutorials_interfaces
[3.815s] -- Install configuration: ""
[3.815s] -- Installing: /home/luiz/robotica/install/action_tutorials_interfaces/share/ament_index/resource_index/rosidl_interfaces/action_tutorials_interfaces
[3.815s] -- Installing: /home/luiz/robotica/install/action_tutorials_interfaces/include/action_tutorials_interfaces/action_tutorials_interfaces
[3.815s] -- Installing: /home/luiz/robotica/install/action_tutorials_interfaces/include/action_tutorials_interfaces/action_tutorials_interfaces/msg
[3.815s] -- Installing: /home/luiz/robotica/install/action_tutorials_interfaces/include/action_tutorials_interfaces/action_tutorials_interfaces/msg/rosidl_generator_c__visibility_control.h
[3.815s] -- Installing: /home/luiz/robotica/install/action_tutorials_interfaces/include/action_tutorials_interfaces/action_tutorials_interfaces/action
[3.815s] -- Installing: /home/luiz/robotica/install/action_tutorials_interfaces/include/action_tutorials_interfaces/action_tutorials_interfaces/action/fibonacci.h
[3.817s] -- Installing: /home/luiz/robotica/install/action_tutorials_interfaces/include/action_tutorials_interfaces/action_tutorials_interfaces/action/detail
[3.817s] -- Installing: /home/luiz/robotica/install/action_tutorials_interfaces/include/action_tutorials_interfaces/action_tutorials_interfaces/action/detail/fibonacci__functions.h
[3.818s] -- Installing: /home/luiz/robotica/install/action_tutorials_interfaces/include/action_tutorials_interfaces/action_tutorials_interfaces/action/detail/fibonacci__functions.c
[3.818s] -- Installing: /home/luiz/robotica/install/action_tutorials_interfaces/include/action_tutorials_interfaces/action_tutorials_interfaces/action/detail/fibonacci__struct.h
[3.818s] -- Installing: /home/luiz/robotica/install/action_tutorials_interfaces/include/action_tutorials_interfaces/action_tutorials_interfaces/action/detail/fibonacci__type_support.h
[3.818s] -- Installing: /home/luiz/robotica/install/action_tutorials_interfaces/share/action_tutorials_interfaces/environment/library_path.sh
[3.818s] -- Installing: /home/luiz/robotica/install/action_tutorials_interfaces/share/action_tutorials_interfaces/environment/library_path.dsv
[3.819s] -- Installing: /home/luiz/robotica/install/action_tutorials_interfaces/lib/libaction_tutorials_interfaces__rosidl_generator_c.so
[3.819s] -- Set runtime path of "/home/luiz/robotica/install/action_tutorials_interfaces/lib/libaction_tutorials_interfaces__rosidl_generator_c.so" to ""
[3.819s] -- Up-to-date: /home/luiz/robotica/install/action_tutorials_interfaces/include/action_tutorials_interfaces/action_tutorials_interfaces
[3.821s] -- Up-to-date: /home/luiz/robotica/install/action_tutorials_interfaces/include/action_tutorials_interfaces/action_tutorials_interfaces/msg
[3.821s] -- Installing: /home/luiz/robotica/install/action_tutorials_interfaces/include/action_tutorials_interfaces/action_tutorials_interfaces/msg/rosidl_typesupport_fastrtps_c__visibility_control.h
[3.821s] -- Up-to-date: /home/luiz/robotica/install/action_tutorials_interfaces/include/action_tutorials_interfaces/action_tutorials_interfaces/action
[3.821s] -- Up-to-date: /home/luiz/robotica/install/action_tutorials_interfaces/include/action_tutorials_interfaces/action_tutorials_interfaces/action/detail
[3.821s] -- Installing: /home/luiz/robotica/install/action_tutorials_interfaces/include/action_tutorials_interfaces/action_tutorials_interfaces/action/detail/fibonacci__rosidl_typesupport_fastrtps_c.h
[3.821s] -- Installing: /home/luiz/robotica/install/action_tutorials_interfaces/lib/libaction_tutorials_interfaces__rosidl_typesupport_fastrtps_c.so
[3.821s] -- Set runtime path of "/home/luiz/robotica/install/action_tutorials_interfaces/lib/libaction_tutorials_interfaces__rosidl_typesupport_fastrtps_c.so" to ""
[3.821s] -- Up-to-date: /home/luiz/robotica/install/action_tutorials_interfaces/include/action_tutorials_interfaces/action_tutorials_interfaces
[3.821s] -- Up-to-date: /home/luiz/robotica/install/action_tutorials_interfaces/include/action_tutorials_interfaces/action_tutorials_interfaces/msg
[3.821s] -- Installing: /home/luiz/robotica/install/action_tutorials_interfaces/include/action_tutorials_interfaces/action_tutorials_interfaces/msg/rosidl_typesupport_introspection_c__visibility_control.h
[3.821s] -- Up-to-date: /home/luiz/robotica/install/action_tutorials_interfaces/include/action_tutorials_interfaces/action_tutorials_interfaces/action
[3.821s] -- Up-to-date: /home/luiz/robotica/install/action_tutorials_interfaces/include/action_tutorials_interfaces/action_tutorials_interfaces/action/detail
[3.821s] -- Installing: /home/luiz/robotica/install/action_tutorials_interfaces/include/action_tutorials_interfaces/action_tutorials_interfaces/action/detail/fibonacci__rosidl_typesupport_introspection_c.h
[3.821s] -- Installing: /home/luiz/robotica/install/action_tutorials_interfaces/include/action_tutorials_interfaces/action_tutorials_interfaces/action/detail/fibonacci__type_support.c
[3.821s] -- Installing: /home/luiz/robotica/install/action_tutorials_interfaces/lib/libaction_tutorials_interfaces__rosidl_typesupport_introspection_c.so
[3.821s] -- Set runtime path of "/home/luiz/robotica/install/action_tutorials_interfaces/lib/libaction_tutorials_interfaces__rosidl_typesupport_introspection_c.so" to ""
[3.821s] -- Installing: /home/luiz/robotica/install/action_tutorials_interfaces/lib/libaction_tutorials_interfaces__rosidl_typesupport_c.so
[3.821s] -- Set runtime path of "/home/luiz/robotica/install/action_tutorials_interfaces/lib/libaction_tutorials_interfaces__rosidl_typesupport_c.so" to ""
[3.821s] -- Up-to-date: /home/luiz/robotica/install/action_tutorials_interfaces/include/action_tutorials_interfaces/action_tutorials_interfaces
[3.821s] -- Up-to-date: /home/luiz/robotica/install/action_tutorials_interfaces/include/action_tutorials_interfaces/action_tutorials_interfaces/msg
[3.821s] -- Installing: /home/luiz/robotica/install/action_tutorials_interfaces/include/action_tutorials_interfaces/action_tutorials_interfaces/msg/rosidl_generator_cpp__visibility_control.hpp
[3.821s] -- Up-to-date: /home/luiz/robotica/install/action_tutorials_interfaces/include/action_tutorials_interfaces/action_tutorials_interfaces/action
[3.822s] -- Up-to-date: /home/luiz/robotica/install/action_tutorials_interfaces/include/action_tutorials_interfaces/action_tutorials_interfaces/action/detail
[3.822s] -- Installing: /home/luiz/robotica/install/action_tutorials_interfaces/include/action_tutorials_interfaces/action_tutorials_interfaces/action/detail/fibonacci__builder.hpp
[3.822s] -- Installing: /home/luiz/robotica/install/action_tutorials_interfaces/include/action_tutorials_interfaces/action_tutorials_interfaces/action/detail/fibonacci__struct.hpp
[3.822s] -- Installing: /home/luiz/robotica/install/action_tutorials_interfaces/include/action_tutorials_interfaces/action_tutorials_interfaces/action/detail/fibonacci__traits.hpp
[3.822s] -- Installing: /home/luiz/robotica/install/action_tutorials_interfaces/include/action_tutorials_interfaces/action_tutorials_interfaces/action/detail/fibonacci__type_support.hpp
[3.822s] -- Installing: /home/luiz/robotica/install/action_tutorials_interfaces/include/action_tutorials_interfaces/action_tutorials_interfaces/action/fibonacci.hpp
[3.822s] -- Up-to-date: /home/luiz/robotica/install/action_tutorials_interfaces/include/action_tutorials_interfaces/action_tutorials_interfaces
[3.822s] -- Up-to-date: /home/luiz/robotica/install/action_tutorials_interfaces/include/action_tutorials_interfaces/action_tutorials_interfaces/msg
[3.822s] -- Installing: /home/luiz/robotica/install/action_tutorials_interfaces/include/action_tutorials_interfaces/action_tutorials_interfaces/msg/rosidl_typesupport_fastrtps_cpp__visibility_control.h
[3.822s] -- Up-to-date: /home/luiz/robotica/install/action_tutorials_interfaces/include/action_tutorials_interfaces/action_tutorials_interfaces/action
[3.822s] -- Up-to-date: /home/luiz/robotica/install/action_tutorials_interfaces/include/action_tutorials_interfaces/action_tutorials_interfaces/action/detail
[3.822s] -- Installing: /home/luiz/robotica/install/action_tutorials_interfaces/include/action_tutorials_interfaces/action_tutorials_interfaces/action/detail/fibonacci__rosidl_typesupport_fastrtps_cpp.hpp
[3.822s] -- Installing: /home/luiz/robotica/install/action_tutorials_interfaces/include/action_tutorials_interfaces/action_tutorials_interfaces/action/detail/dds_fastrtps
[3.822s] -- Installing: /home/luiz/robotica/install/action_tutorials_interfaces/lib/libaction_tutorials_interfaces__rosidl_typesupport_fastrtps_cpp.so
[3.822s] -- Set runtime path of "/home/luiz/robotica/install/action_tutorials_interfaces/lib/libaction_tutorials_interfaces__rosidl_typesupport_fastrtps_cpp.so" to ""
[3.822s] -- Up-to-date: /home/luiz/robotica/install/action_tutorials_interfaces/include/action_tutorials_interfaces/action_tutorials_interfaces
[3.822s] -- Up-to-date: /home/luiz/robotica/install/action_tutorials_interfaces/include/action_tutorials_interfaces/action_tutorials_interfaces/action
[3.822s] -- Up-to-date: /home/luiz/robotica/install/action_tutorials_interfaces/include/action_tutorials_interfaces/action_tutorials_interfaces/action/detail
[3.822s] -- Installing: /home/luiz/robotica/install/action_tutorials_interfaces/include/action_tutorials_interfaces/action_tutorials_interfaces/action/detail/fibonacci__rosidl_typesupport_introspection_cpp.hpp
[3.822s] -- Installing: /home/luiz/robotica/install/action_tutorials_interfaces/include/action_tutorials_interfaces/action_tutorials_interfaces/action/detail/fibonacci__type_support.cpp
[3.822s] -- Installing: /home/luiz/robotica/install/action_tutorials_interfaces/lib/libaction_tutorials_interfaces__rosidl_typesupport_introspection_cpp.so
[3.822s] -- Set runtime path of "/home/luiz/robotica/install/action_tutorials_interfaces/lib/libaction_tutorials_interfaces__rosidl_typesupport_introspection_cpp.so" to ""
[3.822s] -- Installing: /home/luiz/robotica/install/action_tutorials_interfaces/lib/libaction_tutorials_interfaces__rosidl_typesupport_cpp.so
[3.823s] -- Set runtime path of "/home/luiz/robotica/install/action_tutorials_interfaces/lib/libaction_tutorials_interfaces__rosidl_typesupport_cpp.so" to ""
[3.823s] -- Installing: /home/luiz/robotica/install/action_tutorials_interfaces/share/action_tutorials_interfaces/environment/pythonpath.sh
[3.823s] -- Installing: /home/luiz/robotica/install/action_tutorials_interfaces/share/action_tutorials_interfaces/environment/pythonpath.dsv
[3.823s] -- Installing: /home/luiz/robotica/install/action_tutorials_interfaces/local/lib/python3.10/dist-packages/action_tutorials_interfaces-0.0.0-py3.10.egg-info
[3.823s] -- Installing: /home/luiz/robotica/install/action_tutorials_interfaces/local/lib/python3.10/dist-packages/action_tutorials_interfaces-0.0.0-py3.10.egg-info/PKG-INFO
[3.823s] -- Installing: /home/luiz/robotica/install/action_tutorials_interfaces/local/lib/python3.10/dist-packages/action_tutorials_interfaces-0.0.0-py3.10.egg-info/SOURCES.txt
[3.823s] -- Installing: /home/luiz/robotica/install/action_tutorials_interfaces/local/lib/python3.10/dist-packages/action_tutorials_interfaces-0.0.0-py3.10.egg-info/dependency_links.txt
[3.823s] -- Installing: /home/luiz/robotica/install/action_tutorials_interfaces/local/lib/python3.10/dist-packages/action_tutorials_interfaces-0.0.0-py3.10.egg-info/top_level.txt
[3.823s] -- Installing: /home/luiz/robotica/install/action_tutorials_interfaces/local/lib/python3.10/dist-packages/action_tutorials_interfaces
[3.823s] -- Installing: /home/luiz/robotica/install/action_tutorials_interfaces/local/lib/python3.10/dist-packages/action_tutorials_interfaces/_action_tutorials_interfaces_s.ep.rosidl_typesupport_c.c
[3.823s] -- Installing: /home/luiz/robotica/install/action_tutorials_interfaces/local/lib/python3.10/dist-packages/action_tutorials_interfaces/__init__.py
[3.823s] -- Installing: /home/luiz/robotica/install/action_tutorials_interfaces/local/lib/python3.10/dist-packages/action_tutorials_interfaces/action_tutorials_interfaces_s__rosidl_typesupport_c.cpython-310-x86_64-linux-gnu.so
[3.823s] -- Installing: /home/luiz/robotica/install/action_tutorials_interfaces/local/lib/python3.10/dist-packages/action_tutorials_interfaces/_action_tutorials_interfaces_s.ep.rosidl_typesupport_introspection_c.c
[3.823s] -- Installing: /home/luiz/robotica/install/action_tutorials_interfaces/local/lib/python3.10/dist-packages/action_tutorials_interfaces/action_tutorials_interfaces_s__rosidl_typesupport_fastrtps_c.cpython-310-x86_64-linux-gnu.so
[3.823s] -- Installing: /home/luiz/robotica/install/action_tutorials_interfaces/local/lib/python3.10/dist-packages/action_tutorials_interfaces/libaction_tutorials_interfaces__rosidl_generator_py.so
[3.823s] -- Installing: /home/luiz/robotica/install/action_tutorials_interfaces/local/lib/python3.10/dist-packages/action_tutorials_interfaces/action_tutorials_interfaces_s__rosidl_typesupport_introspection_c.cpython-310-x86_64-linux-gnu.so
[3.823s] -- Installing: /home/luiz/robotica/install/action_tutorials_interfaces/local/lib/python3.10/dist-packages/action_tutorials_interfaces/_action_tutorials_interfaces_s.ep.rosidl_typesupport_fastrtps_c.c
[3.823s] -- Installing: /home/luiz/robotica/install/action_tutorials_interfaces/local/lib/python3.10/dist-packages/action_tutorials_interfaces/action
[3.823s] -- Installing: /home/luiz/robotica/install/action_tutorials_interfaces/local/lib/python3.10/dist-packages/action_tutorials_interfaces/action/_fibonacci_s.c
[3.823s] -- Installing: /home/luiz/robotica/install/action_tutorials_interfaces/local/lib/python3.10/dist-packages/action_tutorials_interfaces/action/_fibonacci.py
[3.823s] -- Installing: /home/luiz/robotica/install/action_tutorials_interfaces/local/lib/python3.10/dist-packages/action_tutorials_interfaces/action/__init__.py
[3.858s] Listing '/home/luiz/robotica/install/action_tutorials_interfaces/local/lib/python3.10/dist-packages/action_tutorials_interfaces'...
[3.858s] Compiling '/home/luiz/robotica/install/action_tutorials_interfaces/local/lib/python3.10/dist-packages/action_tutorials_interfaces/__init__.py'...
[3.858s] Listing '/home/luiz/robotica/install/action_tutorials_interfaces/local/lib/python3.10/dist-packages/action_tutorials_interfaces/action'...
[3.858s] Compiling '/home/luiz/robotica/install/action_tutorials_interfaces/local/lib/python3.10/dist-packages/action_tutorials_interfaces/action/__init__.py'...
[3.858s] Compiling '/home/luiz/robotica/install/action_tutorials_interfaces/local/lib/python3.10/dist-packages/action_tutorials_interfaces/action/_fibonacci.py'...
[3.861s] -- Installing: /home/luiz/robotica/install/action_tutorials_interfaces/local/lib/python3.10/dist-packages/action_tutorials_interfaces/action_tutorials_interfaces_s__rosidl_typesupport_fastrtps_c.cpython-310-x86_64-linux-gnu.so
[3.862s] -- Set runtime path of "/home/luiz/robotica/install/action_tutorials_interfaces/local/lib/python3.10/dist-packages/action_tutorials_interfaces/action_tutorials_interfaces_s__rosidl_typesupport_fastrtps_c.cpython-310-x86_64-linux-gnu.so" to ""
[3.862s] -- Installing: /home/luiz/robotica/install/action_tutorials_interfaces/local/lib/python3.10/dist-packages/action_tutorials_interfaces/action_tutorials_interfaces_s__rosidl_typesupport_introspection_c.cpython-310-x86_64-linux-gnu.so
[3.862s] -- Set runtime path of "/home/luiz/robotica/install/action_tutorials_interfaces/local/lib/python3.10/dist-packages/action_tutorials_interfaces/action_tutorials_interfaces_s__rosidl_typesupport_introspection_c.cpython-310-x86_64-linux-gnu.so" to ""
[3.862s] -- Installing: /home/luiz/robotica/install/action_tutorials_interfaces/local/lib/python3.10/dist-packages/action_tutorials_interfaces/action_tutorials_interfaces_s__rosidl_typesupport_c.cpython-310-x86_64-linux-gnu.so
[3.863s] -- Set runtime path of "/home/luiz/robotica/install/action_tutorials_interfaces/local/lib/python3.10/dist-packages/action_tutorials_interfaces/action_tutorials_interfaces_s__rosidl_typesupport_c.cpython-310-x86_64-linux-gnu.so" to ""
[3.863s] -- Installing: /home/luiz/robotica/install/action_tutorials_interfaces/lib/libaction_tutorials_interfaces__rosidl_generator_py.so
[3.863s] -- Set runtime path of "/home/luiz/robotica/install/action_tutorials_interfaces/lib/libaction_tutorials_interfaces__rosidl_generator_py.so" to ""
[3.863s] -- Installing: /home/luiz/robotica/install/action_tutorials_interfaces/share/action_tutorials_interfaces/action/Fibonacci.idl
[3.863s] -- Installing: /home/luiz/robotica/install/action_tutorials_interfaces/share/action_tutorials_interfaces/action/Fibonacci.action
[3.864s] -- Installing: /home/luiz/robotica/install/action_tutorials_interfaces/share/ament_index/resource_index/package_run_dependencies/action_tutorials_interfaces
[3.864s] -- Installing: /home/luiz/robotica/install/action_tutorials_interfaces/share/ament_index/resource_index/parent_prefix_path/action_tutorials_interfaces
[3.864s] -- Installing: /home/luiz/robotica/install/action_tutorials_interfaces/share/action_tutorials_interfaces/environment/ament_prefix_path.sh
[3.864s] -- Installing: /home/luiz/robotica/install/action_tutorials_interfaces/share/action_tutorials_interfaces/environment/ament_prefix_path.dsv
[3.864s] -- Installing: /home/luiz/robotica/install/action_tutorials_interfaces/share/action_tutorials_interfaces/environment/path.sh
[3.865s] -- Installing: /home/luiz/robotica/install/action_tutorials_interfaces/share/action_tutorials_interfaces/environment/path.dsv
[3.865s] -- Installing: /home/luiz/robotica/install/action_tutorials_interfaces/share/action_tutorials_interfaces/local_setup.bash
[3.865s] -- Installing: /home/luiz/robotica/install/action_tutorials_interfaces/share/action_tutorials_interfaces/local_setup.sh
[3.865s] -- Installing: /home/luiz/robotica/install/action_tutorials_interfaces/share/action_tutorials_interfaces/local_setup.zsh
[3.865s] -- Installing: /home/luiz/robotica/install/action_tutorials_interfaces/share/action_tutorials_interfaces/local_setup.dsv
[3.865s] -- Installing: /home/luiz/robotica/install/action_tutorials_interfaces/share/action_tutorials_interfaces/package.dsv
[3.866s] -- Installing: /home/luiz/robotica/install/action_tutorials_interfaces/share/ament_index/resource_index/packages/action_tutorials_interfaces
[3.866s] -- Installing: /home/luiz/robotica/install/action_tutorials_interfaces/share/action_tutorials_interfaces/cmake/export_action_tutorials_interfaces__rosidl_generator_cExport.cmake
[3.866s] -- Installing: /home/luiz/robotica/install/action_tutorials_interfaces/share/action_tutorials_interfaces/cmake/export_action_tutorials_interfaces__rosidl_generator_cExport-noconfig.cmake
[3.866s] -- Installing: /home/luiz/robotica/install/action_tutorials_interfaces/share/action_tutorials_interfaces/cmake/export_action_tutorials_interfaces__rosidl_typesupport_fastrtps_cExport.cmake
[3.866s] -- Installing: /home/luiz/robotica/install/action_tutorials_interfaces/share/action_tutorials_interfaces/cmake/export_action_tutorials_interfaces__rosidl_typesupport_fastrtps_cExport-noconfig.cmake
[3.867s] -- Installing: /home/luiz/robotica/install/action_tutorials_interfaces/share/action_tutorials_interfaces/cmake/action_tutorials_interfaces__rosidl_typesupport_introspection_cExport.cmake
[3.867s] -- Installing: /home/luiz/robotica/install/action_tutorials_interfaces/share/action_tutorials_interfaces/cmake/action_tutorials_interfaces__rosidl_typesupport_introspection_cExport-noconfig.cmake
[3.867s] -- Installing: /home/luiz/robotica/install/action_tutorials_interfaces/share/action_tutorials_interfaces/cmake/action_tutorials_interfaces__rosidl_typesupport_cExport.cmake
[3.867s] -- Installing: /home/luiz/robotica/install/action_tutorials_interfaces/share/action_tutorials_interfaces/cmake/action_tutorials_interfaces__rosidl_typesupport_cExport-noconfig.cmake
[3.867s] -- Installing: /home/luiz/robotica/install/action_tutorials_interfaces/share/action_tutorials_interfaces/cmake/export_action_tutorials_interfaces__rosidl_generator_cppExport.cmake
[3.867s] -- Installing: /home/luiz/robotica/install/action_tutorials_interfaces/share/action_tutorials_interfaces/cmake/export_action_tutorials_interfaces__rosidl_typesupport_fastrtps_cppExport.cmake
[3.868s] -- Installing: /home/luiz/robotica/install/action_tutorials_interfaces/share/action_tutorials_interfaces/cmake/export_action_tutorials_interfaces__rosidl_typesupport_fastrtps_cppExport-noconfig.cmake
[3.868s] -- Installing: /home/luiz/robotica/install/action_tutorials_interfaces/share/action_tutorials_interfaces/cmake/action_tutorials_interfaces__rosidl_typesupport_introspection_cppExport.cmake
[3.868s] -- Installing: /home/luiz/robotica/install/action_tutorials_interfaces/share/action_tutorials_interfaces/cmake/action_tutorials_interfaces__rosidl_typesupport_introspection_cppExport-noconfig.cmake
[3.868s] -- Installing: /home/luiz/robotica/install/action_tutorials_interfaces/share/action_tutorials_interfaces/cmake/action_tutorials_interfaces__rosidl_typesupport_cppExport.cmake
[3.868s] -- Installing: /home/luiz/robotica/install/action_tutorials_interfaces/share/action_tutorials_interfaces/cmake/action_tutorials_interfaces__rosidl_typesupport_cppExport-noconfig.cmake
[3.869s] -- Installing: /home/luiz/robotica/install/action_tutorials_interfaces/share/action_tutorials_interfaces/cmake/export_action_tutorials_interfaces__rosidl_generator_pyExport.cmake
[3.869s] -- Installing: /home/luiz/robotica/install/action_tutorials_interfaces/share/action_tutorials_interfaces/cmake/export_action_tutorials_interfaces__rosidl_generator_pyExport-noconfig.cmake
[3.869s] -- Installing: /home/luiz/robotica/install/action_tutorials_interfaces/share/action_tutorials_interfaces/cmake/rosidl_cmake-extras.cmake
[3.869s] -- Installing: /home/luiz/robotica/install/action_tutorials_interfaces/share/action_tutorials_interfaces/cmake/ament_cmake_export_dependencies-extras.cmake
[3.869s] -- Installing: /home/luiz/robotica/install/action_tutorials_interfaces/share/action_tutorials_interfaces/cmake/ament_cmake_export_include_directories-extras.cmake
[3.869s] -- Installing: /home/luiz/robotica/install/action_tutorials_interfaces/share/action_tutorials_interfaces/cmake/ament_cmake_export_libraries-extras.cmake
[3.870s] -- Installing: /home/luiz/robotica/install/action_tutorials_interfaces/share/action_tutorials_interfaces/cmake/ament_cmake_export_targets-extras.cmake
[3.870s] -- Installing: /home/luiz/robotica/install/action_tutorials_interfaces/share/action_tutorials_interfaces/cmake/rosidl_cmake_export_typesupport_targets-extras.cmake
[3.870s] -- Installing: /home/luiz/robotica/install/action_tutorials_interfaces/share/action_tutorials_interfaces/cmake/rosidl_cmake_export_typesupport_libraries-extras.cmake
[3.870s] -- Installing: /home/luiz/robotica/install/action_tutorials_interfaces/share/action_tutorials_interfaces/cmake/action_tutorials_interfacesConfig.cmake
[3.870s] -- Installing: /home/luiz/robotica/install/action_tutorials_interfaces/share/action_tutorials_interfaces/cmake/action_tutorials_interfacesConfig-version.cmake
[3.870s] -- Installing: /home/luiz/robotica/install/action_tutorials_interfaces/share/action_tutorials_interfaces/package.xml
[3.873s] Invoked command in '/home/luiz/robotica/build/action_tutorials_interfaces' returned '0': CMAKE_PREFIX_PATH=${CMAKE_PREFIX_PATH}:/opt/ros/humble /usr/bin/cmake --install /home/luiz/robotica/build/action_tutorials_interfaces
