[0.025s] Invoking command in '/home/luiz/robotica/build/polygon_base': CMAKE_PREFIX_PATH=${CMAKE_PREFIX_PATH}:/opt/ros/humble /usr/bin/cmake --build /home/luiz/robotica/build/polygon_base -- -j12 -l12
[0.086s] [35m[1mConsolidate compiler generated dependencies of target area_node[0m
[0.134s] [100%] Built target area_node
[0.143s] Invoked command in '/home/luiz/robotica/build/polygon_base' returned '0': CMAKE_PREFIX_PATH=${CMAKE_PREFIX_PATH}:/opt/ros/humble /usr/bin/cmake --build /home/luiz/robotica/build/polygon_base -- -j12 -l12
[0.152s] Invoking command in '/home/luiz/robotica/build/polygon_base': CMAKE_PREFIX_PATH=${CMAKE_PREFIX_PATH}:/opt/ros/humble /usr/bin/cmake --install /home/luiz/robotica/build/polygon_base
[0.157s] -- Install configuration: ""
[0.157s] -- Up-to-date: /home/luiz/robotica/install/polygon_base/include
[0.157s] -- Up-to-date: /home/luiz/robotica/install/polygon_base/include/polygon_base
[0.157s] -- Up-to-date: /home/luiz/robotica/install/polygon_base/include/polygon_base/regular_polygon.hpp
[0.158s] -- Up-to-date: /home/luiz/robotica/install/polygon_base/lib/polygon_base/area_node
[0.158s] -- Up-to-date: /home/luiz/robotica/install/polygon_base/share/ament_index/resource_index/package_run_dependencies/polygon_base
[0.158s] -- Up-to-date: /home/luiz/robotica/install/polygon_base/share/ament_index/resource_index/parent_prefix_path/polygon_base
[0.158s] -- Up-to-date: /home/luiz/robotica/install/polygon_base/share/polygon_base/environment/ament_prefix_path.sh
[0.158s] -- Up-to-date: /home/luiz/robotica/install/polygon_base/share/polygon_base/environment/ament_prefix_path.dsv
[0.159s] -- Up-to-date: /home/luiz/robotica/install/polygon_base/share/polygon_base/environment/path.sh
[0.159s] -- Up-to-date: /home/luiz/robotica/install/polygon_base/share/polygon_base/environment/path.dsv
[0.159s] -- Up-to-date: /home/luiz/robotica/install/polygon_base/share/polygon_base/local_setup.bash
[0.159s] -- Up-to-date: /home/luiz/robotica/install/polygon_base/share/polygon_base/local_setup.sh
[0.159s] -- Up-to-date: /home/luiz/robotica/install/polygon_base/share/polygon_base/local_setup.zsh
[0.159s] -- Up-to-date: /home/luiz/robotica/install/polygon_base/share/polygon_base/local_setup.dsv
[0.159s] -- Installing: /home/luiz/robotica/install/polygon_base/share/polygon_base/package.dsv
[0.159s] -- Up-to-date: /home/luiz/robotica/install/polygon_base/share/ament_index/resource_index/packages/polygon_base
[0.159s] -- Up-to-date: /home/luiz/robotica/install/polygon_base/share/polygon_base/cmake/ament_cmake_export_include_directories-extras.cmake
[0.160s] -- Up-to-date: /home/luiz/robotica/install/polygon_base/share/polygon_base/cmake/polygon_baseConfig.cmake
[0.160s] -- Up-to-date: /home/luiz/robotica/install/polygon_base/share/polygon_base/cmake/polygon_baseConfig-version.cmake
[0.160s] -- Up-to-date: /home/luiz/robotica/install/polygon_base/share/polygon_base/package.xml
[0.161s] Invoked command in '/home/luiz/robotica/build/polygon_base' returned '0': CMAKE_PREFIX_PATH=${CMAKE_PREFIX_PATH}:/opt/ros/humble /usr/bin/cmake --install /home/luiz/robotica/build/polygon_base
