[0.013s] Invoking command in '/home/luiz/robotica/build/polygon_base': CMAKE_PREFIX_PATH=/opt/ros/humble /usr/bin/cmake /home/luiz/robotica/src/polygon_base -DCMAKE_INSTALL_PREFIX=/home/luiz/robotica/install/polygon_base
[0.150s] -- The C compiler identification is GNU 11.4.0
[0.253s] -- The CXX compiler identification is GNU 11.4.0
[0.263s] -- Detecting C compiler ABI info
[0.325s] -- Detecting C compiler ABI info - done
[0.329s] -- Check for working C compiler: /usr/bin/cc - skipped
[0.330s] -- Detecting C compile features
[0.331s] -- Detecting C compile features - done
[0.334s] -- Detecting CXX compiler ABI info
[0.393s] -- Detecting CXX compiler ABI info - done
[0.398s] -- Check for working CXX compiler: /usr/bin/c++ - skipped
[0.399s] -- Detecting CXX compile features
[0.399s] -- Detecting CXX compile features - done
[0.405s] -- Found ament_cmake: 1.3.12 (/opt/ros/humble/share/ament_cmake/cmake)
[0.517s] -- Found Python3: /usr/bin/python3 (found version "3.10.12") found components: Interpreter 
[0.599s] -- Found pluginlib: 5.1.0 (/opt/ros/humble/share/pluginlib/cmake)
[0.642s] -- Found ament_lint_auto: 0.12.14 (/opt/ros/humble/share/ament_lint_auto/cmake)
[0.696s] -- Added test 'cppcheck' to perform static code analysis on C / C++ code
[0.696s] -- Configured cppcheck include dirs: $<BUILD_INTERFACE:/home/luiz/robotica/src/polygon_base/include>
[0.696s] -- Configured cppcheck exclude dirs and/or files: 
[0.697s] -- Added test 'lint_cmake' to check CMake code style
[0.698s] -- Added test 'uncrustify' to check C / C++ code style
[0.698s] -- Configured uncrustify additional arguments: 
[0.699s] -- Added test 'xmllint' to check XML markup files
[0.701s] -- Configuring done
[0.706s] -- Generating done
[0.708s] -- Build files have been written to: /home/luiz/robotica/build/polygon_base
[0.712s] Invoked command in '/home/luiz/robotica/build/polygon_base' returned '0': CMAKE_PREFIX_PATH=/opt/ros/humble /usr/bin/cmake /home/luiz/robotica/src/polygon_base -DCMAKE_INSTALL_PREFIX=/home/luiz/robotica/install/polygon_base
[0.714s] Invoking command in '/home/luiz/robotica/build/polygon_base': CMAKE_PREFIX_PATH=/opt/ros/humble /usr/bin/cmake --build /home/luiz/robotica/build/polygon_base -- -j12 -l12
[0.744s] [ 50%] [32mBuilding CXX object CMakeFiles/area_node.dir/src/area_node.cpp.o[0m
[2.297s] [100%] [32m[1mLinking CXX executable area_node[0m
[2.378s] [100%] Built target area_node
[2.386s] Invoked command in '/home/luiz/robotica/build/polygon_base' returned '0': CMAKE_PREFIX_PATH=/opt/ros/humble /usr/bin/cmake --build /home/luiz/robotica/build/polygon_base -- -j12 -l12
[2.391s] Invoking command in '/home/luiz/robotica/build/polygon_base': CMAKE_PREFIX_PATH=/opt/ros/humble /usr/bin/cmake --install /home/luiz/robotica/build/polygon_base
[2.395s] -- Install configuration: ""
[2.395s] -- Installing: /home/luiz/robotica/install/polygon_base/include
[2.395s] -- Installing: /home/luiz/robotica/install/polygon_base/include/polygon_base
[2.395s] -- Installing: /home/luiz/robotica/install/polygon_base/include/polygon_base/regular_polygon.hpp
[2.396s] -- Installing: /home/luiz/robotica/install/polygon_base/lib/polygon_base/area_node
[2.396s] -- Set runtime path of "/home/luiz/robotica/install/polygon_base/lib/polygon_base/area_node" to ""
[2.397s] -- Installing: /home/luiz/robotica/install/polygon_base/share/ament_index/resource_index/package_run_dependencies/polygon_base
[2.397s] -- Installing: /home/luiz/robotica/install/polygon_base/share/ament_index/resource_index/parent_prefix_path/polygon_base
[2.397s] -- Installing: /home/luiz/robotica/install/polygon_base/share/polygon_base/environment/ament_prefix_path.sh
[2.397s] -- Installing: /home/luiz/robotica/install/polygon_base/share/polygon_base/environment/ament_prefix_path.dsv
[2.397s] -- Installing: /home/luiz/robotica/install/polygon_base/share/polygon_base/environment/path.sh
[2.397s] -- Installing: /home/luiz/robotica/install/polygon_base/share/polygon_base/environment/path.dsv
[2.397s] -- Installing: /home/luiz/robotica/install/polygon_base/share/polygon_base/local_setup.bash
[2.397s] -- Installing: /home/luiz/robotica/install/polygon_base/share/polygon_base/local_setup.sh
[2.398s] -- Installing: /home/luiz/robotica/install/polygon_base/share/polygon_base/local_setup.zsh
[2.398s] -- Installing: /home/luiz/robotica/install/polygon_base/share/polygon_base/local_setup.dsv
[2.398s] -- Installing: /home/luiz/robotica/install/polygon_base/share/polygon_base/package.dsv
[2.398s] -- Installing: /home/luiz/robotica/install/polygon_base/share/ament_index/resource_index/packages/polygon_base
[2.398s] -- Installing: /home/luiz/robotica/install/polygon_base/share/polygon_base/cmake/ament_cmake_export_include_directories-extras.cmake
[2.398s] -- Installing: /home/luiz/robotica/install/polygon_base/share/polygon_base/cmake/polygon_baseConfig.cmake
[2.398s] -- Installing: /home/luiz/robotica/install/polygon_base/share/polygon_base/cmake/polygon_baseConfig-version.cmake
[2.398s] -- Installing: /home/luiz/robotica/install/polygon_base/share/polygon_base/package.xml
[2.399s] Invoked command in '/home/luiz/robotica/build/polygon_base' returned '0': CMAKE_PREFIX_PATH=/opt/ros/humble /usr/bin/cmake --install /home/luiz/robotica/build/polygon_base
