[0.005s] Invoking command in '/home/luiz/robotica/build/polygon_plugins': AMENT_PREFIX_PATH=/home/luiz/robotica/install/polygon_base:${AMENT_PREFIX_PATH} CMAKE_PREFIX_PATH=/home/luiz/robotica/install/polygon_base:/opt/ros/humble /usr/bin/cmake /home/luiz/robotica/src/polygon_plugins -DCMAKE_INSTALL_PREFIX=/home/luiz/robotica/install/polygon_plugins
[0.040s] -- The C compiler identification is GNU 11.4.0
[0.072s] -- The CXX compiler identification is GNU 11.4.0
[0.077s] -- Detecting C compiler ABI info
[0.121s] -- Detecting C compiler ABI info - done
[0.126s] -- Check for working C compiler: /usr/bin/cc - skipped
[0.126s] -- Detecting C compile features
[0.126s] -- Detecting C compile features - done
[0.128s] -- Detecting CXX compiler ABI info
[0.176s] -- Detecting CXX compiler ABI info - done
[0.180s] -- Check for working CXX compiler: /usr/bin/c++ - skipped
[0.180s] -- Detecting CXX compile features
[0.180s] -- Detecting CXX compile features - done
[0.182s] -- Found ament_cmake: 1.3.12 (/opt/ros/humble/share/ament_cmake/cmake)
[0.272s] -- Found Python3: /usr/bin/python3 (found version "3.10.12") found components: Interpreter 
[0.323s] -- Found ament_cmake_ros: 0.10.0 (/opt/ros/humble/share/ament_cmake_ros/cmake)
[0.333s] -- Found polygon_base: 0.0.0 (/home/luiz/robotica/install/polygon_base/share/polygon_base/cmake)
[0.334s] -- Found pluginlib: 5.1.0 (/opt/ros/humble/share/pluginlib/cmake)
[0.357s] -- Found ament_lint_auto: 0.12.14 (/opt/ros/humble/share/ament_lint_auto/cmake)
[0.401s] -- Added test 'cppcheck' to perform static code analysis on C / C++ code
[0.401s] -- Configured cppcheck include dirs: $<BUILD_INTERFACE:/home/luiz/robotica/src/polygon_plugins/include>
[0.401s] -- Configured cppcheck exclude dirs and/or files: 
[0.401s] -- Added test 'lint_cmake' to check CMake code style
[0.402s] -- Added test 'uncrustify' to check C / C++ code style
[0.402s] -- Configured uncrustify additional arguments: 
[0.402s] -- Added test 'xmllint' to check XML markup files
[0.405s] -- Configuring done
[0.408s] -- Generating done
[0.409s] -- Build files have been written to: /home/luiz/robotica/build/polygon_plugins
[0.413s] Invoked command in '/home/luiz/robotica/build/polygon_plugins' returned '0': AMENT_PREFIX_PATH=/home/luiz/robotica/install/polygon_base:${AMENT_PREFIX_PATH} CMAKE_PREFIX_PATH=/home/luiz/robotica/install/polygon_base:/opt/ros/humble /usr/bin/cmake /home/luiz/robotica/src/polygon_plugins -DCMAKE_INSTALL_PREFIX=/home/luiz/robotica/install/polygon_plugins
[0.414s] Invoking command in '/home/luiz/robotica/build/polygon_plugins': AMENT_PREFIX_PATH=/home/luiz/robotica/install/polygon_base:${AMENT_PREFIX_PATH} CMAKE_PREFIX_PATH=/home/luiz/robotica/install/polygon_base:/opt/ros/humble /usr/bin/cmake --build /home/luiz/robotica/build/polygon_plugins -- -j12 -l12
[0.444s] [ 50%] [32mBuilding CXX object CMakeFiles/polygon_plugins.dir/src/polygon_plugins.cpp.o[0m
[0.762s] [100%] [32m[1mLinking CXX shared library libpolygon_plugins.so[0m
[0.813s] [100%] Built target polygon_plugins
[0.822s] Invoked command in '/home/luiz/robotica/build/polygon_plugins' returned '0': AMENT_PREFIX_PATH=/home/luiz/robotica/install/polygon_base:${AMENT_PREFIX_PATH} CMAKE_PREFIX_PATH=/home/luiz/robotica/install/polygon_base:/opt/ros/humble /usr/bin/cmake --build /home/luiz/robotica/build/polygon_plugins -- -j12 -l12
[0.823s] Invoking command in '/home/luiz/robotica/build/polygon_plugins': AMENT_PREFIX_PATH=/home/luiz/robotica/install/polygon_base:${AMENT_PREFIX_PATH} CMAKE_PREFIX_PATH=/home/luiz/robotica/install/polygon_base:/opt/ros/humble /usr/bin/cmake --install /home/luiz/robotica/build/polygon_plugins
[0.828s] -- Install configuration: ""
[0.828s] -- Installing: /home/luiz/robotica/install/polygon_plugins/include
[0.828s] -- Installing: /home/luiz/robotica/install/polygon_plugins/include/polygon_plugins
[0.828s] -- Installing: /home/luiz/robotica/install/polygon_plugins/include/polygon_plugins/visibility_control.h
[0.828s] -- Installing: /home/luiz/robotica/install/polygon_plugins/include/polygon_plugins/polygon_plugins.hpp
[0.828s] -- Installing: /home/luiz/robotica/install/polygon_plugins/lib/libpolygon_plugins.so
[0.829s] -- Set runtime path of "/home/luiz/robotica/install/polygon_plugins/lib/libpolygon_plugins.so" to ""
[0.829s] -- Installing: /home/luiz/robotica/install/polygon_plugins/share/polygon_plugins/plugins.xml
[0.829s] -- Installing: /home/luiz/robotica/install/polygon_plugins/share/polygon_plugins/environment/library_path.sh
[0.829s] -- Installing: /home/luiz/robotica/install/polygon_plugins/share/polygon_plugins/environment/library_path.dsv
[0.830s] -- Installing: /home/luiz/robotica/install/polygon_plugins/share/ament_index/resource_index/package_run_dependencies/polygon_plugins
[0.830s] -- Installing: /home/luiz/robotica/install/polygon_plugins/share/ament_index/resource_index/parent_prefix_path/polygon_plugins
[0.830s] -- Installing: /home/luiz/robotica/install/polygon_plugins/share/polygon_plugins/environment/ament_prefix_path.sh
[0.830s] -- Installing: /home/luiz/robotica/install/polygon_plugins/share/polygon_plugins/environment/ament_prefix_path.dsv
[0.830s] -- Installing: /home/luiz/robotica/install/polygon_plugins/share/polygon_plugins/environment/path.sh
[0.830s] -- Installing: /home/luiz/robotica/install/polygon_plugins/share/polygon_plugins/environment/path.dsv
[0.830s] -- Installing: /home/luiz/robotica/install/polygon_plugins/share/polygon_plugins/local_setup.bash
[0.831s] -- Installing: /home/luiz/robotica/install/polygon_plugins/share/polygon_plugins/local_setup.sh
[0.831s] -- Installing: /home/luiz/robotica/install/polygon_plugins/share/polygon_plugins/local_setup.zsh
[0.831s] -- Installing: /home/luiz/robotica/install/polygon_plugins/share/polygon_plugins/local_setup.dsv
[0.831s] -- Installing: /home/luiz/robotica/install/polygon_plugins/share/polygon_plugins/package.dsv
[0.831s] -- Installing: /home/luiz/robotica/install/polygon_plugins/share/ament_index/resource_index/packages/polygon_plugins
[0.831s] -- Installing: /home/luiz/robotica/install/polygon_plugins/share/ament_index/resource_index/polygon_base__pluginlib__plugin/polygon_plugins
[0.831s] -- Installing: /home/luiz/robotica/install/polygon_plugins/share/polygon_plugins/cmake/export_polygon_pluginsExport.cmake
[0.832s] -- Installing: /home/luiz/robotica/install/polygon_plugins/share/polygon_plugins/cmake/export_polygon_pluginsExport-noconfig.cmake
[0.832s] -- Installing: /home/luiz/robotica/install/polygon_plugins/share/polygon_plugins/cmake/ament_cmake_export_include_directories-extras.cmake
[0.832s] -- Installing: /home/luiz/robotica/install/polygon_plugins/share/polygon_plugins/cmake/ament_cmake_export_libraries-extras.cmake
[0.832s] -- Installing: /home/luiz/robotica/install/polygon_plugins/share/polygon_plugins/cmake/ament_cmake_export_targets-extras.cmake
[0.832s] -- Installing: /home/luiz/robotica/install/polygon_plugins/share/polygon_plugins/cmake/polygon_pluginsConfig.cmake
[0.832s] -- Installing: /home/luiz/robotica/install/polygon_plugins/share/polygon_plugins/cmake/polygon_pluginsConfig-version.cmake
[0.832s] -- Installing: /home/luiz/robotica/install/polygon_plugins/share/polygon_plugins/package.xml
[0.833s] Invoked command in '/home/luiz/robotica/build/polygon_plugins' returned '0': AMENT_PREFIX_PATH=/home/luiz/robotica/install/polygon_base:${AMENT_PREFIX_PATH} CMAKE_PREFIX_PATH=/home/luiz/robotica/install/polygon_base:/opt/ros/humble /usr/bin/cmake --install /home/luiz/robotica/build/polygon_plugins
