[0.034s] Invoking command in '/home/luiz/robotica/build/action_tutorials_interfaces': CMAKE_PREFIX_PATH=${CMAKE_PREFIX_PATH}:/opt/ros/humble /usr/bin/cmake --build /home/luiz/robotica/build/action_tutorials_interfaces -- -j12 -l12
[0.225s] [  3%] Built target action_tutorials_interfaces__cpp
[0.226s] [ 12%] Built target action_tutorials_interfaces__rosidl_generator_c
[0.226s] [ 12%] Built target ament_cmake_python_copy_action_tutorials_interfaces
[0.226s] [ 22%] Built target action_tutorials_interfaces__rosidl_typesupport_cpp
[0.226s] [ 41%] Built target action_tutorials_interfaces__rosidl_typesupport_introspection_cpp
[0.226s] [ 41%] Built target action_tutorials_interfaces__rosidl_typesupport_fastrtps_cpp
[0.226s] [ 58%] Built target action_tutorials_interfaces__rosidl_typesupport_fastrtps_c
[0.226s] [ 61%] Built target action_tutorials_interfaces__rosidl_typesupport_introspection_c
[0.226s] [ 70%] Built target action_tutorials_interfaces__rosidl_typesupport_c
[0.226s] [ 70%] Built target action_tutorials_interfaces
[0.226s] [ 74%] Built target action_tutorials_interfaces__py
[0.226s] [ 80%] Built target action_tutorials_interfaces__rosidl_generator_py
[0.226s] [ 90%] Built target action_tutorials_interfaces__rosidl_typesupport_fastrtps_c__pyext
[0.226s] [ 93%] Built target action_tutorials_interfaces__rosidl_typesupport_introspection_c__pyext
[0.226s] [100%] Built target action_tutorials_interfaces__rosidl_typesupport_c__pyext
[0.260s] running egg_info
[0.260s] writing action_tutorials_interfaces.egg-info/PKG-INFO
[0.260s] writing dependency_links to action_tutorials_interfaces.egg-info/dependency_links.txt
[0.260s] writing top-level names to action_tutorials_interfaces.egg-info/top_level.txt
[0.262s] reading manifest file 'action_tutorials_interfaces.egg-info/SOURCES.txt'
[0.262s] writing manifest file 'action_tutorials_interfaces.egg-info/SOURCES.txt'
[0.288s] [100%] Built target ament_cmake_python_build_action_tutorials_interfaces_egg
[0.316s] Invoked command in '/home/luiz/robotica/build/action_tutorials_interfaces' returned '0': CMAKE_PREFIX_PATH=${CMAKE_PREFIX_PATH}:/opt/ros/humble /usr/bin/cmake --build /home/luiz/robotica/build/action_tutorials_interfaces -- -j12 -l12
[0.317s] Invoking command in '/home/luiz/robotica/build/action_tutorials_interfaces': CMAKE_PREFIX_PATH=${CMAKE_PREFIX_PATH}:/opt/ros/humble /usr/bin/cmake --install /home/luiz/robotica/build/action_tutorials_interfaces
[0.326s] -- Install configuration: ""
[0.326s] -- Up-to-date: /home/luiz/robotica/install/action_tutorials_interfaces/share/ament_index/resource_index/rosidl_interfaces/action_tutorials_interfaces
[0.326s] -- Up-to-date: /home/luiz/robotica/install/action_tutorials_interfaces/include/action_tutorials_interfaces/action_tutorials_interfaces
[0.327s] -- Up-to-date: /home/luiz/robotica/install/action_tutorials_interfaces/include/action_tutorials_interfaces/action_tutorials_interfaces/msg
[0.327s] -- Up-to-date: /home/luiz/robotica/install/action_tutorials_interfaces/include/action_tutorials_interfaces/action_tutorials_interfaces/msg/rosidl_generator_c__visibility_control.h
[0.327s] -- Up-to-date: /home/luiz/robotica/install/action_tutorials_interfaces/include/action_tutorials_interfaces/action_tutorials_interfaces/action
[0.327s] -- Up-to-date: /home/luiz/robotica/install/action_tutorials_interfaces/include/action_tutorials_interfaces/action_tutorials_interfaces/action/fibonacci.h
[0.327s] -- Up-to-date: /home/luiz/robotica/install/action_tutorials_interfaces/include/action_tutorials_interfaces/action_tutorials_interfaces/action/detail
[0.327s] -- Up-to-date: /home/luiz/robotica/install/action_tutorials_interfaces/include/action_tutorials_interfaces/action_tutorials_interfaces/action/detail/fibonacci__functions.h
[0.327s] -- Up-to-date: /home/luiz/robotica/install/action_tutorials_interfaces/include/action_tutorials_interfaces/action_tutorials_interfaces/action/detail/fibonacci__functions.c
[0.327s] -- Up-to-date: /home/luiz/robotica/install/action_tutorials_interfaces/include/action_tutorials_interfaces/action_tutorials_interfaces/action/detail/fibonacci__struct.h
[0.327s] -- Up-to-date: /home/luiz/robotica/install/action_tutorials_interfaces/include/action_tutorials_interfaces/action_tutorials_interfaces/action/detail/fibonacci__type_support.h
[0.327s] -- Up-to-date: /home/luiz/robotica/install/action_tutorials_interfaces/share/action_tutorials_interfaces/environment/library_path.sh
[0.328s] -- Up-to-date: /home/luiz/robotica/install/action_tutorials_interfaces/share/action_tutorials_interfaces/environment/library_path.dsv
[0.328s] -- Up-to-date: /home/luiz/robotica/install/action_tutorials_interfaces/lib/libaction_tutorials_interfaces__rosidl_generator_c.so
[0.328s] -- Up-to-date: /home/luiz/robotica/install/action_tutorials_interfaces/include/action_tutorials_interfaces/action_tutorials_interfaces
[0.328s] -- Up-to-date: /home/luiz/robotica/install/action_tutorials_interfaces/include/action_tutorials_interfaces/action_tutorials_interfaces/msg
[0.328s] -- Up-to-date: /home/luiz/robotica/install/action_tutorials_interfaces/include/action_tutorials_interfaces/action_tutorials_interfaces/msg/rosidl_typesupport_fastrtps_c__visibility_control.h
[0.328s] -- Up-to-date: /home/luiz/robotica/install/action_tutorials_interfaces/include/action_tutorials_interfaces/action_tutorials_interfaces/action
[0.328s] -- Up-to-date: /home/luiz/robotica/install/action_tutorials_interfaces/include/action_tutorials_interfaces/action_tutorials_interfaces/action/detail
[0.328s] -- Up-to-date: /home/luiz/robotica/install/action_tutorials_interfaces/include/action_tutorials_interfaces/action_tutorials_interfaces/action/detail/fibonacci__rosidl_typesupport_fastrtps_c.h
[0.328s] -- Up-to-date: /home/luiz/robotica/install/action_tutorials_interfaces/lib/libaction_tutorials_interfaces__rosidl_typesupport_fastrtps_c.so
[0.328s] -- Up-to-date: /home/luiz/robotica/install/action_tutorials_interfaces/include/action_tutorials_interfaces/action_tutorials_interfaces
[0.328s] -- Up-to-date: /home/luiz/robotica/install/action_tutorials_interfaces/include/action_tutorials_interfaces/action_tutorials_interfaces/msg
[0.328s] -- Up-to-date: /home/luiz/robotica/install/action_tutorials_interfaces/include/action_tutorials_interfaces/action_tutorials_interfaces/msg/rosidl_typesupport_introspection_c__visibility_control.h
[0.329s] -- Up-to-date: /home/luiz/robotica/install/action_tutorials_interfaces/include/action_tutorials_interfaces/action_tutorials_interfaces/action
[0.329s] -- Up-to-date: /home/luiz/robotica/install/action_tutorials_interfaces/include/action_tutorials_interfaces/action_tutorials_interfaces/action/detail
[0.329s] -- Up-to-date: /home/luiz/robotica/install/action_tutorials_interfaces/include/action_tutorials_interfaces/action_tutorials_interfaces/action/detail/fibonacci__rosidl_typesupport_introspection_c.h
[0.329s] -- Up-to-date: /home/luiz/robotica/install/action_tutorials_interfaces/include/action_tutorials_interfaces/action_tutorials_interfaces/action/detail/fibonacci__type_support.c
[0.329s] -- Up-to-date: /home/luiz/robotica/install/action_tutorials_interfaces/lib/libaction_tutorials_interfaces__rosidl_typesupport_introspection_c.so
[0.329s] -- Up-to-date: /home/luiz/robotica/install/action_tutorials_interfaces/lib/libaction_tutorials_interfaces__rosidl_typesupport_c.so
[0.329s] -- Up-to-date: /home/luiz/robotica/install/action_tutorials_interfaces/include/action_tutorials_interfaces/action_tutorials_interfaces
[0.329s] -- Up-to-date: /home/luiz/robotica/install/action_tutorials_interfaces/include/action_tutorials_interfaces/action_tutorials_interfaces/msg
[0.329s] -- Up-to-date: /home/luiz/robotica/install/action_tutorials_interfaces/include/action_tutorials_interfaces/action_tutorials_interfaces/msg/rosidl_generator_cpp__visibility_control.hpp
[0.329s] -- Up-to-date: /home/luiz/robotica/install/action_tutorials_interfaces/include/action_tutorials_interfaces/action_tutorials_interfaces/action
[0.329s] -- Up-to-date: /home/luiz/robotica/install/action_tutorials_interfaces/include/action_tutorials_interfaces/action_tutorials_interfaces/action/detail
[0.329s] -- Up-to-date: /home/luiz/robotica/install/action_tutorials_interfaces/include/action_tutorials_interfaces/action_tutorials_interfaces/action/detail/fibonacci__builder.hpp
[0.329s] -- Up-to-date: /home/luiz/robotica/install/action_tutorials_interfaces/include/action_tutorials_interfaces/action_tutorials_interfaces/action/detail/fibonacci__struct.hpp
[0.329s] -- Up-to-date: /home/luiz/robotica/install/action_tutorials_interfaces/include/action_tutorials_interfaces/action_tutorials_interfaces/action/detail/fibonacci__traits.hpp
[0.329s] -- Up-to-date: /home/luiz/robotica/install/action_tutorials_interfaces/include/action_tutorials_interfaces/action_tutorials_interfaces/action/detail/fibonacci__type_support.hpp
[0.329s] -- Up-to-date: /home/luiz/robotica/install/action_tutorials_interfaces/include/action_tutorials_interfaces/action_tutorials_interfaces/action/fibonacci.hpp
[0.330s] -- Up-to-date: /home/luiz/robotica/install/action_tutorials_interfaces/include/action_tutorials_interfaces/action_tutorials_interfaces
[0.330s] -- Up-to-date: /home/luiz/robotica/install/action_tutorials_interfaces/include/action_tutorials_interfaces/action_tutorials_interfaces/msg
[0.330s] -- Up-to-date: /home/luiz/robotica/install/action_tutorials_interfaces/include/action_tutorials_interfaces/action_tutorials_interfaces/msg/rosidl_typesupport_fastrtps_cpp__visibility_control.h
[0.330s] -- Up-to-date: /home/luiz/robotica/install/action_tutorials_interfaces/include/action_tutorials_interfaces/action_tutorials_interfaces/action
[0.330s] -- Up-to-date: /home/luiz/robotica/install/action_tutorials_interfaces/include/action_tutorials_interfaces/action_tutorials_interfaces/action/detail
[0.330s] -- Up-to-date: /home/luiz/robotica/install/action_tutorials_interfaces/include/action_tutorials_interfaces/action_tutorials_interfaces/action/detail/fibonacci__rosidl_typesupport_fastrtps_cpp.hpp
[0.330s] -- Up-to-date: /home/luiz/robotica/install/action_tutorials_interfaces/include/action_tutorials_interfaces/action_tutorials_interfaces/action/detail/dds_fastrtps
[0.330s] -- Up-to-date: /home/luiz/robotica/install/action_tutorials_interfaces/lib/libaction_tutorials_interfaces__rosidl_typesupport_fastrtps_cpp.so
[0.330s] -- Up-to-date: /home/luiz/robotica/install/action_tutorials_interfaces/include/action_tutorials_interfaces/action_tutorials_interfaces
[0.330s] -- Up-to-date: /home/luiz/robotica/install/action_tutorials_interfaces/include/action_tutorials_interfaces/action_tutorials_interfaces/action
[0.330s] -- Up-to-date: /home/luiz/robotica/install/action_tutorials_interfaces/include/action_tutorials_interfaces/action_tutorials_interfaces/action/detail
[0.330s] -- Up-to-date: /home/luiz/robotica/install/action_tutorials_interfaces/include/action_tutorials_interfaces/action_tutorials_interfaces/action/detail/fibonacci__rosidl_typesupport_introspection_cpp.hpp
[0.330s] -- Up-to-date: /home/luiz/robotica/install/action_tutorials_interfaces/include/action_tutorials_interfaces/action_tutorials_interfaces/action/detail/fibonacci__type_support.cpp
[0.330s] -- Up-to-date: /home/luiz/robotica/install/action_tutorials_interfaces/lib/libaction_tutorials_interfaces__rosidl_typesupport_introspection_cpp.so
[0.330s] -- Up-to-date: /home/luiz/robotica/install/action_tutorials_interfaces/lib/libaction_tutorials_interfaces__rosidl_typesupport_cpp.so
[0.331s] -- Up-to-date: /home/luiz/robotica/install/action_tutorials_interfaces/share/action_tutorials_interfaces/environment/pythonpath.sh
[0.331s] -- Up-to-date: /home/luiz/robotica/install/action_tutorials_interfaces/share/action_tutorials_interfaces/environment/pythonpath.dsv
[0.331s] -- Up-to-date: /home/luiz/robotica/install/action_tutorials_interfaces/local/lib/python3.10/dist-packages/action_tutorials_interfaces-0.0.0-py3.10.egg-info
[0.331s] -- Installing: /home/luiz/robotica/install/action_tutorials_interfaces/local/lib/python3.10/dist-packages/action_tutorials_interfaces-0.0.0-py3.10.egg-info/PKG-INFO
[0.331s] -- Installing: /home/luiz/robotica/install/action_tutorials_interfaces/local/lib/python3.10/dist-packages/action_tutorials_interfaces-0.0.0-py3.10.egg-info/SOURCES.txt
[0.331s] -- Installing: /home/luiz/robotica/install/action_tutorials_interfaces/local/lib/python3.10/dist-packages/action_tutorials_interfaces-0.0.0-py3.10.egg-info/dependency_links.txt
[0.331s] -- Installing: /home/luiz/robotica/install/action_tutorials_interfaces/local/lib/python3.10/dist-packages/action_tutorials_interfaces-0.0.0-py3.10.egg-info/top_level.txt
[0.331s] -- Up-to-date: /home/luiz/robotica/install/action_tutorials_interfaces/local/lib/python3.10/dist-packages/action_tutorials_interfaces
[0.331s] -- Up-to-date: /home/luiz/robotica/install/action_tutorials_interfaces/local/lib/python3.10/dist-packages/action_tutorials_interfaces/_action_tutorials_interfaces_s.ep.rosidl_typesupport_c.c
[0.331s] -- Up-to-date: /home/luiz/robotica/install/action_tutorials_interfaces/local/lib/python3.10/dist-packages/action_tutorials_interfaces/__init__.py
[0.331s] -- Up-to-date: /home/luiz/robotica/install/action_tutorials_interfaces/local/lib/python3.10/dist-packages/action_tutorials_interfaces/action_tutorials_interfaces_s__rosidl_typesupport_c.cpython-310-x86_64-linux-gnu.so
[0.331s] -- Up-to-date: /home/luiz/robotica/install/action_tutorials_interfaces/local/lib/python3.10/dist-packages/action_tutorials_interfaces/_action_tutorials_interfaces_s.ep.rosidl_typesupport_introspection_c.c
[0.331s] -- Up-to-date: /home/luiz/robotica/install/action_tutorials_interfaces/local/lib/python3.10/dist-packages/action_tutorials_interfaces/action_tutorials_interfaces_s__rosidl_typesupport_fastrtps_c.cpython-310-x86_64-linux-gnu.so
[0.332s] -- Up-to-date: /home/luiz/robotica/install/action_tutorials_interfaces/local/lib/python3.10/dist-packages/action_tutorials_interfaces/libaction_tutorials_interfaces__rosidl_generator_py.so
[0.332s] -- Up-to-date: /home/luiz/robotica/install/action_tutorials_interfaces/local/lib/python3.10/dist-packages/action_tutorials_interfaces/action_tutorials_interfaces_s__rosidl_typesupport_introspection_c.cpython-310-x86_64-linux-gnu.so
[0.332s] -- Up-to-date: /home/luiz/robotica/install/action_tutorials_interfaces/local/lib/python3.10/dist-packages/action_tutorials_interfaces/_action_tutorials_interfaces_s.ep.rosidl_typesupport_fastrtps_c.c
[0.332s] -- Up-to-date: /home/luiz/robotica/install/action_tutorials_interfaces/local/lib/python3.10/dist-packages/action_tutorials_interfaces/action
[0.332s] -- Up-to-date: /home/luiz/robotica/install/action_tutorials_interfaces/local/lib/python3.10/dist-packages/action_tutorials_interfaces/action/_fibonacci_s.c
[0.332s] -- Up-to-date: /home/luiz/robotica/install/action_tutorials_interfaces/local/lib/python3.10/dist-packages/action_tutorials_interfaces/action/_fibonacci.py
[0.332s] -- Up-to-date: /home/luiz/robotica/install/action_tutorials_interfaces/local/lib/python3.10/dist-packages/action_tutorials_interfaces/action/__init__.py
[0.356s] Listing '/home/luiz/robotica/install/action_tutorials_interfaces/local/lib/python3.10/dist-packages/action_tutorials_interfaces'...
[0.356s] Listing '/home/luiz/robotica/install/action_tutorials_interfaces/local/lib/python3.10/dist-packages/action_tutorials_interfaces/action'...
[0.360s] -- Up-to-date: /home/luiz/robotica/install/action_tutorials_interfaces/local/lib/python3.10/dist-packages/action_tutorials_interfaces/action_tutorials_interfaces_s__rosidl_typesupport_fastrtps_c.cpython-310-x86_64-linux-gnu.so
[0.360s] -- Up-to-date: /home/luiz/robotica/install/action_tutorials_interfaces/local/lib/python3.10/dist-packages/action_tutorials_interfaces/action_tutorials_interfaces_s__rosidl_typesupport_introspection_c.cpython-310-x86_64-linux-gnu.so
[0.360s] -- Up-to-date: /home/luiz/robotica/install/action_tutorials_interfaces/local/lib/python3.10/dist-packages/action_tutorials_interfaces/action_tutorials_interfaces_s__rosidl_typesupport_c.cpython-310-x86_64-linux-gnu.so
[0.360s] -- Up-to-date: /home/luiz/robotica/install/action_tutorials_interfaces/lib/libaction_tutorials_interfaces__rosidl_generator_py.so
[0.361s] -- Up-to-date: /home/luiz/robotica/install/action_tutorials_interfaces/share/action_tutorials_interfaces/action/Fibonacci.idl
[0.361s] -- Up-to-date: /home/luiz/robotica/install/action_tutorials_interfaces/share/action_tutorials_interfaces/action/Fibonacci.action
[0.361s] -- Up-to-date: /home/luiz/robotica/install/action_tutorials_interfaces/share/ament_index/resource_index/package_run_dependencies/action_tutorials_interfaces
[0.361s] -- Up-to-date: /home/luiz/robotica/install/action_tutorials_interfaces/share/ament_index/resource_index/parent_prefix_path/action_tutorials_interfaces
[0.361s] -- Up-to-date: /home/luiz/robotica/install/action_tutorials_interfaces/share/action_tutorials_interfaces/environment/ament_prefix_path.sh
[0.361s] -- Up-to-date: /home/luiz/robotica/install/action_tutorials_interfaces/share/action_tutorials_interfaces/environment/ament_prefix_path.dsv
[0.361s] -- Up-to-date: /home/luiz/robotica/install/action_tutorials_interfaces/share/action_tutorials_interfaces/environment/path.sh
[0.361s] -- Up-to-date: /home/luiz/robotica/install/action_tutorials_interfaces/share/action_tutorials_interfaces/environment/path.dsv
[0.361s] -- Up-to-date: /home/luiz/robotica/install/action_tutorials_interfaces/share/action_tutorials_interfaces/local_setup.bash
[0.361s] -- Up-to-date: /home/luiz/robotica/install/action_tutorials_interfaces/share/action_tutorials_interfaces/local_setup.sh
[0.361s] -- Up-to-date: /home/luiz/robotica/install/action_tutorials_interfaces/share/action_tutorials_interfaces/local_setup.zsh
[0.361s] -- Up-to-date: /home/luiz/robotica/install/action_tutorials_interfaces/share/action_tutorials_interfaces/local_setup.dsv
[0.362s] -- Installing: /home/luiz/robotica/install/action_tutorials_interfaces/share/action_tutorials_interfaces/package.dsv
[0.362s] -- Up-to-date: /home/luiz/robotica/install/action_tutorials_interfaces/share/ament_index/resource_index/packages/action_tutorials_interfaces
[0.362s] -- Up-to-date: /home/luiz/robotica/install/action_tutorials_interfaces/share/action_tutorials_interfaces/cmake/export_action_tutorials_interfaces__rosidl_generator_cExport.cmake
[0.362s] -- Up-to-date: /home/luiz/robotica/install/action_tutorials_interfaces/share/action_tutorials_interfaces/cmake/export_action_tutorials_interfaces__rosidl_generator_cExport-noconfig.cmake
[0.362s] -- Up-to-date: /home/luiz/robotica/install/action_tutorials_interfaces/share/action_tutorials_interfaces/cmake/export_action_tutorials_interfaces__rosidl_typesupport_fastrtps_cExport.cmake
[0.362s] -- Up-to-date: /home/luiz/robotica/install/action_tutorials_interfaces/share/action_tutorials_interfaces/cmake/export_action_tutorials_interfaces__rosidl_typesupport_fastrtps_cExport-noconfig.cmake
[0.362s] -- Up-to-date: /home/luiz/robotica/install/action_tutorials_interfaces/share/action_tutorials_interfaces/cmake/action_tutorials_interfaces__rosidl_typesupport_introspection_cExport.cmake
[0.362s] -- Up-to-date: /home/luiz/robotica/install/action_tutorials_interfaces/share/action_tutorials_interfaces/cmake/action_tutorials_interfaces__rosidl_typesupport_introspection_cExport-noconfig.cmake
[0.362s] -- Up-to-date: /home/luiz/robotica/install/action_tutorials_interfaces/share/action_tutorials_interfaces/cmake/action_tutorials_interfaces__rosidl_typesupport_cExport.cmake
[0.362s] -- Up-to-date: /home/luiz/robotica/install/action_tutorials_interfaces/share/action_tutorials_interfaces/cmake/action_tutorials_interfaces__rosidl_typesupport_cExport-noconfig.cmake
[0.362s] -- Up-to-date: /home/luiz/robotica/install/action_tutorials_interfaces/share/action_tutorials_interfaces/cmake/export_action_tutorials_interfaces__rosidl_generator_cppExport.cmake
[0.362s] -- Up-to-date: /home/luiz/robotica/install/action_tutorials_interfaces/share/action_tutorials_interfaces/cmake/export_action_tutorials_interfaces__rosidl_typesupport_fastrtps_cppExport.cmake
[0.362s] -- Up-to-date: /home/luiz/robotica/install/action_tutorials_interfaces/share/action_tutorials_interfaces/cmake/export_action_tutorials_interfaces__rosidl_typesupport_fastrtps_cppExport-noconfig.cmake
[0.363s] -- Up-to-date: /home/luiz/robotica/install/action_tutorials_interfaces/share/action_tutorials_interfaces/cmake/action_tutorials_interfaces__rosidl_typesupport_introspection_cppExport.cmake
[0.363s] -- Up-to-date: /home/luiz/robotica/install/action_tutorials_interfaces/share/action_tutorials_interfaces/cmake/action_tutorials_interfaces__rosidl_typesupport_introspection_cppExport-noconfig.cmake
[0.363s] -- Up-to-date: /home/luiz/robotica/install/action_tutorials_interfaces/share/action_tutorials_interfaces/cmake/action_tutorials_interfaces__rosidl_typesupport_cppExport.cmake
[0.363s] -- Up-to-date: /home/luiz/robotica/install/action_tutorials_interfaces/share/action_tutorials_interfaces/cmake/action_tutorials_interfaces__rosidl_typesupport_cppExport-noconfig.cmake
[0.363s] -- Up-to-date: /home/luiz/robotica/install/action_tutorials_interfaces/share/action_tutorials_interfaces/cmake/export_action_tutorials_interfaces__rosidl_generator_pyExport.cmake
[0.363s] -- Up-to-date: /home/luiz/robotica/install/action_tutorials_interfaces/share/action_tutorials_interfaces/cmake/export_action_tutorials_interfaces__rosidl_generator_pyExport-noconfig.cmake
[0.363s] -- Up-to-date: /home/luiz/robotica/install/action_tutorials_interfaces/share/action_tutorials_interfaces/cmake/rosidl_cmake-extras.cmake
[0.363s] -- Up-to-date: /home/luiz/robotica/install/action_tutorials_interfaces/share/action_tutorials_interfaces/cmake/ament_cmake_export_dependencies-extras.cmake
[0.363s] -- Up-to-date: /home/luiz/robotica/install/action_tutorials_interfaces/share/action_tutorials_interfaces/cmake/ament_cmake_export_include_directories-extras.cmake
[0.363s] -- Up-to-date: /home/luiz/robotica/install/action_tutorials_interfaces/share/action_tutorials_interfaces/cmake/ament_cmake_export_libraries-extras.cmake
[0.363s] -- Up-to-date: /home/luiz/robotica/install/action_tutorials_interfaces/share/action_tutorials_interfaces/cmake/ament_cmake_export_targets-extras.cmake
[0.363s] -- Up-to-date: /home/luiz/robotica/install/action_tutorials_interfaces/share/action_tutorials_interfaces/cmake/rosidl_cmake_export_typesupport_targets-extras.cmake
[0.363s] -- Up-to-date: /home/luiz/robotica/install/action_tutorials_interfaces/share/action_tutorials_interfaces/cmake/rosidl_cmake_export_typesupport_libraries-extras.cmake
[0.363s] -- Up-to-date: /home/luiz/robotica/install/action_tutorials_interfaces/share/action_tutorials_interfaces/cmake/action_tutorials_interfacesConfig.cmake
[0.363s] -- Up-to-date: /home/luiz/robotica/install/action_tutorials_interfaces/share/action_tutorials_interfaces/cmake/action_tutorials_interfacesConfig-version.cmake
[0.363s] -- Up-to-date: /home/luiz/robotica/install/action_tutorials_interfaces/share/action_tutorials_interfaces/package.xml
[0.366s] Invoked command in '/home/luiz/robotica/build/action_tutorials_interfaces' returned '0': CMAKE_PREFIX_PATH=${CMAKE_PREFIX_PATH}:/opt/ros/humble /usr/bin/cmake --install /home/luiz/robotica/build/action_tutorials_interfaces
