[0.017s] Invoking command in '/home/luiz/robotica/build/action_tutorials_cpp': CMAKE_PREFIX_PATH=/home/luiz/robotica/install/action_tutorials_interfaces:/home/luiz/robotica/install/polygon_plugins:/home/luiz/robotica/install/polygon_base:/home/luiz/robotica/install/more_interfaces:/home/luiz/robotica/install/cpp_srvcli:/home/luiz/robotica/install/cpp_pubsub:/home/luiz/robotica/install/cpp_parameters:/home/luiz/robotica/install/action_tutorials_cpp:/opt/ros/humble LD_LIBRARY_PATH=/home/luiz/robotica/install/action_tutorials_interfaces/lib:/home/luiz/robotica/install/polygon_plugins/lib:/home/luiz/robotica/install/more_interfaces/lib:/home/luiz/robotica/install/action_tutorials_cpp/lib:/opt/ros/humble/opt/rviz_ogre_vendor/lib:/opt/ros/humble/lib/x86_64-linux-gnu:/opt/ros/humble/lib /usr/bin/cmake --build /home/luiz/robotica/build/action_tutorials_cpp -- -j12 -l12
[0.053s] [35m[1mConsolidate compiler generated dependencies of target action_client[0m
[0.065s] [ 25%] Built target fibonacci_action_client
[0.068s] [ 75%] Built target fibonacci_action_server
[0.068s] [ 75%] Built target action_client
[0.068s] [100%] Built target action_server
[0.076s] Invoked command in '/home/luiz/robotica/build/action_tutorials_cpp' returned '0': CMAKE_PREFIX_PATH=/home/luiz/robotica/install/action_tutorials_interfaces:/home/luiz/robotica/install/polygon_plugins:/home/luiz/robotica/install/polygon_base:/home/luiz/robotica/install/more_interfaces:/home/luiz/robotica/install/cpp_srvcli:/home/luiz/robotica/install/cpp_pubsub:/home/luiz/robotica/install/cpp_parameters:/home/luiz/robotica/install/action_tutorials_cpp:/opt/ros/humble LD_LIBRARY_PATH=/home/luiz/robotica/install/action_tutorials_interfaces/lib:/home/luiz/robotica/install/polygon_plugins/lib:/home/luiz/robotica/install/more_interfaces/lib:/home/luiz/robotica/install/action_tutorials_cpp/lib:/opt/ros/humble/opt/rviz_ogre_vendor/lib:/opt/ros/humble/lib/x86_64-linux-gnu:/opt/ros/humble/lib /usr/bin/cmake --build /home/luiz/robotica/build/action_tutorials_cpp -- -j12 -l12
[0.077s] Invoking command in '/home/luiz/robotica/build/action_tutorials_cpp': CMAKE_PREFIX_PATH=/home/luiz/robotica/install/action_tutorials_interfaces:/home/luiz/robotica/install/polygon_plugins:/home/luiz/robotica/install/polygon_base:/home/luiz/robotica/install/more_interfaces:/home/luiz/robotica/install/cpp_srvcli:/home/luiz/robotica/install/cpp_pubsub:/home/luiz/robotica/install/cpp_parameters:/home/luiz/robotica/install/action_tutorials_cpp:/opt/ros/humble LD_LIBRARY_PATH=/home/luiz/robotica/install/action_tutorials_interfaces/lib:/home/luiz/robotica/install/polygon_plugins/lib:/home/luiz/robotica/install/more_interfaces/lib:/home/luiz/robotica/install/action_tutorials_cpp/lib:/opt/ros/humble/opt/rviz_ogre_vendor/lib:/opt/ros/humble/lib/x86_64-linux-gnu:/opt/ros/humble/lib /usr/bin/cmake --install /home/luiz/robotica/build/action_tutorials_cpp
[0.083s] -- Install configuration: ""
[0.083s] -- Up-to-date: /home/luiz/robotica/install/action_tutorials_cpp/lib/action_tutorials_cpp/fibonacci_action_server
[0.083s] -- Up-to-date: /home/luiz/robotica/install/action_tutorials_cpp/lib/libaction_server.so
[0.083s] -- Up-to-date: /home/luiz/robotica/install/action_tutorials_cpp/lib/action_tutorials_cpp/fibonacci_action_client
[0.083s] -- Up-to-date: /home/luiz/robotica/install/action_tutorials_cpp/lib/libaction_client.so
[0.083s] -- Up-to-date: /home/luiz/robotica/install/action_tutorials_cpp/share/ament_index/resource_index/package_run_dependencies/action_tutorials_cpp
[0.083s] -- Up-to-date: /home/luiz/robotica/install/action_tutorials_cpp/share/ament_index/resource_index/parent_prefix_path/action_tutorials_cpp
[0.083s] -- Up-to-date: /home/luiz/robotica/install/action_tutorials_cpp/share/action_tutorials_cpp/environment/ament_prefix_path.sh
[0.083s] -- Up-to-date: /home/luiz/robotica/install/action_tutorials_cpp/share/action_tutorials_cpp/environment/ament_prefix_path.dsv
[0.084s] -- Up-to-date: /home/luiz/robotica/install/action_tutorials_cpp/share/action_tutorials_cpp/environment/path.sh
[0.084s] -- Up-to-date: /home/luiz/robotica/install/action_tutorials_cpp/share/action_tutorials_cpp/environment/path.dsv
[0.084s] -- Up-to-date: /home/luiz/robotica/install/action_tutorials_cpp/share/action_tutorials_cpp/local_setup.bash
[0.084s] -- Up-to-date: /home/luiz/robotica/install/action_tutorials_cpp/share/action_tutorials_cpp/local_setup.sh
[0.084s] -- Up-to-date: /home/luiz/robotica/install/action_tutorials_cpp/share/action_tutorials_cpp/local_setup.zsh
[0.084s] -- Up-to-date: /home/luiz/robotica/install/action_tutorials_cpp/share/action_tutorials_cpp/local_setup.dsv
[0.084s] -- Installing: /home/luiz/robotica/install/action_tutorials_cpp/share/action_tutorials_cpp/package.dsv
[0.084s] -- Up-to-date: /home/luiz/robotica/install/action_tutorials_cpp/share/ament_index/resource_index/packages/action_tutorials_cpp
[0.084s] -- Up-to-date: /home/luiz/robotica/install/action_tutorials_cpp/share/ament_index/resource_index/rclcpp_components/action_tutorials_cpp
[0.084s] -- Up-to-date: /home/luiz/robotica/install/action_tutorials_cpp/share/action_tutorials_cpp/cmake/action_tutorials_cppConfig.cmake
[0.084s] -- Up-to-date: /home/luiz/robotica/install/action_tutorials_cpp/share/action_tutorials_cpp/cmake/action_tutorials_cppConfig-version.cmake
[0.084s] -- Up-to-date: /home/luiz/robotica/install/action_tutorials_cpp/share/action_tutorials_cpp/package.xml
[0.086s] Invoked command in '/home/luiz/robotica/build/action_tutorials_cpp' returned '0': CMAKE_PREFIX_PATH=/home/luiz/robotica/install/action_tutorials_interfaces:/home/luiz/robotica/install/polygon_plugins:/home/luiz/robotica/install/polygon_base:/home/luiz/robotica/install/more_interfaces:/home/luiz/robotica/install/cpp_srvcli:/home/luiz/robotica/install/cpp_pubsub:/home/luiz/robotica/install/cpp_parameters:/home/luiz/robotica/install/action_tutorials_cpp:/opt/ros/humble LD_LIBRARY_PATH=/home/luiz/robotica/install/action_tutorials_interfaces/lib:/home/luiz/robotica/install/polygon_plugins/lib:/home/luiz/robotica/install/more_interfaces/lib:/home/luiz/robotica/install/action_tutorials_cpp/lib:/opt/ros/humble/opt/rviz_ogre_vendor/lib:/opt/ros/humble/lib/x86_64-linux-gnu:/opt/ros/humble/lib /usr/bin/cmake --install /home/luiz/robotica/build/action_tutorials_cpp
