[0.007s] Invoking command in '/home/luiz/robotica/build/polygon_plugins': CMAKE_PREFIX_PATH=/home/luiz/robotica/install/polygon_base:/home/luiz/robotica/install/polygon_plugins:/opt/ros/humble /usr/bin/cmake --build /home/luiz/robotica/build/polygon_plugins -- -j12 -l12
[0.059s] [35m[1mConsolidate compiler generated dependencies of target polygon_plugins[0m
[0.069s] [100%] Built target polygon_plugins
[0.077s] Invoked command in '/home/luiz/robotica/build/polygon_plugins' returned '0': CMAKE_PREFIX_PATH=/home/luiz/robotica/install/polygon_base:/home/luiz/robotica/install/polygon_plugins:/opt/ros/humble /usr/bin/cmake --build /home/luiz/robotica/build/polygon_plugins -- -j12 -l12
[0.080s] Invoking command in '/home/luiz/robotica/build/polygon_plugins': CMAKE_PREFIX_PATH=/home/luiz/robotica/install/polygon_base:/home/luiz/robotica/install/polygon_plugins:/opt/ros/humble /usr/bin/cmake --install /home/luiz/robotica/build/polygon_plugins
[0.086s] -- Install configuration: ""
[0.086s] -- Up-to-date: /home/luiz/robotica/install/polygon_plugins/include
[0.086s] -- Up-to-date: /home/luiz/robotica/install/polygon_plugins/include/polygon_plugins
[0.087s] -- Up-to-date: /home/luiz/robotica/install/polygon_plugins/include/polygon_plugins/visibility_control.h
[0.087s] -- Up-to-date: /home/luiz/robotica/install/polygon_plugins/include/polygon_plugins/polygon_plugins.hpp
[0.087s] -- Up-to-date: /home/luiz/robotica/install/polygon_plugins/lib/libpolygon_plugins.so
[0.087s] -- Up-to-date: /home/luiz/robotica/install/polygon_plugins/share/polygon_plugins/plugins.xml
[0.087s] -- Up-to-date: /home/luiz/robotica/install/polygon_plugins/share/polygon_plugins/environment/library_path.sh
[0.087s] -- Up-to-date: /home/luiz/robotica/install/polygon_plugins/share/polygon_plugins/environment/library_path.dsv
[0.087s] -- Up-to-date: /home/luiz/robotica/install/polygon_plugins/share/ament_index/resource_index/package_run_dependencies/polygon_plugins
[0.087s] -- Up-to-date: /home/luiz/robotica/install/polygon_plugins/share/ament_index/resource_index/parent_prefix_path/polygon_plugins
[0.087s] -- Up-to-date: /home/luiz/robotica/install/polygon_plugins/share/polygon_plugins/environment/ament_prefix_path.sh
[0.087s] -- Up-to-date: /home/luiz/robotica/install/polygon_plugins/share/polygon_plugins/environment/ament_prefix_path.dsv
[0.087s] -- Up-to-date: /home/luiz/robotica/install/polygon_plugins/share/polygon_plugins/environment/path.sh
[0.087s] -- Up-to-date: /home/luiz/robotica/install/polygon_plugins/share/polygon_plugins/environment/path.dsv
[0.087s] -- Up-to-date: /home/luiz/robotica/install/polygon_plugins/share/polygon_plugins/local_setup.bash
[0.088s] -- Up-to-date: /home/luiz/robotica/install/polygon_plugins/share/polygon_plugins/local_setup.sh
[0.088s] -- Up-to-date: /home/luiz/robotica/install/polygon_plugins/share/polygon_plugins/local_setup.zsh
[0.088s] -- Up-to-date: /home/luiz/robotica/install/polygon_plugins/share/polygon_plugins/local_setup.dsv
[0.088s] -- Up-to-date: /home/luiz/robotica/install/polygon_plugins/share/polygon_plugins/package.dsv
[0.088s] -- Up-to-date: /home/luiz/robotica/install/polygon_plugins/share/ament_index/resource_index/packages/polygon_plugins
[0.088s] -- Up-to-date: /home/luiz/robotica/install/polygon_plugins/share/ament_index/resource_index/polygon_base__pluginlib__plugin/polygon_plugins
[0.089s] -- Up-to-date: /home/luiz/robotica/install/polygon_plugins/share/polygon_plugins/cmake/export_polygon_pluginsExport.cmake
[0.089s] -- Up-to-date: /home/luiz/robotica/install/polygon_plugins/share/polygon_plugins/cmake/export_polygon_pluginsExport-noconfig.cmake
[0.089s] -- Up-to-date: /home/luiz/robotica/install/polygon_plugins/share/polygon_plugins/cmake/ament_cmake_export_include_directories-extras.cmake
[0.089s] -- Up-to-date: /home/luiz/robotica/install/polygon_plugins/share/polygon_plugins/cmake/ament_cmake_export_libraries-extras.cmake
[0.089s] -- Up-to-date: /home/luiz/robotica/install/polygon_plugins/share/polygon_plugins/cmake/ament_cmake_export_targets-extras.cmake
[0.089s] -- Up-to-date: /home/luiz/robotica/install/polygon_plugins/share/polygon_plugins/cmake/polygon_pluginsConfig.cmake
[0.089s] -- Up-to-date: /home/luiz/robotica/install/polygon_plugins/share/polygon_plugins/cmake/polygon_pluginsConfig-version.cmake
[0.090s] -- Up-to-date: /home/luiz/robotica/install/polygon_plugins/share/polygon_plugins/package.xml
[0.091s] Invoked command in '/home/luiz/robotica/build/polygon_plugins' returned '0': CMAKE_PREFIX_PATH=/home/luiz/robotica/install/polygon_base:/home/luiz/robotica/install/polygon_plugins:/opt/ros/humble /usr/bin/cmake --install /home/luiz/robotica/build/polygon_plugins
