[0.024s] Invoking command in '/home/luiz/robotica/build/cpp_launch_example': CMAKE_PREFIX_PATH=${CMAKE_PREFIX_PATH}:/opt/ros/humble /usr/bin/cmake /home/luiz/robotica/src/cpp_launch_example -DCMAKE_INSTALL_PREFIX=/home/luiz/robotica/install/cpp_launch_example
[0.076s] -- The C compiler identification is GNU 11.4.0
[0.145s] -- The CXX compiler identification is GNU 11.4.0
[0.151s] -- Detecting C compiler ABI info
[0.227s] -- Detecting C compiler ABI info - done
[0.231s] -- Check for working C compiler: /usr/bin/cc - skipped
[0.232s] -- Detecting C compile features
[0.232s] -- Detecting C compile features - done
[0.235s] -- Detecting CXX compiler ABI info
[0.305s] -- Detecting CXX compiler ABI info - done
[0.311s] -- Check for working CXX compiler: /usr/bin/c++ - skipped
[0.311s] -- Detecting CXX compile features
[0.311s] -- Detecting CXX compile features - done
[0.315s] -- Found ament_cmake: 1.3.12 (/opt/ros/humble/share/ament_cmake/cmake)
[0.438s] -- Found Python3: /usr/bin/python3 (found version "3.10.12") found components: Interpreter 
[0.510s] -- Found ament_lint_auto: 0.12.14 (/opt/ros/humble/share/ament_lint_auto/cmake)
[0.563s] -- Added test 'flake8' to check Python code syntax and style conventions
[0.564s] -- Added test 'lint_cmake' to check CMake code style
[0.564s] -- Added test 'pep257' to check Python code against some of the docstring style conventions in PEP 257
[0.565s] -- Added test 'xmllint' to check XML markup files
[0.566s] -- Configuring done
[0.568s] -- Generating done
[0.569s] -- Build files have been written to: /home/luiz/robotica/build/cpp_launch_example
[0.572s] Invoked command in '/home/luiz/robotica/build/cpp_launch_example' returned '0': CMAKE_PREFIX_PATH=${CMAKE_PREFIX_PATH}:/opt/ros/humble /usr/bin/cmake /home/luiz/robotica/src/cpp_launch_example -DCMAKE_INSTALL_PREFIX=/home/luiz/robotica/install/cpp_launch_example
[0.573s] Invoking command in '/home/luiz/robotica/build/cpp_launch_example': CMAKE_PREFIX_PATH=${CMAKE_PREFIX_PATH}:/opt/ros/humble /usr/bin/cmake --build /home/luiz/robotica/build/cpp_launch_example -- -j12 -l12
[0.598s] Invoked command in '/home/luiz/robotica/build/cpp_launch_example' returned '0': CMAKE_PREFIX_PATH=${CMAKE_PREFIX_PATH}:/opt/ros/humble /usr/bin/cmake --build /home/luiz/robotica/build/cpp_launch_example -- -j12 -l12
[0.599s] Invoking command in '/home/luiz/robotica/build/cpp_launch_example': CMAKE_PREFIX_PATH=${CMAKE_PREFIX_PATH}:/opt/ros/humble /usr/bin/cmake --install /home/luiz/robotica/build/cpp_launch_example
[0.604s] -- Install configuration: ""
[0.604s] -- Installing: /home/luiz/robotica/install/cpp_launch_example/share/cpp_launch_example//launch
[0.604s] -- Installing: /home/luiz/robotica/install/cpp_launch_example/share/cpp_launch_example//launch/my_script_launch.py
[0.604s] -- Installing: /home/luiz/robotica/install/cpp_launch_example/share/ament_index/resource_index/package_run_dependencies/cpp_launch_example
[0.604s] -- Installing: /home/luiz/robotica/install/cpp_launch_example/share/ament_index/resource_index/parent_prefix_path/cpp_launch_example
[0.604s] -- Installing: /home/luiz/robotica/install/cpp_launch_example/share/cpp_launch_example/environment/ament_prefix_path.sh
[0.604s] -- Installing: /home/luiz/robotica/install/cpp_launch_example/share/cpp_launch_example/environment/ament_prefix_path.dsv
[0.605s] -- Installing: /home/luiz/robotica/install/cpp_launch_example/share/cpp_launch_example/environment/path.sh
[0.605s] -- Installing: /home/luiz/robotica/install/cpp_launch_example/share/cpp_launch_example/environment/path.dsv
[0.605s] -- Installing: /home/luiz/robotica/install/cpp_launch_example/share/cpp_launch_example/local_setup.bash
[0.605s] -- Installing: /home/luiz/robotica/install/cpp_launch_example/share/cpp_launch_example/local_setup.sh
[0.605s] -- Installing: /home/luiz/robotica/install/cpp_launch_example/share/cpp_launch_example/local_setup.zsh
[0.605s] -- Installing: /home/luiz/robotica/install/cpp_launch_example/share/cpp_launch_example/local_setup.dsv
[0.605s] -- Installing: /home/luiz/robotica/install/cpp_launch_example/share/cpp_launch_example/package.dsv
[0.606s] -- Installing: /home/luiz/robotica/install/cpp_launch_example/share/ament_index/resource_index/packages/cpp_launch_example
[0.606s] -- Installing: /home/luiz/robotica/install/cpp_launch_example/share/cpp_launch_example/cmake/cpp_launch_exampleConfig.cmake
[0.606s] -- Installing: /home/luiz/robotica/install/cpp_launch_example/share/cpp_launch_example/cmake/cpp_launch_exampleConfig-version.cmake
[0.606s] -- Installing: /home/luiz/robotica/install/cpp_launch_example/share/cpp_launch_example/package.xml
[0.608s] Invoked command in '/home/luiz/robotica/build/cpp_launch_example' returned '0': CMAKE_PREFIX_PATH=${CMAKE_PREFIX_PATH}:/opt/ros/humble /usr/bin/cmake --install /home/luiz/robotica/build/cpp_launch_example
