[0.489s] Invoking command in '/home/luiz/robotica/src/launch_tutorial': PYTHONPATH=/home/luiz/robotica/build/launch_tutorial/prefix_override:/usr/lib/python3/dist-packages/colcon_core/task/python/colcon_distutils_commands:/home/luiz/robotica/install/launch_tutorial/lib/python3.10/site-packages:${PYTHONPATH} /usr/bin/python3 -W ignore:setup.py install is deprecated -W ignore:easy_install command is deprecated setup.py egg_info --egg-base ../../build/launch_tutorial build --build-base /home/luiz/robotica/build/launch_tutorial/build install --record /home/luiz/robotica/build/launch_tutorial/install.log --single-version-externally-managed install_data
[0.619s] running egg_info
[0.620s] writing ../../build/launch_tutorial/launch_tutorial.egg-info/PKG-INFO
[0.620s] writing dependency_links to ../../build/launch_tutorial/launch_tutorial.egg-info/dependency_links.txt
[0.620s] writing entry points to ../../build/launch_tutorial/launch_tutorial.egg-info/entry_points.txt
[0.620s] writing requirements to ../../build/launch_tutorial/launch_tutorial.egg-info/requires.txt
[0.620s] writing top-level names to ../../build/launch_tutorial/launch_tutorial.egg-info/top_level.txt
[0.621s] reading manifest file '../../build/launch_tutorial/launch_tutorial.egg-info/SOURCES.txt'
[0.621s] adding license file 'LICENSE'
[0.621s] writing manifest file '../../build/launch_tutorial/launch_tutorial.egg-info/SOURCES.txt'
[0.621s] running build
[0.621s] running build_py
[0.621s] running install
[0.621s] running install_lib
[0.622s] running install_data
[0.622s] copying launch/example_event_handlers.launch.py -> /home/luiz/robotica/install/launch_tutorial/share/launch_tutorial/launch
[0.622s] running install_egg_info
[0.623s] removing '/home/luiz/robotica/install/launch_tutorial/lib/python3.10/site-packages/launch_tutorial-0.0.0-py3.10.egg-info' (and everything under it)
[0.623s] Copying ../../build/launch_tutorial/launch_tutorial.egg-info to /home/luiz/robotica/install/launch_tutorial/lib/python3.10/site-packages/launch_tutorial-0.0.0-py3.10.egg-info
[0.624s] running install_scripts
[0.634s] writing list of installed files to '/home/luiz/robotica/build/launch_tutorial/install.log'
[0.645s] Invoked command in '/home/luiz/robotica/src/launch_tutorial' returned '0': PYTHONPATH=/home/luiz/robotica/build/launch_tutorial/prefix_override:/usr/lib/python3/dist-packages/colcon_core/task/python/colcon_distutils_commands:/home/luiz/robotica/install/launch_tutorial/lib/python3.10/site-packages:${PYTHONPATH} /usr/bin/python3 -W ignore:setup.py install is deprecated -W ignore:easy_install command is deprecated setup.py egg_info --egg-base ../../build/launch_tutorial build --build-base /home/luiz/robotica/build/launch_tutorial/build install --record /home/luiz/robotica/build/launch_tutorial/install.log --single-version-externally-managed install_data
