[0.031s] Invoking command in '/home/luiz/robotica/build/cpp_pubsub': CMAKE_PREFIX_PATH=${CMAKE_PREFIX_PATH}:/opt/ros/humble /usr/bin/cmake --build /home/luiz/robotica/build/cpp_pubsub -- -j12 -l12
[0.231s] [100%] Built target talker
[0.232s] [100%] Built target listener
[0.241s] Invoked command in '/home/luiz/robotica/build/cpp_pubsub' returned '0': CMAKE_PREFIX_PATH=${CMAKE_PREFIX_PATH}:/opt/ros/humble /usr/bin/cmake --build /home/luiz/robotica/build/cpp_pubsub -- -j12 -l12
[0.242s] Invoking command in '/home/luiz/robotica/build/cpp_pubsub': CMAKE_PREFIX_PATH=${CMAKE_PREFIX_PATH}:/opt/ros/humble /usr/bin/cmake --install /home/luiz/robotica/build/cpp_pubsub
[0.252s] -- Install configuration: ""
[0.252s] -- Up-to-date: /home/luiz/robotica/install/cpp_pubsub/lib/cpp_pubsub/talker
[0.252s] -- Up-to-date: /home/luiz/robotica/install/cpp_pubsub/lib/cpp_pubsub/listener
[0.252s] -- Up-to-date: /home/luiz/robotica/install/cpp_pubsub/share/ament_index/resource_index/package_run_dependencies/cpp_pubsub
[0.252s] -- Up-to-date: /home/luiz/robotica/install/cpp_pubsub/share/ament_index/resource_index/parent_prefix_path/cpp_pubsub
[0.252s] -- Up-to-date: /home/luiz/robotica/install/cpp_pubsub/share/cpp_pubsub/environment/ament_prefix_path.sh
[0.252s] -- Up-to-date: /home/luiz/robotica/install/cpp_pubsub/share/cpp_pubsub/environment/ament_prefix_path.dsv
[0.252s] -- Up-to-date: /home/luiz/robotica/install/cpp_pubsub/share/cpp_pubsub/environment/path.sh
[0.252s] -- Up-to-date: /home/luiz/robotica/install/cpp_pubsub/share/cpp_pubsub/environment/path.dsv
[0.252s] -- Up-to-date: /home/luiz/robotica/install/cpp_pubsub/share/cpp_pubsub/local_setup.bash
[0.252s] -- Up-to-date: /home/luiz/robotica/install/cpp_pubsub/share/cpp_pubsub/local_setup.sh
[0.253s] -- Up-to-date: /home/luiz/robotica/install/cpp_pubsub/share/cpp_pubsub/local_setup.zsh
[0.253s] -- Up-to-date: /home/luiz/robotica/install/cpp_pubsub/share/cpp_pubsub/local_setup.dsv
[0.253s] -- Installing: /home/luiz/robotica/install/cpp_pubsub/share/cpp_pubsub/package.dsv
[0.253s] -- Up-to-date: /home/luiz/robotica/install/cpp_pubsub/share/ament_index/resource_index/packages/cpp_pubsub
[0.253s] -- Up-to-date: /home/luiz/robotica/install/cpp_pubsub/share/cpp_pubsub/cmake/cpp_pubsubConfig.cmake
[0.253s] -- Up-to-date: /home/luiz/robotica/install/cpp_pubsub/share/cpp_pubsub/cmake/cpp_pubsubConfig-version.cmake
[0.253s] -- Up-to-date: /home/luiz/robotica/install/cpp_pubsub/share/cpp_pubsub/package.xml
[0.277s] Invoked command in '/home/luiz/robotica/build/cpp_pubsub' returned '0': CMAKE_PREFIX_PATH=${CMAKE_PREFIX_PATH}:/opt/ros/humble /usr/bin/cmake --install /home/luiz/robotica/build/cpp_pubsub
